[2026-02-08 12:00:02] Content Analytics starting...
🔥 TRENDING TOPICS — Content Opportunities

Generated: 2026-02-08 12:00

==================================================


1. STAGECAPTIONS.IO
   Score: 0 | Sources: producthunt
   ⚡ Fresh topic - no indexed content yet (opportunity!)

2. VVTERM
   Score: 0 | Sources: producthunt
   ⚡ Fresh topic - no indexed content yet (opportunity!)

3. GRAVITY DMG
   Score: 0 | Sources: producthunt
   ⚡ Fresh topic - no indexed content yet (opportunity!)

4. FELSIUS
   Score: 0 | Sources: producthunt
   ⚡ Fresh topic - no indexed content yet (opportunity!)

5. SKILLKIT
   Score: 0 | Sources: producthunt
   ⚡ Fresh topic - no indexed content yet (opportunity!)

6. NEUROBLOCK
   Score: 0 | Sources: producthunt
   ⚡ Fresh topic - no indexed content yet (opportunity!)

7. LIAM
   Score: 0 | Sources: producthunt
   ⚡ Fresh topic - no indexed content yet (opportunity!)

8. MELINA STUDIO
   Score: 0 | Sources: producthunt
   ⚡ Fresh topic - no indexed content yet (opportunity!)

9. DEVELOPER DOCS AUDIT
   Score: 0 | Sources: producthunt
   ⚡ Fresh topic - no indexed content yet (opportunity!)

10. GITBOARD
   Score: 0 | Sources: producthunt
   ⚡ Fresh topic - no indexed content yet (opportunity!)
[2026-02-08 12:00:02] Done
[2026-02-09 12:00:01] Content Analytics starting...
🔥 TRENDING TOPICS — Content Opportunities

Generated: 2026-02-09 12:00

==================================================


1. INSPIRENOTE
   Score: 0 | Sources: producthunt
   ⚡ Fresh topic - no indexed content yet (opportunity!)

2. GRAVITY DMG
   Score: 0 | Sources: producthunt
   ⚡ Fresh topic - no indexed content yet (opportunity!)

3. NEUROBLOCK
   Score: 0 | Sources: producthunt
   ⚡ Fresh topic - no indexed content yet (opportunity!)

4. QUASH
   Score: 0 | Sources: producthunt
   ⚡ Fresh topic - no indexed content yet (opportunity!)

5. PINME
   Score: 0 | Sources: producthunt
   ⚡ Fresh topic - no indexed content yet (opportunity!)

6. MELINA STUDIO
   Score: 0 | Sources: producthunt
   ⚡ Fresh topic - no indexed content yet (opportunity!)

7. FELSIUS
   Score: 0 | Sources: producthunt
   ⚡ Fresh topic - no indexed content yet (opportunity!)

8. LIAM
   Score: 0 | Sources: producthunt
   ⚡ Fresh topic - no indexed content yet (opportunity!)

9. NATIVELINE
   Score: 0 | Sources: producthunt
   ⚡ Fresh topic - no indexed content yet (opportunity!)

10. SNAP
   Score: 0 | Sources: producthunt
   ⚡ Fresh topic - no indexed content yet (opportunity!)
[2026-02-09 12:00:01] Done
