[2026-02-08 00:00:02] Content intel starting...
[2026-02-08 00:00:02] Fetching Hacker News...
[2026-02-08 00:00:05] Fetching Product Hunt...
[2026-02-08 00:00:05] Fetching Dev.to...
[2026-02-08 00:00:05] Fetching news...
[2026-02-08 00:00:14] Total items: 85
[2026-02-08 00:00:14] Content intel complete
[2026-02-08 04:00:01] Content intel starting...
[2026-02-08 04:00:01] Fetching Hacker News...
[2026-02-08 04:00:04] Fetching Product Hunt...
[2026-02-08 04:00:04] Fetching Dev.to...
[2026-02-08 04:00:04] Fetching news...
[2026-02-08 04:00:13] Total items: 85
[2026-02-08 04:00:13] Content intel complete
[2026-02-08 08:00:02] Content intel starting...
[2026-02-08 08:00:02] Fetching Hacker News...
[2026-02-08 08:00:05] Fetching Product Hunt...
[2026-02-08 08:00:05] Fetching Dev.to...
[2026-02-08 08:00:05] Fetching news...
[2026-02-08 08:00:14] Total items: 85
[2026-02-08 08:00:14] Content intel complete
[2026-02-08 12:00:02] Content intel starting...
[2026-02-08 12:00:02] Fetching Hacker News...
[2026-02-08 12:00:05] Fetching Product Hunt...
[2026-02-08 12:00:05] Fetching Dev.to...
[2026-02-08 12:00:05] Fetching news...
[2026-02-08 12:00:09] Total items: 65
[2026-02-08 12:00:09] Content intel complete
[2026-02-08 16:00:01] Content intel starting...
[2026-02-08 16:00:01] Fetching Hacker News...
[2026-02-08 16:00:04] Fetching Product Hunt...
[2026-02-08 16:00:04] Fetching Dev.to...
[2026-02-08 16:00:05] Fetching news...
[2026-02-08 16:00:13] Total items: 85
[2026-02-08 16:00:13] Content intel complete
[2026-02-08 20:00:01] Content intel starting...
[2026-02-08 20:00:01] Fetching Hacker News...
[2026-02-08 20:00:04] Fetching Product Hunt...
[2026-02-08 20:00:05] Fetching Dev.to...
[2026-02-08 20:00:05] Fetching news...
[2026-02-08 20:00:13] Total items: 85
[2026-02-08 20:00:13] Content intel complete
[2026-02-09 00:00:01] Content intel starting...
[2026-02-09 00:00:01] Fetching Hacker News...
[2026-02-09 00:00:06] Fetching Product Hunt...
[2026-02-09 00:00:06] Fetching Dev.to...
[2026-02-09 00:00:06] Fetching news...
[2026-02-09 00:00:15] Total items: 84
[2026-02-09 00:00:15] Content intel complete
[2026-02-09 04:00:02] Content intel starting...
[2026-02-09 04:00:02] Fetching Hacker News...
[2026-02-09 04:00:05] Fetching Product Hunt...
[2026-02-09 04:00:05] Fetching Dev.to...
[2026-02-09 04:00:06] Fetching news...
[2026-02-09 04:00:14] Total items: 84
[2026-02-09 04:00:14] Content intel complete
[2026-02-09 08:00:02] Content intel starting...
[2026-02-09 08:00:02] Fetching Hacker News...
[2026-02-09 08:00:05] Fetching Product Hunt...
[2026-02-09 08:00:05] Fetching Dev.to...
[2026-02-09 08:00:05] Fetching news...
[2026-02-09 08:00:14] Total items: 84
[2026-02-09 08:00:14] Content intel complete
[2026-02-09 12:00:01] Content intel starting...
[2026-02-09 12:00:01] Fetching Hacker News...
[2026-02-09 12:00:05] Fetching Product Hunt...
[2026-02-09 12:00:05] Fetching Dev.to...
[2026-02-09 12:00:05] Fetching news...
[2026-02-09 12:00:09] Total items: 64
[2026-02-09 12:00:09] Content intel complete
[2026-02-09 16:00:01] Content intel starting...
[2026-02-09 16:00:01] Fetching Hacker News...
[2026-02-09 16:00:06] Fetching Product Hunt...
[2026-02-09 16:00:06] Fetching Dev.to...
[2026-02-09 16:00:06] Fetching news...
[2026-02-09 16:00:14] Total items: 85
[2026-02-09 16:00:15] Content intel complete
[2026-02-10 16:00:01] Content intel starting...
[2026-02-10 16:00:01] Fetching Hacker News...
[2026-02-10 16:00:04] Fetching Product Hunt...
[2026-02-10 16:00:04] Fetching Dev.to...
[2026-02-10 16:00:05] Fetching news...
[2026-02-10 16:00:15] Total items: 85
[2026-02-10 16:00:15] Content intel complete
[2026-02-10 20:00:02] Content intel starting...
[2026-02-10 20:00:02] Fetching Hacker News...
[2026-02-10 20:00:05] Fetching Product Hunt...
[2026-02-10 20:00:06] Fetching Dev.to...
[2026-02-10 20:00:06] Fetching news...
[2026-02-10 20:00:14] Total items: 85
[2026-02-10 20:00:14] Content intel complete
[2026-02-11 00:00:01] Content intel starting...
[2026-02-11 00:00:01] Fetching Hacker News...
[2026-02-11 00:00:05] Fetching Product Hunt...
[2026-02-11 00:00:05] Fetching Dev.to...
[2026-02-11 00:00:06] Fetching news...
[2026-02-11 00:00:14] Total items: 85
[2026-02-11 00:00:14] Content intel complete
[2026-02-11 04:00:01] Content intel starting...
[2026-02-11 04:00:01] Fetching Hacker News...
[2026-02-11 04:00:05] Fetching Product Hunt...
[2026-02-11 04:00:05] Fetching Dev.to...
[2026-02-11 04:00:05] Fetching news...
[2026-02-11 04:00:13] Total items: 85
[2026-02-11 04:00:13] Content intel complete
[2026-02-11 08:00:01] Content intel starting...
[2026-02-11 08:00:01] Fetching Hacker News...
[2026-02-11 08:00:05] Fetching Product Hunt...
[2026-02-11 08:00:05] Fetching Dev.to...
[2026-02-11 08:00:05] Fetching news...
[2026-02-11 08:00:13] Total items: 84
[2026-02-11 08:00:13] Content intel complete
[2026-02-17 20:00:02] Content intel starting...
[2026-02-17 20:00:02] Fetching Hacker News...
[2026-02-17 20:00:05] Fetching Product Hunt...
[2026-02-17 20:00:05] Fetching Dev.to...
[2026-02-17 20:00:05] Fetching news...
[2026-02-17 20:00:09] Total items: 64
[2026-02-17 20:00:09] Content intel complete
[2026-02-18 00:00:01] Content intel starting...
[2026-02-18 00:00:01] Fetching Hacker News...
[2026-02-18 00:00:05] Fetching Product Hunt...
[2026-02-18 00:00:05] Fetching Dev.to...
[2026-02-18 00:00:05] Fetching news...
[2026-02-18 00:00:13] Total items: 84
[2026-02-18 00:00:13] Content intel complete
[2026-02-18 04:00:01] Content intel starting...
[2026-02-18 04:00:01] Fetching Hacker News...
[2026-02-18 04:00:04] Fetching Product Hunt...
[2026-02-18 04:00:04] Fetching Dev.to...
[2026-02-18 04:00:05] Fetching news...
[2026-02-18 04:00:09] Total items: 64
[2026-02-18 04:00:10] Content intel complete
[2026-02-18 08:00:02] Content intel starting...
[2026-02-18 08:00:02] Fetching Hacker News...
[2026-02-18 08:00:05] Fetching Product Hunt...
[2026-02-18 08:00:05] Fetching Dev.to...
[2026-02-18 08:00:05] Fetching news...
[2026-02-18 08:00:14] Total items: 84
[2026-02-18 08:00:14] Content intel complete
[2026-02-18 12:00:02] Content intel starting...
[2026-02-18 12:00:02] Fetching Hacker News...
[2026-02-18 12:00:06] Fetching Product Hunt...
[2026-02-18 12:00:06] Fetching Dev.to...
[2026-02-18 12:00:06] Fetching news...
[2026-02-18 12:00:15] Total items: 84
[2026-02-18 12:00:15] Content intel complete
[2026-02-18 16:00:02] Content intel starting...
[2026-02-18 16:00:02] Fetching Hacker News...
[2026-02-18 16:00:05] Fetching Product Hunt...
[2026-02-18 16:00:05] Fetching Dev.to...
[2026-02-18 16:00:06] Fetching news...
[2026-02-18 16:00:14] Total items: 84
[2026-02-18 16:00:14] Content intel complete
[2026-02-18 20:00:02] Content intel starting...
[2026-02-18 20:00:02] Fetching Hacker News...
[2026-02-18 20:00:05] Fetching Product Hunt...
[2026-02-18 20:00:05] Fetching Dev.to...
[2026-02-18 20:00:05] Fetching news...
[2026-02-18 20:00:14] Total items: 84
[2026-02-18 20:00:14] Content intel complete
[2026-02-19 00:00:01] Content intel starting...
[2026-02-19 00:00:01] Fetching Hacker News...
[2026-02-19 00:00:04] Fetching Product Hunt...
[2026-02-19 00:00:04] Fetching Dev.to...
[2026-02-19 00:00:05] Fetching news...
[2026-02-19 00:00:08] Total items: 64
[2026-02-19 00:00:08] Content intel complete
[2026-02-19 04:00:01] Content intel starting...
[2026-02-19 04:00:01] Fetching Hacker News...
[2026-02-19 04:00:05] Fetching Product Hunt...
[2026-02-19 04:00:05] Fetching Dev.to...
[2026-02-19 04:00:06] Fetching news...
[2026-02-19 04:00:14] Total items: 84
[2026-02-19 04:00:14] Content intel complete
[2026-02-19 08:00:01] Content intel starting...
[2026-02-19 08:00:02] Fetching Hacker News...
[2026-02-19 08:00:04] Fetching Product Hunt...
[2026-02-19 08:00:04] Fetching Dev.to...
[2026-02-19 08:00:05] Fetching news...
[2026-02-19 08:00:13] Total items: 84
[2026-02-19 08:00:13] Content intel complete
[2026-02-19 12:00:02] Content intel starting...
[2026-02-19 12:00:02] Fetching Hacker News...
[2026-02-19 12:00:05] Fetching Product Hunt...
[2026-02-19 12:00:05] Fetching Dev.to...
[2026-02-19 12:00:05] Fetching news...
[2026-02-19 12:00:13] Total items: 84
[2026-02-19 12:00:13] Content intel complete
[2026-02-19 16:00:02] Content intel starting...
[2026-02-19 16:00:02] Fetching Hacker News...
[2026-02-19 16:00:05] Fetching Product Hunt...
[2026-02-19 16:00:05] Fetching Dev.to...
[2026-02-19 16:00:05] Fetching news...
[2026-02-19 16:00:14] Total items: 85
[2026-02-19 16:00:14] Content intel complete
[2026-02-19 20:00:02] Content intel starting...
[2026-02-19 20:00:02] Fetching Hacker News...
[2026-02-19 20:00:05] Fetching Product Hunt...
[2026-02-19 20:00:05] Fetching Dev.to...
[2026-02-19 20:00:05] Fetching news...
[2026-02-19 20:00:14] Total items: 85
[2026-02-19 20:00:14] Content intel complete
[2026-02-20 00:00:02] Content intel starting...
[2026-02-20 00:00:02] Fetching Hacker News...
[2026-02-20 00:00:05] Fetching Product Hunt...
[2026-02-20 00:00:05] Fetching Dev.to...
[2026-02-20 00:00:06] Fetching news...
[2026-02-20 00:00:14] Total items: 85
[2026-02-20 00:00:14] Content intel complete
[2026-02-20 04:00:02] Content intel starting...
[2026-02-20 04:00:02] Fetching Hacker News...
[2026-02-20 04:00:05] Fetching Product Hunt...
[2026-02-20 04:00:05] Fetching Dev.to...
[2026-02-20 04:00:05] Fetching news...
[2026-02-20 04:00:14] Total items: 85
[2026-02-20 04:00:14] Content intel complete
[2026-02-20 08:00:01] Content intel starting...
[2026-02-20 08:00:01] Fetching Hacker News...
[2026-02-20 08:00:05] Fetching Product Hunt...
[2026-02-20 08:00:05] Fetching Dev.to...
[2026-02-20 08:00:05] Fetching news...
[2026-02-20 08:00:13] Total items: 85
[2026-02-20 08:00:13] Content intel complete
[2026-02-20 12:00:01] Content intel starting...
[2026-02-20 12:00:01] Fetching Hacker News...
[2026-02-20 12:00:05] Fetching Product Hunt...
[2026-02-20 12:00:05] Fetching Dev.to...
[2026-02-20 12:00:05] Fetching news...
[2026-02-20 12:00:14] Total items: 85
[2026-02-20 12:00:14] Content intel complete
[2026-02-20 16:00:02] Content intel starting...
[2026-02-20 16:00:02] Fetching Hacker News...
[2026-02-20 16:00:05] Fetching Product Hunt...
[2026-02-20 16:00:05] Fetching Dev.to...
[2026-02-20 16:00:06] Fetching news...
[2026-02-20 16:00:14] Total items: 84
[2026-02-20 16:00:14] Content intel complete
[2026-02-20 20:00:01] Content intel starting...
[2026-02-20 20:00:01] Fetching Hacker News...
[2026-02-20 20:00:05] Fetching Product Hunt...
[2026-02-20 20:00:05] Fetching Dev.to...
[2026-02-20 20:00:05] Fetching news...
[2026-02-20 20:00:14] Total items: 84
[2026-02-20 20:00:14] Content intel complete
[2026-02-21 00:00:02] Content intel starting...
[2026-02-21 00:00:02] Fetching Hacker News...
[2026-02-21 00:00:08] Fetching Product Hunt...
[2026-02-21 00:00:08] Fetching Dev.to...
[2026-02-21 00:00:08] Fetching news...
[2026-02-21 00:00:17] Total items: 84
[2026-02-21 00:00:17] Content intel complete
[2026-02-21 04:00:02] Content intel starting...
[2026-02-21 04:00:02] Fetching Hacker News...
[2026-02-21 04:00:05] Fetching Product Hunt...
[2026-02-21 04:00:05] Fetching Dev.to...
[2026-02-21 04:00:05] Fetching news...
[2026-02-21 04:00:14] Total items: 84
[2026-02-21 04:00:14] Content intel complete
[2026-02-21 08:00:01] Content intel starting...
[2026-02-21 08:00:01] Fetching Hacker News...
[2026-02-21 08:00:05] Fetching Product Hunt...
[2026-02-21 08:00:05] Fetching Dev.to...
[2026-02-21 08:00:05] Fetching news...
[2026-02-21 08:00:14] Total items: 85
[2026-02-21 08:00:14] Content intel complete
[2026-02-21 12:00:01] Content intel starting...
[2026-02-21 12:00:01] Fetching Hacker News...
[2026-02-21 12:00:05] Fetching Product Hunt...
[2026-02-21 12:00:05] Fetching Dev.to...
[2026-02-21 12:00:05] Fetching news...
[2026-02-21 12:00:13] Total items: 85
[2026-02-21 12:00:13] Content intel complete
[2026-02-21 16:00:01] Content intel starting...
[2026-02-21 16:00:01] Fetching Hacker News...
[2026-02-21 16:00:05] Fetching Product Hunt...
[2026-02-21 16:00:05] Fetching Dev.to...
[2026-02-21 16:00:06] Fetching news...
[2026-02-21 16:00:14] Total items: 84
[2026-02-21 16:00:14] Content intel complete
[2026-02-21 20:00:01] Content intel starting...
[2026-02-21 20:00:01] Fetching Hacker News...
[2026-02-21 20:00:04] Fetching Product Hunt...
[2026-02-21 20:00:04] Fetching Dev.to...
[2026-02-21 20:00:04] Fetching news...
[2026-02-21 20:00:13] Total items: 84
[2026-02-21 20:00:13] Content intel complete
[2026-02-22 00:00:01] Content intel starting...
[2026-02-22 00:00:02] Fetching Hacker News...
[2026-02-22 00:00:06] Fetching Product Hunt...
[2026-02-22 00:00:06] Fetching Dev.to...
[2026-02-22 00:00:06] Fetching news...
[2026-02-22 00:00:15] Total items: 84
[2026-02-22 00:00:15] Content intel complete
[2026-02-22 04:00:01] Content intel starting...
[2026-02-22 04:00:01] Fetching Hacker News...
[2026-02-22 04:00:04] Fetching Product Hunt...
[2026-02-22 04:00:04] Fetching Dev.to...
[2026-02-22 04:00:04] Fetching news...
[2026-02-22 04:00:13] Total items: 85
[2026-02-22 04:00:13] Content intel complete
[2026-02-22 08:00:01] Content intel starting...
[2026-02-22 08:00:01] Fetching Hacker News...
[2026-02-22 08:00:04] Fetching Product Hunt...
[2026-02-22 08:00:04] Fetching Dev.to...
[2026-02-22 08:00:04] Fetching news...
[2026-02-22 08:00:07] Total items: 65
[2026-02-22 08:00:07] Content intel complete
[2026-02-22 12:00:02] Content intel starting...
[2026-02-22 12:00:02] Fetching Hacker News...
[2026-02-22 12:00:05] Fetching Product Hunt...
[2026-02-22 12:00:05] Fetching Dev.to...
[2026-02-22 12:00:05] Fetching news...
[2026-02-22 12:00:14] Total items: 85
[2026-02-22 12:00:14] Content intel complete
[2026-02-22 16:00:02] Content intel starting...
[2026-02-22 16:00:02] Fetching Hacker News...
[2026-02-22 16:00:05] Fetching Product Hunt...
[2026-02-22 16:00:05] Fetching Dev.to...
[2026-02-22 16:00:05] Fetching news...
[2026-02-22 16:00:13] Total items: 85
[2026-02-22 16:00:13] Content intel complete
[2026-02-22 20:00:01] Content intel starting...
[2026-02-22 20:00:01] Fetching Hacker News...
[2026-02-22 20:00:05] Fetching Product Hunt...
[2026-02-22 20:00:05] Fetching Dev.to...
[2026-02-22 20:00:05] Fetching news...
[2026-02-22 20:00:14] Total items: 85
[2026-02-22 20:00:14] Content intel complete
[2026-02-23 00:00:02] Content intel starting...
[2026-02-23 00:00:02] Fetching Hacker News...
[2026-02-23 00:00:05] Fetching Product Hunt...
[2026-02-23 00:00:05] Fetching Dev.to...
[2026-02-23 00:00:05] Fetching news...
[2026-02-23 00:00:14] Total items: 85
[2026-02-23 00:00:14] Content intel complete
[2026-02-23 04:00:02] Content intel starting...
[2026-02-23 04:00:02] Fetching Hacker News...
[2026-02-23 04:00:05] Fetching Product Hunt...
[2026-02-23 04:00:05] Fetching Dev.to...
[2026-02-23 04:00:05] Fetching news...
[2026-02-23 04:00:14] Total items: 85
[2026-02-23 04:00:14] Content intel complete
[2026-02-23 08:00:02] Content intel starting...
[2026-02-23 08:00:02] Fetching Hacker News...
[2026-02-23 08:00:05] Fetching Product Hunt...
[2026-02-23 08:00:05] Fetching Dev.to...
[2026-02-23 08:00:05] Fetching news...
[2026-02-23 08:00:14] Total items: 84
[2026-02-23 08:00:14] Content intel complete
[2026-02-23 12:00:02] Content intel starting...
[2026-02-23 12:00:02] Fetching Hacker News...
[2026-02-23 12:00:05] Fetching Product Hunt...
[2026-02-23 12:00:05] Fetching Dev.to...
[2026-02-23 12:00:05] Fetching news...
[2026-02-23 12:00:14] Total items: 84
[2026-02-23 12:00:14] Content intel complete
[2026-02-23 16:00:01] Content intel starting...
[2026-02-23 16:00:01] Fetching Hacker News...
[2026-02-23 16:00:04] Fetching Product Hunt...
[2026-02-23 16:00:04] Fetching Dev.to...
[2026-02-23 16:00:05] Fetching news...
[2026-02-23 16:00:13] Total items: 84
[2026-02-23 16:00:13] Content intel complete
[2026-02-23 20:00:01] Content intel starting...
[2026-02-23 20:00:01] Fetching Hacker News...
[2026-02-23 20:00:06] Fetching Product Hunt...
[2026-02-23 20:00:06] Fetching Dev.to...
[2026-02-23 20:00:07] Fetching news...
[2026-02-23 20:00:15] Total items: 84
[2026-02-23 20:00:15] Content intel complete
[2026-02-24 00:00:02] Content intel starting...
[2026-02-24 00:00:02] Fetching Hacker News...
[2026-02-24 00:00:05] Fetching Product Hunt...
[2026-02-24 00:00:05] Fetching Dev.to...
[2026-02-24 00:00:05] Fetching news...
[2026-02-24 00:00:14] Total items: 84
[2026-02-24 00:00:14] Content intel complete
[2026-02-24 04:00:01] Content intel starting...
[2026-02-24 04:00:01] Fetching Hacker News...
[2026-02-24 04:00:04] Fetching Product Hunt...
[2026-02-24 04:00:04] Fetching Dev.to...
[2026-02-24 04:00:04] Fetching news...
[2026-02-24 04:00:13] Total items: 84
[2026-02-24 04:00:13] Content intel complete
[2026-02-24 08:00:02] Content intel starting...
[2026-02-24 08:00:02] Fetching Hacker News...
[2026-02-24 08:00:05] Fetching Product Hunt...
[2026-02-24 08:00:05] Fetching Dev.to...
[2026-02-24 08:00:05] Fetching news...
[2026-02-24 08:00:13] Total items: 84
[2026-02-24 08:00:13] Content intel complete
[2026-02-24 12:00:01] Content intel starting...
[2026-02-24 12:00:01] Fetching Hacker News...
[2026-02-24 12:00:04] Fetching Product Hunt...
[2026-02-24 12:00:04] Fetching Dev.to...
[2026-02-24 12:00:04] Fetching news...
[2026-02-24 12:00:08] Total items: 64
[2026-02-24 12:00:08] Content intel complete
[2026-02-24 16:00:01] Content intel starting...
[2026-02-24 16:00:01] Fetching Hacker News...
[2026-02-24 16:00:04] Fetching Product Hunt...
[2026-02-24 16:00:04] Fetching Dev.to...
[2026-02-24 16:00:05] Fetching news...
[2026-02-24 16:00:13] Total items: 85
[2026-02-24 16:00:13] Content intel complete
[2026-02-24 20:00:02] Content intel starting...
[2026-02-24 20:00:02] Fetching Hacker News...
[2026-02-24 20:00:05] Fetching Product Hunt...
[2026-02-24 20:00:05] Fetching Dev.to...
[2026-02-24 20:00:05] Fetching news...
[2026-02-24 20:00:14] Total items: 84
[2026-02-24 20:00:14] Content intel complete
[2026-02-25 00:00:01] Content intel starting...
[2026-02-25 00:00:01] Fetching Hacker News...
[2026-02-25 00:00:04] Fetching Product Hunt...
[2026-02-25 00:00:05] Fetching Dev.to...
[2026-02-25 00:00:05] Fetching news...
[2026-02-25 00:00:08] Total items: 64
[2026-02-25 00:00:08] Content intel complete
[2026-02-25 04:05:01] Content intel starting...
[2026-02-25 04:05:01] Fetching Hacker News...
[2026-02-25 04:05:04] Fetching Product Hunt...
[2026-02-25 04:05:04] Fetching Dev.to...
[2026-02-25 04:05:06] Fetching news...
[2026-02-25 04:05:10] Total items: 64
[2026-02-25 04:05:10] Content intel complete
[2026-02-25 08:05:01] Content intel starting...
[2026-02-25 08:05:01] Fetching Hacker News...
[2026-02-25 08:05:04] Fetching Product Hunt...
[2026-02-25 08:05:04] Fetching Dev.to...
[2026-02-25 08:05:05] Fetching news...
[2026-02-25 08:05:13] Total items: 69
[2026-02-25 08:05:13] Content intel complete
[2026-02-25 12:05:01] Content intel starting...
[2026-02-25 12:05:01] Fetching Hacker News...
[2026-02-25 12:05:05] Fetching Product Hunt...
[2026-02-25 12:05:05] Fetching Dev.to...
[2026-02-25 12:05:05] Fetching news...
[2026-02-25 12:05:15] Total items: 84
[2026-02-25 12:05:15] Content intel complete
[2026-02-25 16:05:01] Content intel starting...
[2026-02-25 16:05:01] Fetching Hacker News...
[2026-02-25 16:05:04] Fetching Product Hunt...
[2026-02-25 16:05:04] Fetching Dev.to...
[2026-02-25 16:05:05] Fetching news...
[2026-02-25 16:05:13] Total items: 84
[2026-02-25 16:05:13] Content intel complete
[2026-02-25 20:05:01] Content intel starting...
[2026-02-25 20:05:01] Fetching Hacker News...
[2026-02-25 20:05:10] Fetching Product Hunt...
[2026-02-25 20:05:10] Fetching Dev.to...
[2026-02-25 20:05:10] Fetching news...
[2026-02-25 20:05:20] Total items: 83
[2026-02-25 20:05:20] Content intel complete
[2026-02-26 00:05:01] Content intel starting...
[2026-02-26 00:05:01] Fetching Hacker News...
[2026-02-26 00:05:05] Fetching Product Hunt...
[2026-02-26 00:05:05] Fetching Dev.to...
[2026-02-26 00:05:06] Fetching news...
[2026-02-26 00:05:10] Total items: 64
[2026-02-26 00:05:10] Content intel complete
[2026-02-26 04:05:02] Content intel starting...
[2026-02-26 04:05:02] Fetching Hacker News...
[2026-02-26 04:05:07] Fetching Product Hunt...
[2026-02-26 04:05:07] Fetching Dev.to...
[2026-02-26 04:05:07] Fetching news...
[2026-02-26 04:05:17] Total items: 84
[2026-02-26 04:05:17] Content intel complete
[2026-02-26 08:05:01] Content intel starting...
[2026-02-26 08:05:01] Fetching Hacker News...
[2026-02-26 08:05:06] Fetching Product Hunt...
[2026-02-26 08:05:06] Fetching Dev.to...
[2026-02-26 08:05:07] Fetching news...
[2026-02-26 08:05:17] Total items: 85
[2026-02-26 08:05:17] Content intel complete
[2026-02-26 12:05:01] Content intel starting...
[2026-02-26 12:05:01] Fetching Hacker News...
[2026-02-26 12:05:06] Fetching Product Hunt...
[2026-02-26 12:05:06] Fetching Dev.to...
[2026-02-26 12:05:06] Fetching news...
[2026-02-26 12:05:18] Total items: 85
[2026-02-26 12:05:18] Content intel complete
[2026-02-26 16:05:02] Content intel starting...
[2026-02-26 16:05:02] Fetching Hacker News...
[2026-02-26 16:05:06] Fetching Product Hunt...
[2026-02-26 16:05:06] Fetching Dev.to...
[2026-02-26 16:05:06] Fetching news...
[2026-02-26 16:05:11] Total items: 64
[2026-02-26 16:05:11] Content intel complete
[2026-02-26 20:05:01] Content intel starting...
[2026-02-26 20:05:01] Fetching Hacker News...
[2026-02-26 20:05:06] Fetching Product Hunt...
[2026-02-26 20:05:06] Fetching Dev.to...
[2026-02-26 20:05:08] Fetching news...
[2026-02-26 20:05:19] Total items: 85
[2026-02-26 20:05:19] Content intel complete
[2026-02-27 00:05:02] Content intel starting...
[2026-02-27 00:05:02] Fetching Hacker News...
[2026-02-27 00:05:06] Fetching Product Hunt...
[2026-02-27 00:05:07] Fetching Dev.to...
[2026-02-27 00:05:07] Fetching news...
[2026-02-27 00:05:18] Total items: 85
[2026-02-27 00:05:18] Content intel complete
[2026-02-27 04:05:01] Content intel starting...
[2026-02-27 04:05:01] Fetching Hacker News...
[2026-02-27 04:05:06] Fetching Product Hunt...
[2026-02-27 04:05:06] Fetching Dev.to...
[2026-02-27 04:05:06] Fetching news...
[2026-02-27 04:05:18] Total items: 85
[2026-02-27 04:05:18] Content intel complete
[2026-02-27 08:05:01] Content intel starting...
[2026-02-27 08:05:01] Fetching Hacker News...
[2026-02-27 08:05:05] Fetching Product Hunt...
[2026-02-27 08:05:05] Fetching Dev.to...
[2026-02-27 08:05:05] Fetching news...
[2026-02-27 08:05:17] Total items: 85
[2026-02-27 08:05:17] Content intel complete
[2026-02-27 12:05:01] Content intel starting...
[2026-02-27 12:05:01] Fetching Hacker News...
[2026-02-27 12:05:05] Fetching Product Hunt...
[2026-02-27 12:05:06] Fetching Dev.to...
[2026-02-27 12:05:06] Fetching news...
[2026-02-27 12:05:17] Total items: 85
[2026-02-27 12:05:17] Content intel complete
[2026-02-27 16:05:01] Content intel starting...
[2026-02-27 16:05:01] Fetching Hacker News...
[2026-02-27 16:05:07] Fetching Product Hunt...
[2026-02-27 16:05:07] Fetching Dev.to...
[2026-02-27 16:05:07] Fetching news...
[2026-02-27 16:05:19] Total items: 85
[2026-02-27 16:05:19] Content intel complete
[2026-02-27 20:05:01] Content intel starting...
[2026-02-27 20:05:01] Fetching Hacker News...
[2026-02-27 20:05:06] Fetching Product Hunt...
[2026-02-27 20:05:06] Fetching Dev.to...
[2026-02-27 20:05:06] Fetching news...
[2026-02-27 20:05:17] Total items: 85
[2026-02-27 20:05:17] Content intel complete
[2026-02-28 00:05:02] Content intel starting...
[2026-02-28 00:05:02] Fetching Hacker News...
[2026-02-28 00:05:06] Fetching Product Hunt...
[2026-02-28 00:05:07] Fetching Dev.to...
[2026-02-28 00:05:07] Fetching news...
[2026-02-28 00:05:18] Total items: 85
[2026-02-28 00:05:18] Content intel complete
[2026-02-28 04:05:01] Content intel starting...
[2026-02-28 04:05:01] Fetching Hacker News...
[2026-02-28 04:05:05] Fetching Product Hunt...
[2026-02-28 04:05:06] Fetching Dev.to...
[2026-02-28 04:05:06] Fetching news...
[2026-02-28 04:05:17] Total items: 85
[2026-02-28 04:05:17] Content intel complete
[2026-02-28 08:05:01] Content intel starting...
[2026-02-28 08:05:01] Fetching Hacker News...
[2026-02-28 08:05:06] Fetching Product Hunt...
[2026-02-28 08:05:06] Fetching Dev.to...
[2026-02-28 08:05:06] Fetching news...
[2026-02-28 08:05:17] Total items: 86
[2026-02-28 08:05:17] Content intel complete
[2026-02-28 12:05:02] Content intel starting...
[2026-02-28 12:05:02] Fetching Hacker News...
[2026-02-28 12:05:06] Fetching Product Hunt...
[2026-02-28 12:05:06] Fetching Dev.to...
[2026-02-28 12:05:06] Fetching news...
[2026-02-28 12:05:18] Total items: 86
[2026-02-28 12:05:18] Content intel complete
[2026-02-28 16:05:01] Content intel starting...
[2026-02-28 16:05:01] Fetching Hacker News...
[2026-02-28 16:05:06] Fetching Product Hunt...
[2026-02-28 16:05:06] Fetching Dev.to...
[2026-02-28 16:05:06] Fetching news...
[2026-02-28 16:05:18] Total items: 86
[2026-02-28 16:05:18] Content intel complete
[2026-02-28 20:05:01] Content intel starting...
[2026-02-28 20:05:01] Fetching Hacker News...
[2026-02-28 20:05:06] Fetching Product Hunt...
[2026-02-28 20:05:07] Fetching Dev.to...
[2026-02-28 20:05:07] Fetching news...
[2026-02-28 20:05:18] Total items: 86
[2026-02-28 20:05:18] Content intel complete
[2026-03-01 00:05:01] Content intel starting...
[2026-03-01 00:05:01] Fetching Hacker News...
[2026-03-01 00:05:07] Fetching Product Hunt...
[2026-03-01 00:05:07] Fetching Dev.to...
[2026-03-01 00:05:07] Fetching news...
[2026-03-01 00:05:18] Total items: 85
[2026-03-01 00:05:18] Content intel complete
[2026-03-01 04:05:01] Content intel starting...
[2026-03-01 04:05:01] Fetching Hacker News...
[2026-03-01 04:05:06] Fetching Product Hunt...
[2026-03-01 04:05:07] Fetching Dev.to...
[2026-03-01 04:05:07] Fetching news...
[2026-03-01 04:05:17] Total items: 85
[2026-03-01 04:05:17] Content intel complete
[2026-03-01 08:05:01] Content intel starting...
[2026-03-01 08:05:01] Fetching Hacker News...
[2026-03-01 08:05:06] Fetching Product Hunt...
[2026-03-01 08:05:06] Fetching Dev.to...
[2026-03-01 08:05:06] Fetching news...
[2026-03-01 08:05:17] Total items: 85
[2026-03-01 08:05:17] Content intel complete
[2026-03-01 12:05:02] Content intel starting...
[2026-03-01 12:05:02] Fetching Hacker News...
[2026-03-01 12:05:06] Fetching Product Hunt...
[2026-03-01 12:05:06] Fetching Dev.to...
[2026-03-01 12:05:06] Fetching news...
[2026-03-01 12:05:17] Total items: 85
[2026-03-01 12:05:17] Content intel complete
[2026-03-01 16:05:01] Content intel starting...
[2026-03-01 16:05:01] Fetching Hacker News...
[2026-03-01 16:05:06] Fetching Product Hunt...
[2026-03-01 16:05:06] Fetching Dev.to...
[2026-03-01 16:05:06] Fetching news...
[2026-03-01 16:05:17] Total items: 85
[2026-03-01 16:05:17] Content intel complete
[2026-03-01 20:05:01] Content intel starting...
[2026-03-01 20:05:01] Fetching Hacker News...
[2026-03-01 20:05:06] Fetching Product Hunt...
[2026-03-01 20:05:06] Fetching Dev.to...
[2026-03-01 20:05:07] Fetching news...
[2026-03-01 20:05:17] Total items: 85
[2026-03-01 20:05:17] Content intel complete
[2026-03-02 00:05:01] Content intel starting...
[2026-03-02 00:05:01] Fetching Hacker News...
[2026-03-02 00:05:06] Fetching Product Hunt...
[2026-03-02 00:05:06] Fetching Dev.to...
[2026-03-02 00:05:06] Fetching news...
[2026-03-02 00:05:16] Total items: 85
[2026-03-02 00:05:16] Content intel complete
[2026-03-02 04:05:01] Content intel starting...
[2026-03-02 04:05:01] Fetching Hacker News...
[2026-03-02 04:05:06] Fetching Product Hunt...
[2026-03-02 04:05:06] Fetching Dev.to...
[2026-03-02 04:05:06] Fetching news...
[2026-03-02 04:05:17] Total items: 85
[2026-03-02 04:05:17] Content intel complete
[2026-03-02 08:05:01] Content intel starting...
[2026-03-02 08:05:01] Fetching Hacker News...
[2026-03-02 08:05:06] Fetching Product Hunt...
[2026-03-02 08:05:06] Fetching Dev.to...
[2026-03-02 08:05:06] Fetching news...
[2026-03-02 08:05:17] Total items: 85
[2026-03-02 08:05:17] Content intel complete
[2026-03-02 12:05:02] Content intel starting...
[2026-03-02 12:05:02] Fetching Hacker News...
[2026-03-02 12:05:06] Fetching Product Hunt...
[2026-03-02 12:05:07] Fetching Dev.to...
[2026-03-02 12:05:07] Fetching news...
[2026-03-02 12:05:11] Total items: 65
[2026-03-02 12:05:11] Content intel complete
[2026-03-02 16:05:01] Content intel starting...
[2026-03-02 16:05:01] Fetching Hacker News...
[2026-03-02 16:05:06] Fetching Product Hunt...
[2026-03-02 16:05:06] Fetching Dev.to...
[2026-03-02 16:05:06] Fetching news...
[2026-03-02 16:05:16] Total items: 85
[2026-03-02 16:05:16] Content intel complete
[2026-03-02 20:05:01] Content intel starting...
[2026-03-02 20:05:01] Fetching Hacker News...
[2026-03-02 20:05:07] Fetching Product Hunt...
[2026-03-02 20:05:07] Fetching Dev.to...
[2026-03-02 20:05:07] Fetching news...
[2026-03-02 20:05:12] Total items: 64
[2026-03-02 20:05:12] Content intel complete
[2026-03-03 00:05:01] Content intel starting...
[2026-03-03 00:05:01] Fetching Hacker News...
[2026-03-03 00:05:06] Fetching Product Hunt...
[2026-03-03 00:05:06] Fetching Dev.to...
[2026-03-03 00:05:07] Fetching news...
[2026-03-03 00:05:11] Total items: 64
[2026-03-03 00:05:11] Content intel complete
[2026-03-03 04:05:01] Content intel starting...
[2026-03-03 04:05:01] Fetching Hacker News...
[2026-03-03 04:05:05] Fetching Product Hunt...
[2026-03-03 04:05:06] Fetching Dev.to...
[2026-03-03 04:05:06] Fetching news...
[2026-03-03 04:05:16] Total items: 84
[2026-03-03 04:05:16] Content intel complete
[2026-03-03 08:05:01] Content intel starting...
[2026-03-03 08:05:01] Fetching Hacker News...
[2026-03-03 08:05:06] Fetching Product Hunt...
[2026-03-03 08:05:06] Fetching Dev.to...
[2026-03-03 08:05:06] Fetching news...
[2026-03-03 08:05:17] Total items: 85
[2026-03-03 08:05:17] Content intel complete
[2026-03-03 12:05:02] Content intel starting...
[2026-03-03 12:05:02] Fetching Hacker News...
[2026-03-03 12:05:06] Fetching Product Hunt...
[2026-03-03 12:05:06] Fetching Dev.to...
[2026-03-03 12:05:06] Fetching news...
[2026-03-03 12:05:17] Total items: 85
[2026-03-03 12:05:17] Content intel complete
[2026-03-03 16:05:01] Content intel starting...
[2026-03-03 16:05:01] Fetching Hacker News...
[2026-03-03 16:05:06] Fetching Product Hunt...
[2026-03-03 16:05:06] Fetching Dev.to...
[2026-03-03 16:05:06] Fetching news...
[2026-03-03 16:05:16] Total items: 85
[2026-03-03 16:05:16] Content intel complete
[2026-03-03 20:05:01] Content intel starting...
[2026-03-03 20:05:01] Fetching Hacker News...
[2026-03-03 20:05:06] Fetching Product Hunt...
[2026-03-03 20:05:06] Fetching Dev.to...
[2026-03-03 20:05:06] Fetching news...
[2026-03-03 20:05:16] Total items: 85
[2026-03-03 20:05:16] Content intel complete
[2026-03-04 00:05:01] Content intel starting...
[2026-03-04 00:05:01] Fetching Hacker News...
[2026-03-04 00:05:06] Fetching Product Hunt...
[2026-03-04 00:05:06] Fetching Dev.to...
[2026-03-04 00:05:06] Fetching news...
[2026-03-04 00:05:16] Total items: 85
[2026-03-04 00:05:16] Content intel complete
[2026-03-04 04:05:01] Content intel starting...
[2026-03-04 04:05:01] Fetching Hacker News...
[2026-03-04 04:05:05] Fetching Product Hunt...
[2026-03-04 04:05:06] Fetching Dev.to...
[2026-03-04 04:05:06] Fetching news...
[2026-03-04 04:05:16] Total items: 85
[2026-03-04 04:05:16] Content intel complete
[2026-03-04 08:05:01] Content intel starting...
[2026-03-04 08:05:01] Fetching Hacker News...
[2026-03-04 08:05:06] Fetching Product Hunt...
[2026-03-04 08:05:06] Fetching Dev.to...
[2026-03-04 08:05:06] Fetching news...
[2026-03-04 08:05:16] Total items: 85
[2026-03-04 08:05:16] Content intel complete
[2026-03-04 12:05:01] Content intel starting...
[2026-03-04 12:05:01] Fetching Hacker News...
[2026-03-04 12:05:06] Fetching Product Hunt...
[2026-03-04 12:05:06] Fetching Dev.to...
[2026-03-04 12:05:06] Fetching news...
[2026-03-04 12:05:17] Total items: 84
[2026-03-04 12:05:17] Content intel complete
[2026-03-04 16:05:01] Content intel starting...
[2026-03-04 16:05:01] Fetching Hacker News...
[2026-03-04 16:05:05] Fetching Product Hunt...
[2026-03-04 16:05:06] Fetching Dev.to...
[2026-03-04 16:05:06] Fetching news...
[2026-03-04 16:05:10] Total items: 64
[2026-03-04 16:05:10] Content intel complete
[2026-03-04 20:05:01] Content intel starting...
[2026-03-04 20:05:01] Fetching Hacker News...
[2026-03-04 20:05:06] Fetching Product Hunt...
[2026-03-04 20:05:06] Fetching Dev.to...
[2026-03-04 20:05:06] Fetching news...
[2026-03-04 20:05:16] Total items: 84
[2026-03-04 20:05:16] Content intel complete
[2026-03-05 00:05:02] Content intel starting...
[2026-03-05 00:05:02] Fetching Hacker News...
[2026-03-05 00:05:06] Fetching Product Hunt...
[2026-03-05 00:05:06] Fetching Dev.to...
[2026-03-05 00:05:07] Fetching news...
[2026-03-05 00:05:17] Total items: 84
[2026-03-05 00:05:17] Content intel complete
