[2026-02-04 18:24:16] Checking all cookies...
[2026-02-04 18:24:16] xbenjamminx: ✗ EXPIRED
[2026-02-04 18:24:17] cortanaops: ✗ EXPIRED
[2026-02-04 18:24:46] Checking all cookies...
[2026-02-04 18:24:47] xbenjamminx: ✓ VALID
[2026-02-04 18:24:47] cortanaops: ✓ VALID
[2026-02-05 11:00:02] Cron check: validating cookies...
[2026-02-05 11:00:02] xbenjamminx: ✓ VALID
[2026-02-05 11:00:02] cortanaops: ✓ VALID
[2026-02-05 11:00:02] All cookies valid, no alert needed
[2026-02-06 11:00:01] Cron check: validating cookies...
[2026-02-06 11:00:02] xbenjamminx: ✓ VALID
[2026-02-06 11:00:02] cortanaops: ✓ VALID
[2026-02-06 11:00:02] All cookies valid, no alert needed
[2026-02-07 11:00:02] Cron check: validating cookies...
[2026-02-07 11:00:02] xbenjamminx: ✓ VALID
[2026-02-07 11:00:03] cortanaops: ✓ VALID
[2026-02-07 11:00:03] All cookies valid, no alert needed
[2026-02-08 11:00:01] Cron check: validating cookies...
[2026-02-08 11:00:01] xbenjamminx: ✓ VALID
[2026-02-08 11:00:02] cortanaops: ✓ VALID
[2026-02-08 11:00:02] All cookies valid, no alert needed
[2026-02-09 11:00:01] Cron check: validating cookies...
[2026-02-09 11:00:02] xbenjamminx: ✓ VALID
[2026-02-09 11:00:03] cortanaops: ✓ VALID
[2026-02-09 11:00:03] All cookies valid, no alert needed
