[2026-02-04 04:00:50] Dev.to / Hashnode monitor starting...
[2026-02-04 04:00:50] Dev.to: Found 20 articles
[2026-02-04 04:00:51] Total: 32 articles
[2026-02-04 04:00:51] Saved 32 new articles
[2026-02-04 04:00:51] Summary generated
[2026-02-04 04:00:51] Done
[2026-02-04 04:03:12] Dev.to / Hashnode monitor starting...
[2026-02-04 04:03:12] Dev.to: Found 20 articles
[2026-02-04 04:03:13] Total: 32 articles
[2026-02-04 04:03:13] Saved 0 new articles
[2026-02-04 04:03:13] Summary generated
[2026-02-04 04:03:13] Done
[2026-02-04 13:27:51] Dev.to / Hashnode monitor starting...
[2026-02-04 13:27:51] Dev.to: Found 20 articles
[2026-02-04 13:27:52] Total: 32 articles
[2026-02-04 13:27:52] Saved 7 new articles
[2026-02-04 13:27:52] Summary generated
[2026-02-04 13:27:52] Done
[2026-02-04 13:28:58] Dev.to / Hashnode monitor starting...
[2026-02-04 13:28:58] Dev.to: Found 20 articles
[2026-02-04 13:28:59] Total: 32 articles
[2026-02-04 13:28:59] Saved 0 new articles
[2026-02-04 13:28:59] Summary generated
[2026-02-04 13:28:59] Done
[2026-02-04 13:51:09] Dev.to / Hashnode monitor starting...
[2026-02-04 13:51:09] Dev.to: Found 20 articles
[2026-02-04 13:51:10] Total: 32 articles
[2026-02-04 13:51:10] Saved 0 new articles
[2026-02-04 13:51:10] Summary generated
[2026-02-04 13:51:10] Done
[2026-02-04 13:59:28] Dev.to / Hashnode monitor starting...
[2026-02-04 13:59:28] Dev.to: Found 20 articles
[2026-02-04 13:59:29] Total: 32 articles
[2026-02-04 13:59:29] Saved 0 new articles
[2026-02-04 13:59:29] Summary generated
[2026-02-04 13:59:29] Done
[2026-02-04 14:28:12] Dev.to / Hashnode monitor starting...
[2026-02-04 14:28:12] Dev.to: Found 20 articles
[2026-02-04 14:28:13] Total: 32 articles
[2026-02-04 14:28:13] Saved 1 new articles
[2026-02-04 14:28:13] Summary generated
[2026-02-04 14:28:13] Done
[2026-02-04 15:30:41] Dev.to / Hashnode monitor starting...
[2026-02-04 15:30:41] Dev.to: Found 20 articles
[2026-02-04 15:30:42] Total: 32 articles
[2026-02-04 15:30:42] Saved 2 new articles
[2026-02-04 15:30:42] Summary generated
[2026-02-04 15:30:42] Done
[2026-02-04 15:41:50] Dev.to / Hashnode monitor starting...
[2026-02-04 15:41:50] Dev.to: Found 20 articles
[2026-02-04 15:41:51] Total: 32 articles
[2026-02-04 15:41:51] Saved 0 new articles
[2026-02-04 15:41:51] Summary generated
[2026-02-04 15:41:51] Done
[2026-02-04 15:42:39] Dev.to / Hashnode monitor starting...
[2026-02-04 15:42:39] Dev.to: Found 20 articles
[2026-02-04 15:42:39] Total: 32 articles
[2026-02-04 15:42:39] Saved 0 new articles
[2026-02-04 15:42:39] Summary generated
[2026-02-04 15:42:39] Done
[2026-02-04 15:46:36] Dev.to / Hashnode monitor starting...
[2026-02-04 15:46:36] Dev.to: Found 20 articles
[2026-02-04 15:46:37] Total: 32 articles
[2026-02-04 15:46:37] Saved 1 new articles
[2026-02-04 15:46:38] Summary generated
[2026-02-04 15:46:38] Done
[2026-02-04 15:48:54] Dev.to / Hashnode monitor starting...
[2026-02-04 15:48:54] Dev.to: Found 20 articles
[2026-02-04 15:48:55] Total: 32 articles
[2026-02-04 15:48:55] Saved 0 new articles
[2026-02-04 15:48:55] Summary generated
[2026-02-04 15:48:55] Done
[2026-02-04 15:50:00] Dev.to / Hashnode monitor starting...
[2026-02-04 15:50:01] Dev.to: Found 20 articles
[2026-02-04 15:50:02] Total: 32 articles
[2026-02-04 15:50:02] Saved 0 new articles
[2026-02-04 15:50:02] Summary generated
[2026-02-04 15:50:02] Done
[2026-02-04 15:54:04] Dev.to / Hashnode monitor starting...
[2026-02-04 15:54:05] Dev.to: Found 20 articles
[2026-02-04 15:54:05] Total: 32 articles
[2026-02-04 15:54:05] Saved 0 new articles
[2026-02-04 15:54:05] Summary generated
[2026-02-04 15:54:05] Done
[2026-02-04 16:30:32] Dev.to / Hashnode monitor starting...
[2026-02-04 16:30:32] Dev.to: Found 20 articles
[2026-02-04 16:30:33] Total: 32 articles
[2026-02-04 16:30:33] Saved 3 new articles
[2026-02-04 16:30:33] Summary generated
[2026-02-04 16:30:33] Done
[2026-02-04 16:33:51] Dev.to / Hashnode monitor starting...
[2026-02-04 16:33:51] Dev.to: Found 20 articles
[2026-02-04 16:33:53] Total: 32 articles
[2026-02-04 16:33:53] Saved 0 new articles
[2026-02-04 16:33:53] Summary generated
[2026-02-04 16:33:53] Done
[2026-02-04 16:49:44] Dev.to / Hashnode monitor starting...
[2026-02-04 16:49:44] Dev.to: Found 20 articles
[2026-02-04 16:49:45] Total: 32 articles
[2026-02-04 16:49:45] Saved 0 new articles
[2026-02-04 16:49:45] Summary generated
[2026-02-04 16:49:45] Done
[2026-02-05 13:02:24] Dev.to / Hashnode monitor starting...
[2026-02-05 13:02:24] Dev.to: Found 20 articles
[2026-02-05 13:02:25] Total: 32 articles
[2026-02-05 13:02:25] Saved 8 new articles
[2026-02-05 13:02:25] Summary generated
[2026-02-05 13:02:25] Done
[2026-02-05 13:32:46] Dev.to / Hashnode monitor starting...
[2026-02-05 13:32:46] Dev.to: Found 20 articles
[2026-02-05 13:32:46] Total: 32 articles
[2026-02-05 13:32:46] Saved 0 new articles
[2026-02-05 13:32:46] Summary generated
[2026-02-05 13:32:46] Done
[2026-02-06 13:02:34] Dev.to / Hashnode monitor starting...
[2026-02-06 13:02:34] Dev.to: Found 20 articles
[2026-02-06 13:02:35] Total: 34 articles
[2026-02-06 13:02:35] Saved 18 new articles
[2026-02-06 13:02:35] Summary generated
[2026-02-06 13:02:35] Done
[2026-02-07 13:03:31] Dev.to / Hashnode monitor starting...
[2026-02-07 13:03:31] Dev.to: Found 20 articles
[2026-02-07 13:03:32] Total: 34 articles
[2026-02-07 13:03:32] Saved 12 new articles
[2026-02-07 13:03:32] Summary generated
[2026-02-07 13:03:32] Done
[2026-02-08 13:03:18] Dev.to / Hashnode monitor starting...
[2026-02-08 13:03:18] Dev.to: Found 20 articles
[2026-02-08 13:03:19] Total: 31 articles
[2026-02-08 13:03:19] Saved 12 new articles
[2026-02-08 13:03:19] Summary generated
[2026-02-08 13:03:19] Done
[2026-02-08 13:13:05] Dev.to / Hashnode monitor starting...
[2026-02-08 13:13:05] Dev.to: Found 20 articles
[2026-02-08 13:13:06] Total: 31 articles
[2026-02-08 13:13:06] Saved 0 new articles
[2026-02-08 13:13:06] Summary generated
[2026-02-08 13:13:06] Done
[2026-02-08 13:34:36] Dev.to / Hashnode monitor starting...
[2026-02-08 13:34:36] Dev.to: Found 20 articles
[2026-02-08 13:34:37] Total: 31 articles
[2026-02-08 13:34:37] Saved 0 new articles
[2026-02-08 13:34:37] Summary generated
[2026-02-08 13:34:37] Done
[2026-02-08 14:30:53] Dev.to / Hashnode monitor starting...
[2026-02-08 14:30:53] Dev.to: Found 20 articles
[2026-02-08 14:30:54] Total: 31 articles
[2026-02-08 14:30:54] Saved 0 new articles
[2026-02-08 14:30:54] Summary generated
[2026-02-08 14:30:54] Done
[2026-02-08 14:52:52] Dev.to / Hashnode monitor starting...
[2026-02-08 14:52:52] Dev.to: Found 20 articles
[2026-02-08 14:52:53] Total: 31 articles
[2026-02-08 14:52:53] Saved 0 new articles
[2026-02-08 14:52:53] Summary generated
[2026-02-08 14:52:53] Done
[2026-02-08 14:57:10] Dev.to / Hashnode monitor starting...
[2026-02-08 14:57:11] Dev.to: Found 20 articles
[2026-02-08 14:57:11] Total: 31 articles
[2026-02-08 14:57:11] Saved 0 new articles
[2026-02-08 14:57:11] Summary generated
[2026-02-08 14:57:11] Done
[2026-02-08 15:06:39] Dev.to / Hashnode monitor starting...
[2026-02-08 15:06:39] Dev.to: Found 20 articles
[2026-02-08 15:06:40] Total: 31 articles
[2026-02-08 15:06:40] Saved 0 new articles
[2026-02-08 15:06:40] Summary generated
[2026-02-08 15:06:40] Done
[2026-02-09 13:02:32] Dev.to / Hashnode monitor starting...
[2026-02-09 13:02:32] Dev.to: Found 20 articles
[2026-02-09 13:02:33] Total: 31 articles
[2026-02-09 13:02:33] Saved 11 new articles
[2026-02-09 13:02:33] Summary generated
[2026-02-09 13:02:33] Done
