[2026-02-04 04:01:04] Exploding Topics monitor starting...
[2026-02-04 04:01:05] API: Found 20 topics
[2026-02-04 04:01:05] Found 20 topics
[2026-02-04 04:01:05] Saved 0 new topics
[2026-02-04 04:01:05] Summary generated
[2026-02-04 04:01:05] Done
[2026-02-04 13:27:59] Exploding Topics monitor starting...
[2026-02-04 13:28:00] API: Found 20 topics
[2026-02-04 13:28:00] Found 20 topics
[2026-02-04 13:28:00] Saved 0 new topics
[2026-02-04 13:28:00] Summary generated
[2026-02-04 13:28:00] Done
[2026-02-04 13:29:06] Exploding Topics monitor starting...
[2026-02-04 13:29:06] API: Found 20 topics
[2026-02-04 13:29:06] Found 20 topics
[2026-02-04 13:29:06] Saved 0 new topics
[2026-02-04 13:29:06] Summary generated
[2026-02-04 13:29:06] Done
[2026-02-04 13:51:17] Exploding Topics monitor starting...
[2026-02-04 13:51:18] API: Found 20 topics
[2026-02-04 13:51:18] Found 20 topics
[2026-02-04 13:51:18] Saved 0 new topics
[2026-02-04 13:51:18] Summary generated
[2026-02-04 13:51:18] Done
[2026-02-04 13:59:34] Exploding Topics monitor starting...
[2026-02-04 13:59:35] API: Found 20 topics
[2026-02-04 13:59:35] Found 20 topics
[2026-02-04 13:59:35] Saved 0 new topics
[2026-02-04 13:59:35] Summary generated
[2026-02-04 13:59:35] Done
