[2026-02-04 03:55:13] Google Trends monitor starting...
[2026-02-04 03:55:13] Found 10 daily trends
[2026-02-04 03:55:23] Found 9 related trends
[2026-02-04 03:55:23] Saved 10 trends
[2026-02-04 03:55:23] Summary generated
[2026-02-04 03:55:23] Done
[2026-02-04 03:57:15] Google Trends monitor starting...
[2026-02-04 03:57:15] Found 10 daily trends
[2026-02-04 03:57:22] Found 7 related trends
[2026-02-04 03:57:22] Saved 1 trends
[2026-02-04 03:57:22] Summary generated
[2026-02-04 03:57:22] Done
[2026-02-04 13:27:35] Google Trends monitor starting...
[2026-02-04 13:27:35] Found 10 daily trends
[2026-02-04 13:27:36] Category AI tools error: The request failed: Google returned a response with code 429
[2026-02-04 13:27:37] Category automation software error: The request failed: Google returned a response with code 429
[2026-02-04 13:27:37] Category content creation error: The request failed: Google returned a response with code 429
[2026-02-04 13:27:38] Category solopreneur error: The request failed: Google returned a response with code 429
[2026-02-04 13:27:38] Category no code error: The request failed: Google returned a response with code 429
[2026-02-04 13:27:38] Category viral marketing error: The request failed: Google returned a response with code 429
[2026-02-04 13:27:38] Found 0 related trends
[2026-02-04 13:27:38] Saved 0 trends
[2026-02-04 13:27:38] Summary generated
[2026-02-04 13:27:38] Done
[2026-02-04 13:28:41] Google Trends monitor starting...
[2026-02-04 13:28:41] Found 10 daily trends
[2026-02-04 13:28:43] Category AI tools error: The request failed: Google returned a response with code 429
[2026-02-04 13:28:43] Category automation software error: The request failed: Google returned a response with code 429
[2026-02-04 13:28:44] Category content creation error: The request failed: Google returned a response with code 429
[2026-02-04 13:28:44] Category solopreneur error: The request failed: Google returned a response with code 429
[2026-02-04 13:28:44] Category no code error: The request failed: Google returned a response with code 429
[2026-02-04 13:28:45] Category viral marketing error: The request failed: Google returned a response with code 429
[2026-02-04 13:28:45] Found 0 related trends
[2026-02-04 13:28:45] Saved 0 trends
[2026-02-04 13:28:45] Summary generated
[2026-02-04 13:28:45] Done
[2026-02-04 13:50:51] Google Trends monitor starting...
[2026-02-04 13:50:51] Found 10 daily trends
[2026-02-04 13:50:53] Category AI tools error: The request failed: Google returned a response with code 429
[2026-02-04 13:50:54] Category automation software error: The request failed: Google returned a response with code 429
[2026-02-04 13:50:56] Category solopreneur error: The request failed: Google returned a response with code 429
[2026-02-04 13:50:56] Category no code error: The request failed: Google returned a response with code 429
[2026-02-04 13:50:57] Category viral marketing error: The request failed: Google returned a response with code 429
[2026-02-04 13:50:57] Found 3 related trends
[2026-02-04 13:50:57] Saved 1 trends
[2026-02-04 13:50:57] Summary generated
[2026-02-04 13:50:57] Done
[2026-02-04 13:59:11] Google Trends monitor starting...
[2026-02-04 13:59:11] Found 10 daily trends
[2026-02-04 13:59:13] Category AI tools error: The request failed: Google returned a response with code 429
[2026-02-04 13:59:13] Category automation software error: The request failed: Google returned a response with code 429
[2026-02-04 13:59:14] Category content creation error: The request failed: Google returned a response with code 429
[2026-02-04 13:59:14] Category solopreneur error: The request failed: Google returned a response with code 429
[2026-02-04 13:59:14] Category no code error: The request failed: Google returned a response with code 429
[2026-02-04 13:59:15] Category viral marketing error: The request failed: Google returned a response with code 429
[2026-02-04 13:59:15] Found 0 related trends
[2026-02-04 13:59:15] Saved 0 trends
[2026-02-04 13:59:15] Summary generated
[2026-02-04 13:59:15] Done
