[2026-02-08 13:03:05] Indie Hacker monitor starting...
[2026-02-08 13:03:05] Fetching Hacker News...
[2026-02-08 13:03:08]   Got 30 HN stories
[2026-02-08 13:03:08]   Saved: uLauncher... (keywords: ['launch'])
[2026-02-08 13:03:08] Searching: indie hacker news 2025
[2026-02-08 13:03:09] Searching: micro saas launch
[2026-02-08 13:03:11] Searching: solopreneur success story
[2026-02-08 13:03:12] Searching: bootstrapped startup
[2026-02-08 13:03:12] DDG news error for 'bootstrapped startup': https://duckduckgo.com/?q=bootstrapped+startup 202 Ratelimit
[2026-02-08 13:03:12] Searching: side project revenue
[2026-02-08 13:03:14] Searching: build in public
[2026-02-08 13:03:16] Total saved: 28 posts
[2026-02-08 13:03:16] 🚀 Indie Hacker Monitor (2026-02-08 13:03)

🔥 Hot Topics:
  • solopreneur: 8 mentions
  • launch: 5 mentions
  • side project: 5 mentions
  • build in public: 4 mentions
  • bootstrapped: 3 mentions

📈 Top Stories:
  • [Hacker News] (1074⬆): I now assume that all ads on Apple news are scams
    https://kirkville.com/i-now-assume-that-all-ads-on-apple-news-are-scams/
  • [Hacker News] (960⬆): The Waymo World Model
    https://waymo.com/blog/2026/02/the-waymo-world-model-a-new-frontier-for-autonomous-driving-simulation
  • [Hacker News] (686⬆): OpenCiv3: Open-source, cross-platform reimagining of Civilization III
    https://openciv3.org/
  • [Hacker News] (627⬆): Start all of your commands with a comma (2009)
    https://rhodesmill.org/brandon/2009/commands-with-comma/
  • [Hacker News] (500⬆): Hackers (1995) Animated Experience
    https://hackers-1995.vercel.app/

[2026-02-08 13:03:16] Indie Hacker monitor complete
[2026-02-08 13:12:51] Indie Hacker monitor starting...
[2026-02-08 13:12:51] Fetching Hacker News...
[2026-02-08 13:12:54]   Got 30 HN stories
[2026-02-08 13:12:54]   Saved: uLauncher... (keywords: ['launch'])
[2026-02-08 13:12:54] Searching: indie hacker news 2025
[2026-02-08 13:12:54] DDG news error for 'indie hacker news 2025': https://duckduckgo.com/?q=indie+hacker+news+2025 202 Ratelimit
[2026-02-08 13:12:54] Searching: micro saas launch
[2026-02-08 13:12:56] Searching: solopreneur success story
[2026-02-08 13:12:57] Searching: bootstrapped startup
[2026-02-08 13:12:59] Searching: side project revenue
[2026-02-08 13:13:01] Searching: build in public
[2026-02-08 13:13:03] Total saved: 31 posts
[2026-02-08 13:13:03] 🚀 Indie Hacker Monitor (2026-02-08 13:13)

🔥 Hot Topics:
  • solopreneur: 12 mentions
  • side project: 8 mentions
  • launch: 7 mentions
  • build in public: 6 mentions
  • bootstrapped: 5 mentions

📈 Top Stories:
  • [Hacker News] (1074⬆): I now assume that all ads on Apple news are scams
    https://kirkville.com/i-now-assume-that-all-ads-on-apple-news-are-scams/
  • [Hacker News] (960⬆): The Waymo World Model
    https://waymo.com/blog/2026/02/the-waymo-world-model-a-new-frontier-for-autonomous-driving-simulation
  • [Hacker News] (686⬆): OpenCiv3: Open-source, cross-platform reimagining of Civilization III
    https://openciv3.org/
  • [Hacker News] (628⬆): Start all of your commands with a comma (2009)
    https://rhodesmill.org/brandon/2009/commands-with-comma/
  • [Hacker News] (500⬆): Hackers (1995) Animated Experience
    https://hackers-1995.vercel.app/

[2026-02-08 13:13:03] Indie Hacker monitor complete
[2026-02-08 13:34:23] Indie Hacker monitor starting...
[2026-02-08 13:34:23] Fetching Hacker News...
[2026-02-08 13:34:26]   Got 30 HN stories
[2026-02-08 13:34:26]   Saved: uLauncher... (keywords: ['launch'])
[2026-02-08 13:34:26] Searching: indie hacker news 2025
[2026-02-08 13:34:27] Searching: micro saas launch
[2026-02-08 13:34:29] Searching: solopreneur success story
[2026-02-08 13:34:30] Searching: bootstrapped startup
[2026-02-08 13:34:30] DDG news error for 'bootstrapped startup': https://duckduckgo.com/?q=bootstrapped+startup 202 Ratelimit
[2026-02-08 13:34:30] Searching: side project revenue
[2026-02-08 13:34:32] Searching: build in public
[2026-02-08 13:34:34] Total saved: 30 posts
[2026-02-08 13:34:34] 🚀 Indie Hacker Monitor (2026-02-08 13:34)

🔥 Hot Topics:
  • solopreneur: 16 mentions
  • side project: 11 mentions
  • launch: 9 mentions
  • build in public: 8 mentions
  • bootstrapped: 5 mentions

📈 Top Stories:
  • [Hacker News] (1074⬆): I now assume that all ads on Apple news are scams
    https://kirkville.com/i-now-assume-that-all-ads-on-apple-news-are-scams/
  • [Hacker News] (960⬆): The Waymo World Model
    https://waymo.com/blog/2026/02/the-waymo-world-model-a-new-frontier-for-autonomous-driving-simulation
  • [Hacker News] (686⬆): OpenCiv3: Open-source, cross-platform reimagining of Civilization III
    https://openciv3.org/
  • [Hacker News] (631⬆): Start all of your commands with a comma (2009)
    https://rhodesmill.org/brandon/2009/commands-with-comma/
  • [Hacker News] (500⬆): Hackers (1995) Animated Experience
    https://hackers-1995.vercel.app/

[2026-02-08 13:34:34] Indie Hacker monitor complete
[2026-02-08 14:30:37] Indie Hacker monitor starting...
[2026-02-08 14:30:37] Fetching Hacker News...
[2026-02-08 14:30:41]   Got 30 HN stories
[2026-02-08 14:30:41]   Saved: uLauncher... (keywords: ['launch'])
[2026-02-08 14:30:41] Searching: indie hacker news 2025
[2026-02-08 14:30:42] Searching: micro saas launch
[2026-02-08 14:30:43] Searching: solopreneur success story
[2026-02-08 14:30:44] Searching: bootstrapped startup
[2026-02-08 14:30:46] Searching: side project revenue
[2026-02-08 14:30:48] Searching: build in public
[2026-02-08 14:30:51] Total saved: 29 posts
[2026-02-08 14:30:51] 🚀 Indie Hacker Monitor (2026-02-08 14:30)

🔥 Hot Topics:
  • solopreneur: 20 mentions
  • side project: 14 mentions
  • launch: 11 mentions
  • build in public: 10 mentions
  • bootstrapped: 7 mentions

📈 Top Stories:
  • [Hacker News] (1074⬆): I now assume that all ads on Apple news are scams
    https://kirkville.com/i-now-assume-that-all-ads-on-apple-news-are-scams/
  • [Hacker News] (960⬆): The Waymo World Model
    https://waymo.com/blog/2026/02/the-waymo-world-model-a-new-frontier-for-autonomous-driving-simulation
  • [Hacker News] (686⬆): OpenCiv3: Open-source, cross-platform reimagining of Civilization III
    https://openciv3.org/
  • [Hacker News] (631⬆): Start all of your commands with a comma (2009)
    https://rhodesmill.org/brandon/2009/commands-with-comma/
  • [Hacker News] (500⬆): Hackers (1995) Animated Experience
    https://hackers-1995.vercel.app/

[2026-02-08 14:30:51] Indie Hacker monitor complete
[2026-02-08 14:52:36] Indie Hacker monitor starting...
[2026-02-08 14:52:36] Fetching Hacker News...
[2026-02-08 14:52:39]   Got 30 HN stories
[2026-02-08 14:52:39] Searching: indie hacker news 2025
[2026-02-08 14:52:40] Searching: micro saas launch
[2026-02-08 14:52:42] Searching: solopreneur success story
[2026-02-08 14:52:43] Searching: bootstrapped startup
[2026-02-08 14:52:45] Searching: side project revenue
[2026-02-08 14:52:47] Searching: build in public
[2026-02-08 14:52:49] Total saved: 27 posts
[2026-02-08 14:52:49] 🚀 Indie Hacker Monitor (2026-02-08 14:52)

🔥 Hot Topics:
  • solopreneur: 24 mentions
  • side project: 17 mentions
  • launch: 13 mentions
  • build in public: 12 mentions
  • bootstrapped: 9 mentions

📈 Top Stories:
  • [Hacker News] (1074⬆): I now assume that all ads on Apple news are scams
    https://kirkville.com/i-now-assume-that-all-ads-on-apple-news-are-scams/
  • [Hacker News] (960⬆): The Waymo World Model
    https://waymo.com/blog/2026/02/the-waymo-world-model-a-new-frontier-for-autonomous-driving-simulation
  • [Hacker News] (686⬆): OpenCiv3: Open-source, cross-platform reimagining of Civilization III
    https://openciv3.org/
  • [Hacker News] (631⬆): Start all of your commands with a comma (2009)
    https://rhodesmill.org/brandon/2009/commands-with-comma/
  • [Hacker News] (500⬆): Hackers (1995) Animated Experience
    https://hackers-1995.vercel.app/

[2026-02-08 14:52:49] Indie Hacker monitor complete
[2026-02-08 14:56:56] Indie Hacker monitor starting...
[2026-02-08 14:56:56] Fetching Hacker News...
[2026-02-08 14:56:59]   Got 30 HN stories
[2026-02-08 14:56:59] Searching: indie hacker news 2025
[2026-02-08 14:57:00] Searching: micro saas launch
[2026-02-08 14:57:02] Searching: solopreneur success story
[2026-02-08 14:57:03] Searching: bootstrapped startup
[2026-02-08 14:57:05] Searching: side project revenue
[2026-02-08 14:57:07] Searching: build in public
[2026-02-08 14:57:09] Total saved: 28 posts
[2026-02-08 14:57:09] 🚀 Indie Hacker Monitor (2026-02-08 14:57)

🔥 Hot Topics:
  • solopreneur: 28 mentions
  • side project: 20 mentions
  • launch: 15 mentions
  • build in public: 14 mentions
  • bootstrapped: 11 mentions

📈 Top Stories:
  • [Hacker News] (1074⬆): I now assume that all ads on Apple news are scams
    https://kirkville.com/i-now-assume-that-all-ads-on-apple-news-are-scams/
  • [Hacker News] (960⬆): The Waymo World Model
    https://waymo.com/blog/2026/02/the-waymo-world-model-a-new-frontier-for-autonomous-driving-simulation
  • [Hacker News] (686⬆): OpenCiv3: Open-source, cross-platform reimagining of Civilization III
    https://openciv3.org/
  • [Hacker News] (631⬆): Start all of your commands with a comma (2009)
    https://rhodesmill.org/brandon/2009/commands-with-comma/
  • [Hacker News] (500⬆): Hackers (1995) Animated Experience
    https://hackers-1995.vercel.app/

[2026-02-08 14:57:09] Indie Hacker monitor complete
[2026-02-08 15:06:24] Indie Hacker monitor starting...
[2026-02-08 15:06:24] Fetching Hacker News...
[2026-02-08 15:06:27]   Got 30 HN stories
[2026-02-08 15:06:27] Searching: indie hacker news 2025
[2026-02-08 15:06:28] Searching: micro saas launch
[2026-02-08 15:06:30] Searching: solopreneur success story
[2026-02-08 15:06:31] Searching: bootstrapped startup
[2026-02-08 15:06:33] Searching: side project revenue
[2026-02-08 15:06:35] Searching: build in public
[2026-02-08 15:06:37] Total saved: 28 posts
[2026-02-08 15:06:37] 🚀 Indie Hacker Monitor (2026-02-08 15:06)

🔥 Hot Topics:
  • solopreneur: 32 mentions
  • side project: 23 mentions
  • launch: 17 mentions
  • build in public: 16 mentions
  • bootstrapped: 13 mentions

📈 Top Stories:
  • [Hacker News] (1074⬆): I now assume that all ads on Apple news are scams
    https://kirkville.com/i-now-assume-that-all-ads-on-apple-news-are-scams/
  • [Hacker News] (960⬆): The Waymo World Model
    https://waymo.com/blog/2026/02/the-waymo-world-model-a-new-frontier-for-autonomous-driving-simulation
  • [Hacker News] (686⬆): OpenCiv3: Open-source, cross-platform reimagining of Civilization III
    https://openciv3.org/
  • [Hacker News] (631⬆): Start all of your commands with a comma (2009)
    https://rhodesmill.org/brandon/2009/commands-with-comma/
  • [Hacker News] (500⬆): Hackers (1995) Animated Experience
    https://hackers-1995.vercel.app/

[2026-02-08 15:06:37] Indie Hacker monitor complete
[2026-02-09 13:02:19] Indie Hacker monitor starting...
[2026-02-09 13:02:19] Fetching Hacker News...
[2026-02-09 13:02:22]   Got 29 HN stories
[2026-02-09 13:02:22] Searching: indie hacker news 2025
[2026-02-09 13:02:23] Searching: micro saas launch
[2026-02-09 13:02:25] Searching: solopreneur success story
[2026-02-09 13:02:26] Searching: bootstrapped startup
[2026-02-09 13:02:28] Searching: side project revenue
[2026-02-09 13:02:28] DDG news error for 'side project revenue': https://duckduckgo.com/?q=side+project+revenue 202 Ratelimit
[2026-02-09 13:02:28] Searching: build in public
[2026-02-09 13:02:30] Total saved: 32 posts
[2026-02-09 13:02:30] 🚀 Indie Hacker Monitor (2026-02-09 13:02)

🔥 Hot Topics:
  • solopreneur: 32 mentions
  • side project: 21 mentions
  • launch: 17 mentions
  • build in public: 16 mentions
  • bootstrapped: 12 mentions

📈 Top Stories:
  • [Hacker News] (914⬆): Vouch
    https://github.com/mitchellh/vouch
  • [Hacker News] (631⬆): Start all of your commands with a comma (2009)
    https://rhodesmill.org/brandon/2009/commands-with-comma/
  • [Hacker News] (454⬆): We mourn our craft
    https://nolanlawson.com/2026/02/07/we-mourn-our-craft/
  • [Hacker News] (412⬆): Art of Roads in Games
    https://sandboxspirit.com/blog/art-of-roads-in-games/
  • [Hacker News] (393⬆): Vocal Guide – belt sing without killing yourself
    https://jesperordrup.github.io/vocal-guide/

[2026-02-09 13:02:30] Indie Hacker monitor complete
