[2026-02-04 03:55:08] Product Hunt monitor starting...
[2026-02-04 03:55:08] API returned 403, trying RSS fallback
[2026-02-04 03:55:08] Found 15 products
[2026-02-04 03:55:08] Saved 15 products
[2026-02-04 03:55:08] Summary generated
[2026-02-04 03:55:08] Done
[2026-02-04 03:57:14] Product Hunt monitor starting...
[2026-02-04 03:57:14] API returned 403, trying RSS fallback
[2026-02-04 03:57:15] Found 15 products
[2026-02-04 03:57:15] Saved 15 products
[2026-02-04 03:57:15] Summary generated
[2026-02-04 03:57:15] Done
[2026-02-04 13:27:34] Product Hunt monitor starting...
[2026-02-04 13:27:34] API returned 403, trying RSS fallback
[2026-02-04 13:27:35] Found 15 products
[2026-02-04 13:27:35] Saved 15 products
[2026-02-04 13:27:35] Summary generated
[2026-02-04 13:27:35] Done
[2026-02-04 13:28:40] Product Hunt monitor starting...
[2026-02-04 13:28:40] API returned 403, trying RSS fallback
[2026-02-04 13:28:41] Found 15 products
[2026-02-04 13:28:41] Saved 15 products
[2026-02-04 13:28:41] Summary generated
[2026-02-04 13:28:41] Done
[2026-02-04 13:50:50] Product Hunt monitor starting...
[2026-02-04 13:50:50] API returned 403, trying RSS fallback
[2026-02-04 13:50:50] Found 15 products
[2026-02-04 13:50:50] Saved 15 products
[2026-02-04 13:50:50] Summary generated
[2026-02-04 13:50:50] Done
[2026-02-04 13:59:10] Product Hunt monitor starting...
[2026-02-04 13:59:11] API returned 403, trying RSS fallback
[2026-02-04 13:59:11] Found 15 products
[2026-02-04 13:59:11] Saved 15 products
[2026-02-04 13:59:11] Summary generated
[2026-02-04 13:59:11] Done
[2026-02-04 14:28:10] Product Hunt monitor starting...
[2026-02-04 14:28:10] API returned 403, trying RSS fallback
[2026-02-04 14:28:10] Found 15 products
[2026-02-04 14:28:10] Saved 15 products
[2026-02-04 14:28:10] Summary generated
[2026-02-04 14:28:10] Done
[2026-02-04 15:30:40] Product Hunt monitor starting...
[2026-02-04 15:30:40] API returned 403, trying RSS fallback
[2026-02-04 15:30:40] Found 15 products
[2026-02-04 15:30:40] Saved 15 products
[2026-02-04 15:30:40] Summary generated
[2026-02-04 15:30:40] Done
[2026-02-04 15:41:48] Product Hunt monitor starting...
[2026-02-04 15:41:48] API returned 403, trying RSS fallback
[2026-02-04 15:41:49] Found 15 products
[2026-02-04 15:41:49] Saved 15 products
[2026-02-04 15:41:49] Summary generated
[2026-02-04 15:41:49] Done
[2026-02-04 15:42:37] Product Hunt monitor starting...
[2026-02-04 15:42:37] API returned 403, trying RSS fallback
[2026-02-04 15:42:37] Found 15 products
[2026-02-04 15:42:37] Saved 15 products
[2026-02-04 15:42:37] Summary generated
[2026-02-04 15:42:37] Done
[2026-02-04 15:46:34] Product Hunt monitor starting...
[2026-02-04 15:46:34] API returned 403, trying RSS fallback
[2026-02-04 15:46:34] Found 15 products
[2026-02-04 15:46:34] Saved 15 products
[2026-02-04 15:46:34] Summary generated
[2026-02-04 15:46:34] Done
[2026-02-04 15:48:53] Product Hunt monitor starting...
[2026-02-04 15:48:53] API returned 403, trying RSS fallback
[2026-02-04 15:48:53] Found 15 products
[2026-02-04 15:48:53] Saved 15 products
[2026-02-04 15:48:53] Summary generated
[2026-02-04 15:48:53] Done
[2026-02-04 15:49:59] Product Hunt monitor starting...
[2026-02-04 15:49:59] API returned 403, trying RSS fallback
[2026-02-04 15:49:59] Found 15 products
[2026-02-04 15:49:59] Saved 15 products
[2026-02-04 15:49:59] Summary generated
[2026-02-04 15:49:59] Done
[2026-02-04 15:54:03] Product Hunt monitor starting...
[2026-02-04 15:54:03] API returned 403, trying RSS fallback
[2026-02-04 15:54:03] Found 15 products
[2026-02-04 15:54:03] Saved 15 products
[2026-02-04 15:54:03] Summary generated
[2026-02-04 15:54:03] Done
[2026-02-04 16:30:27] Product Hunt monitor starting...
[2026-02-04 16:30:27] API returned 403, trying RSS fallback
[2026-02-04 16:30:27] Found 15 products
[2026-02-04 16:30:27] Saved 15 products
[2026-02-04 16:30:27] Summary generated
[2026-02-04 16:30:27] Done
[2026-02-04 16:33:49] Product Hunt monitor starting...
[2026-02-04 16:33:49] API returned 403, trying RSS fallback
[2026-02-04 16:33:50] Found 15 products
[2026-02-04 16:33:50] Saved 15 products
[2026-02-04 16:33:50] Summary generated
[2026-02-04 16:33:50] Done
[2026-02-04 16:49:42] Product Hunt monitor starting...
[2026-02-04 16:49:42] API returned 403, trying RSS fallback
[2026-02-04 16:49:42] Found 15 products
[2026-02-04 16:49:42] Saved 15 products
[2026-02-04 16:49:42] Summary generated
[2026-02-04 16:49:42] Done
[2026-02-05 13:02:23] Product Hunt monitor starting...
[2026-02-05 13:02:23] API returned 403, trying RSS fallback
[2026-02-05 13:02:23] Found 15 products
[2026-02-05 13:02:23] Saved 15 products
[2026-02-05 13:02:23] Summary generated
[2026-02-05 13:02:23] Done
[2026-02-05 13:32:29] Product Hunt monitor starting...
[2026-02-05 13:32:30] API returned 403, trying RSS fallback
[2026-02-05 13:32:30] Found 15 products
[2026-02-05 13:32:30] Saved 15 products
[2026-02-05 13:32:30] Summary generated
[2026-02-05 13:32:30] Done
[2026-02-06 13:02:33] Product Hunt monitor starting...
[2026-02-06 13:02:33] API returned 403, trying RSS fallback
[2026-02-06 13:02:33] Found 15 products
[2026-02-06 13:02:33] Saved 15 products
[2026-02-06 13:02:33] Summary generated
[2026-02-06 13:02:33] Done
[2026-02-07 13:03:29] Product Hunt monitor starting...
[2026-02-07 13:03:29] API returned 403, trying RSS fallback
[2026-02-07 13:03:29] Found 15 products
[2026-02-07 13:03:29] Saved 15 products
[2026-02-07 13:03:29] Summary generated
[2026-02-07 13:03:29] Done
[2026-02-08 13:03:16] Product Hunt monitor starting...
[2026-02-08 13:03:16] API returned 403, trying RSS fallback
[2026-02-08 13:03:16] Found 15 products
[2026-02-08 13:03:16] Saved 15 products
[2026-02-08 13:03:16] Summary generated
[2026-02-08 13:03:16] Done
[2026-02-08 13:13:03] Product Hunt monitor starting...
[2026-02-08 13:13:03] API returned 403, trying RSS fallback
[2026-02-08 13:13:03] Found 15 products
[2026-02-08 13:13:03] Saved 15 products
[2026-02-08 13:13:03] Summary generated
[2026-02-08 13:13:03] Done
[2026-02-08 13:34:34] Product Hunt monitor starting...
[2026-02-08 13:34:34] API returned 403, trying RSS fallback
[2026-02-08 13:34:34] Found 15 products
[2026-02-08 13:34:34] Saved 15 products
[2026-02-08 13:34:34] Summary generated
[2026-02-08 13:34:34] Done
[2026-02-08 14:30:51] Product Hunt monitor starting...
[2026-02-08 14:30:51] API returned 403, trying RSS fallback
[2026-02-08 14:30:51] Found 15 products
[2026-02-08 14:30:51] Saved 15 products
[2026-02-08 14:30:51] Summary generated
[2026-02-08 14:30:51] Done
[2026-02-08 14:52:49] Product Hunt monitor starting...
[2026-02-08 14:52:50] API returned 403, trying RSS fallback
[2026-02-08 14:52:50] Found 15 products
[2026-02-08 14:52:50] Saved 15 products
[2026-02-08 14:52:50] Summary generated
[2026-02-08 14:52:50] Done
[2026-02-08 14:57:09] Product Hunt monitor starting...
[2026-02-08 14:57:09] API returned 403, trying RSS fallback
[2026-02-08 14:57:09] Found 15 products
[2026-02-08 14:57:09] Saved 15 products
[2026-02-08 14:57:09] Summary generated
[2026-02-08 14:57:09] Done
[2026-02-08 15:06:37] Product Hunt monitor starting...
[2026-02-08 15:06:37] API returned 403, trying RSS fallback
[2026-02-08 15:06:37] Found 15 products
[2026-02-08 15:06:37] Saved 15 products
[2026-02-08 15:06:37] Summary generated
[2026-02-08 15:06:37] Done
[2026-02-09 13:02:30] Product Hunt monitor starting...
[2026-02-09 13:02:31] API returned 403, trying RSS fallback
[2026-02-09 13:02:31] Found 15 products
[2026-02-09 13:02:31] Saved 15 products
[2026-02-09 13:02:31] Summary generated
[2026-02-09 13:02:31] Done
[2026-02-10 13:11:35] Product Hunt monitor starting...
[2026-02-10 13:11:35] API returned 403, trying RSS fallback
[2026-02-10 13:11:35] Found 15 products
[2026-02-10 13:11:35] Saved 15 products
[2026-02-10 13:11:35] Summary generated
[2026-02-10 13:11:35] Done
[2026-02-10 13:14:39] Product Hunt monitor starting...
[2026-02-10 13:14:39] API returned 403, trying RSS fallback
[2026-02-10 13:14:39] Found 15 products
[2026-02-10 13:14:39] Saved 15 products
[2026-02-10 13:14:39] Summary generated
[2026-02-10 13:14:39] Done
[2026-02-10 13:18:12] Product Hunt monitor starting...
[2026-02-10 13:18:12] API returned 403, trying RSS fallback
[2026-02-10 13:18:12] Found 15 products
[2026-02-10 13:18:12] Saved 15 products
[2026-02-10 13:18:12] Summary generated
[2026-02-10 13:18:12] Done
[2026-02-10 13:34:58] Product Hunt monitor starting...
[2026-02-10 13:34:59] API returned 403, trying RSS fallback
[2026-02-10 13:34:59] Found 15 products
[2026-02-10 13:34:59] Saved 15 products
[2026-02-10 13:34:59] Summary generated
[2026-02-10 13:34:59] Done
[2026-02-10 14:19:24] Product Hunt monitor starting...
[2026-02-10 14:19:24] API returned 403, trying RSS fallback
[2026-02-10 14:19:24] Found 15 products
[2026-02-10 14:19:24] Saved 15 products
[2026-02-10 14:19:24] Summary generated
[2026-02-10 14:19:24] Done
[2026-02-10 14:23:12] Product Hunt monitor starting...
[2026-02-10 14:23:13] API returned 403, trying RSS fallback
[2026-02-10 14:23:13] Found 15 products
[2026-02-10 14:23:13] Saved 15 products
[2026-02-10 14:23:13] Summary generated
[2026-02-10 14:23:13] Done
[2026-02-10 14:26:49] Product Hunt monitor starting...
[2026-02-10 14:26:49] API returned 403, trying RSS fallback
[2026-02-10 14:26:49] Found 15 products
[2026-02-10 14:26:49] Saved 15 products
[2026-02-10 14:26:49] Summary generated
[2026-02-10 14:26:49] Done
[2026-02-10 14:30:40] Product Hunt monitor starting...
[2026-02-10 14:30:40] API returned 403, trying RSS fallback
[2026-02-10 14:30:40] Found 15 products
[2026-02-10 14:30:40] Saved 15 products
[2026-02-10 14:30:40] Summary generated
[2026-02-10 14:30:40] Done
[2026-02-10 14:34:49] Product Hunt monitor starting...
[2026-02-10 14:34:49] API returned 403, trying RSS fallback
[2026-02-10 14:34:49] Found 15 products
[2026-02-10 14:34:49] Saved 15 products
[2026-02-10 14:34:49] Summary generated
[2026-02-10 14:34:49] Done
[2026-02-10 14:38:59] Product Hunt monitor starting...
[2026-02-10 14:38:59] API returned 403, trying RSS fallback
[2026-02-10 14:38:59] Found 15 products
[2026-02-10 14:38:59] Saved 15 products
[2026-02-10 14:38:59] Summary generated
[2026-02-10 14:38:59] Done
[2026-02-10 14:41:00] Product Hunt monitor starting...
[2026-02-10 14:41:00] API returned 403, trying RSS fallback
[2026-02-10 14:41:01] Found 15 products
[2026-02-10 14:41:01] Saved 15 products
[2026-02-10 14:41:01] Summary generated
[2026-02-10 14:41:01] Done
[2026-02-10 14:50:02] Product Hunt monitor starting...
[2026-02-10 14:50:03] API returned 403, trying RSS fallback
[2026-02-10 14:50:03] Found 15 products
[2026-02-10 14:50:03] Saved 15 products
[2026-02-10 14:50:03] Summary generated
[2026-02-10 14:50:03] Done
[2026-02-11 13:58:25] Product Hunt monitor starting...
[2026-02-11 13:58:25] API returned 403, trying RSS fallback
[2026-02-11 13:58:25] Found 15 products
[2026-02-11 13:58:25] Saved 15 products
[2026-02-11 13:58:25] Summary generated
[2026-02-11 13:58:25] Done
[2026-02-17 16:36:31] Product Hunt monitor starting...
[2026-02-17 16:36:31] API returned 403, trying RSS fallback
[2026-02-17 16:36:31] Found 15 products
[2026-02-17 16:36:31] Saved 15 products
[2026-02-17 16:36:31] Summary generated
[2026-02-17 16:36:31] Done
[2026-02-17 23:45:53] Product Hunt monitor starting...
[2026-02-17 23:45:53] API returned 403, trying RSS fallback
[2026-02-17 23:45:53] Found 15 products
[2026-02-17 23:45:53] Saved 15 products
[2026-02-17 23:45:53] Summary generated
[2026-02-17 23:45:53] Done
[2026-02-18 10:05:30] Product Hunt monitor starting...
[2026-02-18 10:05:30] API returned 403, trying RSS fallback
[2026-02-18 10:05:30] Found 15 products
[2026-02-18 10:05:30] Saved 15 products
[2026-02-18 10:05:30] Summary generated
[2026-02-18 10:05:30] Done
[2026-02-18 11:20:38] Product Hunt monitor starting...
[2026-02-18 11:20:38] API returned 403, trying RSS fallback
[2026-02-18 11:20:38] Found 15 products
[2026-02-18 11:20:38] Saved 15 products
[2026-02-18 11:20:38] Summary generated
[2026-02-18 11:20:38] Done
[2026-02-18 13:02:11] Product Hunt monitor starting...
[2026-02-18 13:02:11] API returned 403, trying RSS fallback
[2026-02-18 13:02:11] Found 15 products
[2026-02-18 13:02:11] Saved 15 products
[2026-02-18 13:02:11] Summary generated
[2026-02-18 13:02:11] Done
[2026-02-19 13:01:38] Product Hunt monitor starting...
[2026-02-19 13:01:38] API returned 403, trying RSS fallback
[2026-02-19 13:01:38] Found 15 products
[2026-02-19 13:01:38] Saved 15 products
[2026-02-19 13:01:38] Summary generated
[2026-02-19 13:01:38] Done
[2026-02-19 15:35:53] Product Hunt monitor starting...
[2026-02-19 15:35:53] API returned 403, trying RSS fallback
[2026-02-19 15:35:53] Found 15 products
[2026-02-19 15:35:53] Saved 15 products
[2026-02-19 15:35:53] Summary generated
[2026-02-19 15:35:53] Done
[2026-02-19 15:43:48] Product Hunt monitor starting...
[2026-02-19 15:43:48] API returned 403, trying RSS fallback
[2026-02-19 15:43:48] Found 15 products
[2026-02-19 15:43:48] Saved 15 products
[2026-02-19 15:43:48] Summary generated
[2026-02-19 15:43:48] Done
[2026-02-19 15:46:59] Product Hunt monitor starting...
[2026-02-19 15:46:59] API returned 403, trying RSS fallback
[2026-02-19 15:46:59] Found 15 products
[2026-02-19 15:46:59] Saved 15 products
[2026-02-19 15:46:59] Summary generated
[2026-02-19 15:46:59] Done
[2026-02-20 13:01:16] Product Hunt monitor starting...
[2026-02-20 13:01:16] API returned 403, trying RSS fallback
[2026-02-20 13:01:16] Found 15 products
[2026-02-20 13:01:16] Saved 15 products
[2026-02-20 13:01:16] Summary generated
[2026-02-20 13:01:16] Done
[2026-02-21 13:01:05] Product Hunt monitor starting...
[2026-02-21 13:01:05] API returned 403, trying RSS fallback
[2026-02-21 13:01:05] Found 15 products
[2026-02-21 13:01:05] Saved 15 products
[2026-02-21 13:01:05] Summary generated
[2026-02-21 13:01:05] Done
[2026-02-22 13:01:06] Product Hunt monitor starting...
[2026-02-22 13:01:07] API returned 403, trying RSS fallback
[2026-02-22 13:01:07] Found 15 products
[2026-02-22 13:01:07] Saved 15 products
[2026-02-22 13:01:07] Summary generated
[2026-02-22 13:01:07] Done
[2026-02-23 13:01:01] Product Hunt monitor starting...
[2026-02-23 13:01:01] API returned 403, trying RSS fallback
[2026-02-23 13:01:01] Found 15 products
[2026-02-23 13:01:01] Saved 15 products
[2026-02-23 13:01:01] Summary generated
[2026-02-23 13:01:01] Done
[2026-02-23 14:51:08] Product Hunt monitor starting...
[2026-02-23 14:51:08] API returned 403, trying RSS fallback
[2026-02-23 14:51:09] Found 15 products
[2026-02-23 14:51:09] Saved 15 products
[2026-02-23 14:51:09] Summary generated
[2026-02-23 14:51:09] Done
[2026-02-24 13:01:03] Product Hunt monitor starting...
[2026-02-24 13:01:03] API returned 403, trying RSS fallback
[2026-02-24 13:01:03] Found 15 products
[2026-02-24 13:01:03] Saved 15 products
[2026-02-24 13:01:03] Summary generated
[2026-02-24 13:01:03] Done
[2026-02-25 13:01:13] Product Hunt monitor starting...
[2026-02-25 13:01:13] API returned 403, trying RSS fallback
[2026-02-25 13:01:14] Found 15 products
[2026-02-25 13:01:14] Saved 15 products
[2026-02-25 13:01:14] Summary generated
[2026-02-25 13:01:14] Done
[2026-02-26 13:01:12] Product Hunt monitor starting...
[2026-02-26 13:01:12] API returned 403, trying RSS fallback
[2026-02-26 13:01:12] Found 15 products
[2026-02-26 13:01:12] Saved 15 products
[2026-02-26 13:01:12] Summary generated
[2026-02-26 13:01:12] Done
[2026-02-27 13:01:21] Product Hunt monitor starting...
[2026-02-27 13:01:21] API returned 403, trying RSS fallback
[2026-02-27 13:01:21] Found 15 products
[2026-02-27 13:01:21] Saved 15 products
[2026-02-27 13:01:21] Summary generated
[2026-02-27 13:01:21] Done
[2026-02-28 13:01:07] Product Hunt monitor starting...
[2026-02-28 13:01:07] API returned 403, trying RSS fallback
[2026-02-28 13:01:07] Found 15 products
[2026-02-28 13:01:07] Saved 15 products
[2026-02-28 13:01:07] Summary generated
[2026-02-28 13:01:07] Done
[2026-03-01 13:01:02] Product Hunt monitor starting...
[2026-03-01 13:01:02] API returned 403, trying RSS fallback
[2026-03-01 13:01:02] Found 15 products
[2026-03-01 13:01:02] Saved 15 products
[2026-03-01 13:01:02] Summary generated
[2026-03-01 13:01:02] Done
[2026-03-02 13:01:37] Product Hunt monitor starting...
[2026-03-02 13:01:37] API returned 403, trying RSS fallback
[2026-03-02 13:01:37] Found 15 products
[2026-03-02 13:01:37] Saved 15 products
[2026-03-02 13:01:37] Summary generated
[2026-03-02 13:01:37] Done
[2026-03-03 13:01:16] Product Hunt monitor starting...
[2026-03-03 13:01:16] API returned 403, trying RSS fallback
[2026-03-03 13:01:16] Found 15 products
[2026-03-03 13:01:16] Saved 15 products
[2026-03-03 13:01:16] Summary generated
[2026-03-03 13:01:16] Done
[2026-03-04 13:01:25] Product Hunt monitor starting...
[2026-03-04 13:01:25] API returned 403, trying RSS fallback
[2026-03-04 13:01:25] Found 15 products
[2026-03-04 13:01:25] Saved 15 products
[2026-03-04 13:01:25] Summary generated
[2026-03-04 13:01:25] Done
[2026-03-05 13:01:07] Product Hunt monitor starting...
[2026-03-05 13:01:07] API returned 403, trying RSS fallback
[2026-03-05 13:01:07] Found 15 products
[2026-03-05 13:01:07] Saved 15 products
[2026-03-05 13:01:07] Summary generated
[2026-03-05 13:01:07] Done
[2026-03-06 13:00:57] Product Hunt monitor starting...
[2026-03-06 13:00:57] API returned 403, trying RSS fallback
[2026-03-06 13:00:57] Found 15 products
[2026-03-06 13:00:57] Saved 15 products
[2026-03-06 13:00:57] Summary generated
[2026-03-06 13:00:57] Done
