[2026-02-04 04:14:41] Real Trends Monitor starting...
[2026-02-04 04:14:41] Google Daily: 10 trends
[2026-02-04 04:14:44] HN: 30 stories
[2026-02-04 04:14:44] Reddit technology error: Expecting value: line 1 column 1 (char 0)
[2026-02-04 04:14:45] Reddit programming error: Expecting value: line 1 column 1 (char 0)
[2026-02-04 04:14:45] Reddit artificial error: Expecting value: line 1 column 1 (char 0)
[2026-02-04 04:14:45] Reddit MachineLearning error: Expecting value: line 1 column 1 (char 0)
[2026-02-04 04:14:45] Reddit SideProject error: Expecting value: line 1 column 1 (char 0)
[2026-02-04 04:14:45] Reddit startups error: Expecting value: line 1 column 1 (char 0)
[2026-02-04 04:14:45] Reddit: 0 posts
[2026-02-04 04:14:47] Twitter: 0 tweets
[2026-02-04 04:14:47] Total: 40 items
[2026-02-04 04:14:47] Saved: 40 new items
[2026-02-04 04:14:47] Done
[2026-02-04 04:17:23] Real Trends Monitor starting...
[2026-02-04 04:17:23] Google Daily: 10 trends
[2026-02-04 04:17:27] HN: 30 stories
[2026-02-04 04:17:28] Reddit: 0 posts from 13 subs
[2026-02-04 04:17:30] Twitter: 0 tweets
[2026-02-04 04:17:30] Total: 40 items
[2026-02-04 04:17:30] Saved: 2 new items
[2026-02-04 04:17:30] Done
[2026-02-04 14:02:18] Real Trends Monitor starting...
[2026-02-04 14:02:18] Google Daily: 10 trends
[2026-02-04 14:02:21] HN: 30 stories
[2026-02-04 14:02:23] Reddit: 0 posts from 13 subs
[2026-02-04 14:02:26] Twitter: 0 tweets
[2026-02-04 14:02:26] Total: 40 items
[2026-02-04 14:02:26] Saved: 40 new items
[2026-02-04 14:02:26] Done
[2026-02-04 14:27:14] Real Trends Monitor starting...
[2026-02-04 14:27:14] Google Daily: 10 trends
[2026-02-04 14:27:18] HN: 30 stories
[2026-02-04 14:27:19] Reddit: 0 posts from 13 subs
[2026-02-04 14:27:21] Twitter: 0 tweets
[2026-02-04 14:27:21] Total: 40 items
[2026-02-04 14:27:21] Saved: 3 new items
[2026-02-04 14:27:21] Done
[2026-02-04 15:28:15] Real Trends Monitor starting...
[2026-02-04 15:28:16] Google Daily: 10 trends
[2026-02-04 15:28:20] HN: 30 stories
[2026-02-04 15:28:21] Reddit: 0 posts from 13 subs
[2026-02-04 15:28:23] Twitter: 0 tweets
[2026-02-04 15:28:23] Total: 40 items
[2026-02-04 15:28:23] Saved: 40 new items
[2026-02-04 15:28:23] Done
[2026-02-04 15:41:00] Real Trends Monitor starting...
[2026-02-04 15:41:00] Google Daily: 10 trends
[2026-02-04 15:41:04] HN: 30 stories
[2026-02-04 15:41:05] Reddit: 0 posts from 13 subs
[2026-02-04 15:41:07] Twitter: 0 tweets
[2026-02-04 15:41:07] Total: 40 items
[2026-02-04 15:41:07] Saved: 2 new items
[2026-02-04 15:41:07] Done
[2026-02-04 15:42:13] Real Trends Monitor starting...
[2026-02-04 15:42:14] Google Daily: 10 trends
[2026-02-04 15:42:17] HN: 30 stories
[2026-02-04 15:42:18] Reddit: 0 posts from 13 subs
[2026-02-04 15:42:20] Twitter: 0 tweets
[2026-02-04 15:42:20] Total: 40 items
[2026-02-04 15:42:20] Saved: 0 new items
[2026-02-04 15:42:20] Done
[2026-02-04 15:44:11] Real Trends Monitor starting...
[2026-02-04 15:44:11] Google Daily: 10 trends
[2026-02-04 15:44:15] HN: 30 stories
[2026-02-04 15:44:17] Reddit: 0 posts from 13 subs
[2026-02-04 15:44:19] Twitter: 0 tweets
[2026-02-04 15:44:19] Total: 40 items
[2026-02-04 15:44:19] Saved: 0 new items
[2026-02-04 15:44:19] Done
[2026-02-04 15:47:24] Real Trends Monitor starting...
[2026-02-04 15:47:25] Google Daily: 10 trends
[2026-02-04 15:47:28] HN: 30 stories
[2026-02-04 15:47:29] Reddit: 0 posts from 13 subs
[2026-02-04 15:47:31] Twitter: 0 tweets
[2026-02-04 15:47:31] Total: 40 items
[2026-02-04 15:47:31] Saved: 1 new items
[2026-02-04 15:47:31] Done
[2026-02-04 15:49:35] Real Trends Monitor starting...
[2026-02-04 15:49:35] Google Daily: 10 trends
[2026-02-04 15:49:38] HN: 30 stories
[2026-02-04 15:49:39] Reddit: 0 posts from 13 subs
[2026-02-04 15:49:41] Twitter: 0 tweets
[2026-02-04 15:49:41] Total: 40 items
[2026-02-04 15:49:41] Saved: 0 new items
[2026-02-04 15:49:41] Done
[2026-02-04 15:53:38] Real Trends Monitor starting...
[2026-02-04 15:53:38] Google Daily: 10 trends
[2026-02-04 15:53:41] HN: 30 stories
[2026-02-04 15:53:42] Reddit: 0 posts from 13 subs
[2026-02-04 15:53:45] Twitter: 0 tweets
[2026-02-04 15:53:45] Total: 40 items
[2026-02-04 15:53:45] Saved: 2 new items
[2026-02-04 15:53:45] Done
[2026-02-04 16:28:05] Real Trends Monitor starting...
[2026-02-04 16:28:05] Google Daily: 10 trends
[2026-02-04 16:28:08] HN: 30 stories
[2026-02-04 16:28:10] Reddit: 0 posts from 13 subs
[2026-02-04 16:28:12] Twitter: 0 tweets
[2026-02-04 16:28:12] Total: 40 items
[2026-02-04 16:28:12] Saved: 40 new items
[2026-02-04 16:28:12] Done
[2026-02-04 16:31:26] Real Trends Monitor starting...
[2026-02-04 16:31:27] Google Daily: 10 trends
[2026-02-04 16:31:30] HN: 30 stories
[2026-02-04 16:31:32] Reddit: 0 posts from 13 subs
[2026-02-04 16:31:34] Twitter: 0 tweets
[2026-02-04 16:31:34] Total: 40 items
[2026-02-04 16:31:34] Saved: 0 new items
[2026-02-04 16:31:34] Done
[2026-02-04 16:47:18] Real Trends Monitor starting...
[2026-02-04 16:47:18] Google Daily: 10 trends
[2026-02-04 16:47:23] HN: 30 stories
[2026-02-04 16:47:24] Reddit: 0 posts from 13 subs
[2026-02-04 16:47:26] Twitter: 0 tweets
[2026-02-04 16:47:26] Total: 40 items
[2026-02-04 16:47:26] Saved: 4 new items
[2026-02-04 16:47:26] Done
[2026-02-05 13:00:01] Real Trends Monitor starting...
[2026-02-05 13:00:01] Google Daily: 10 trends
[2026-02-05 13:00:04] HN: 30 stories
[2026-02-05 13:00:06] Reddit: 0 posts from 13 subs
[2026-02-05 13:00:08] Twitter: 0 tweets
[2026-02-05 13:00:08] Total: 40 items
[2026-02-05 13:00:08] Saved: 40 new items
[2026-02-05 13:00:08] Done
[2026-02-05 13:32:20] Real Trends Monitor starting...
[2026-02-05 13:32:20] Google Daily: 10 trends
[2026-02-05 13:32:23] HN: 30 stories
[2026-02-05 13:32:25] Reddit: 0 posts from 13 subs
[2026-02-05 13:32:27] Twitter: 0 tweets
[2026-02-05 13:32:27] Total: 40 items
[2026-02-05 13:32:27] Saved: 5 new items
[2026-02-05 13:32:27] Done
[2026-02-06 13:00:01] Real Trends Monitor starting...
[2026-02-06 13:00:02] Google Daily: 10 trends
[2026-02-06 13:00:06] HN: 30 stories
[2026-02-06 13:00:08] Reddit: 0 posts from 13 subs
[2026-02-06 13:00:08] Twitter: 0 tweets
[2026-02-06 13:00:08] Total: 40 items
[2026-02-06 13:00:08] Saved: 40 new items
[2026-02-06 13:00:08] Done
[2026-02-07 13:00:02] Real Trends Monitor starting...
[2026-02-07 13:00:03] Google Daily: 10 trends
[2026-02-07 13:00:06] HN: 30 stories
[2026-02-07 13:00:07] Reddit: 0 posts from 13 subs
[2026-02-07 13:00:07] Twitter: 0 tweets
[2026-02-07 13:00:07] Total: 40 items
[2026-02-07 13:00:07] Saved: 40 new items
[2026-02-07 13:00:07] Done
[2026-02-08 13:00:02] Real Trends Monitor starting...
[2026-02-08 13:00:02] Google Daily: 10 trends
[2026-02-08 13:00:05] HN: 30 stories
[2026-02-08 13:00:07] Reddit: 0 posts from 13 subs
[2026-02-08 13:00:07] Twitter: 0 tweets
[2026-02-08 13:00:07] Total: 40 items
[2026-02-08 13:00:07] Saved: 40 new items
[2026-02-08 13:00:07] Done
[2026-02-08 13:09:43] Real Trends Monitor starting...
[2026-02-08 13:09:43] Google Daily: 10 trends
[2026-02-08 13:09:46] HN: 30 stories
[2026-02-08 13:09:48] Reddit: 0 posts from 13 subs
[2026-02-08 13:09:48] Twitter: 0 tweets
[2026-02-08 13:09:48] Total: 40 items
[2026-02-08 13:09:48] Saved: 8 new items
[2026-02-08 13:09:48] Done
[2026-02-08 13:31:07] Real Trends Monitor starting...
[2026-02-08 13:31:07] Google Daily: 10 trends
[2026-02-08 13:31:10] HN: 30 stories
[2026-02-08 13:31:11] Reddit: 0 posts from 13 subs
[2026-02-08 13:31:11] Twitter: 0 tweets
[2026-02-08 13:31:11] Total: 40 items
[2026-02-08 13:31:11] Saved: 7 new items
[2026-02-08 13:31:11] Done
[2026-02-08 14:27:34] Real Trends Monitor starting...
[2026-02-08 14:27:34] Google Daily: 10 trends
[2026-02-08 14:27:37] HN: 30 stories
[2026-02-08 14:27:39] Reddit: 0 posts from 13 subs
[2026-02-08 14:27:40] Twitter: 0 tweets
[2026-02-08 14:27:40] Total: 40 items
[2026-02-08 14:27:40] Saved: 40 new items
[2026-02-08 14:27:40] Done
[2026-02-08 14:49:34] Real Trends Monitor starting...
[2026-02-08 14:49:35] Google Daily: 10 trends
[2026-02-08 14:49:38] HN: 30 stories
[2026-02-08 14:49:39] Reddit: 0 posts from 13 subs
[2026-02-08 14:49:39] Twitter: 0 tweets
[2026-02-08 14:49:39] Total: 40 items
[2026-02-08 14:49:39] Saved: 12 new items
[2026-02-08 14:49:39] Done
[2026-02-08 14:53:51] Real Trends Monitor starting...
[2026-02-08 14:53:51] Google Daily: 10 trends
[2026-02-08 14:53:54] HN: 30 stories
[2026-02-08 14:53:55] Reddit: 0 posts from 13 subs
[2026-02-08 14:53:55] Twitter: 0 tweets
[2026-02-08 14:53:55] Total: 40 items
[2026-02-08 14:53:55] Saved: 1 new items
[2026-02-08 14:53:55] Done
[2026-02-08 15:03:14] Real Trends Monitor starting...
[2026-02-08 15:03:14] Google Daily: 10 trends
[2026-02-08 15:03:18] HN: 30 stories
[2026-02-08 15:03:19] Reddit: 0 posts from 13 subs
[2026-02-08 15:03:19] Twitter: 0 tweets
[2026-02-08 15:03:19] Total: 40 items
[2026-02-08 15:03:19] Saved: 40 new items
[2026-02-08 15:03:19] Done
[2026-02-09 13:00:02] Real Trends Monitor starting...
[2026-02-09 13:00:02] Google Daily: 10 trends
[2026-02-09 13:00:05] HN: 30 stories
[2026-02-09 13:00:07] Reddit: 0 posts from 13 subs
[2026-02-09 13:00:07] Twitter: 0 tweets
[2026-02-09 13:00:07] Total: 40 items
[2026-02-09 13:00:07] Saved: 40 new items
[2026-02-09 13:00:07] Done
[2026-02-10 13:11:12] Real Trends Monitor starting...
[2026-02-10 13:11:12] Google Daily: 10 trends
[2026-02-10 13:11:15] HN: 30 stories
[2026-02-10 13:11:16] Reddit: 0 posts from 13 subs
[2026-02-10 13:11:16] Twitter: 0 tweets
[2026-02-10 13:11:16] Total: 40 items
[2026-02-10 13:11:16] Saved: 1 new items
[2026-02-10 13:11:16] Done
[2026-02-10 13:12:14] Real Trends Monitor starting...
[2026-02-10 13:12:14] Google Daily: 10 trends
[2026-02-10 13:12:17] HN: 30 stories
[2026-02-10 13:12:19] Reddit: 0 posts from 13 subs
[2026-02-10 13:12:19] Twitter: 0 tweets
[2026-02-10 13:12:19] Total: 40 items
[2026-02-10 13:12:19] Saved: 0 new items
[2026-02-10 13:12:19] Done
[2026-02-10 13:15:47] Real Trends Monitor starting...
[2026-02-10 13:15:47] Google Daily: 10 trends
[2026-02-10 13:15:50] HN: 30 stories
[2026-02-10 13:15:51] Reddit: 0 posts from 13 subs
[2026-02-10 13:15:51] Twitter: 0 tweets
[2026-02-10 13:15:51] Total: 40 items
[2026-02-10 13:15:51] Saved: 1 new items
[2026-02-10 13:15:51] Done
[2026-02-10 13:31:54] Real Trends Monitor starting...
[2026-02-10 13:31:55] Google Daily: 10 trends
[2026-02-10 13:31:58] HN: 30 stories
[2026-02-10 13:31:59] Reddit: 0 posts from 13 subs
[2026-02-10 13:31:59] Twitter: 0 tweets
[2026-02-10 13:31:59] Total: 40 items
[2026-02-10 13:31:59] Saved: 3 new items
[2026-02-10 13:31:59] Done
[2026-02-10 14:16:16] Real Trends Monitor starting...
[2026-02-10 14:16:16] Google Daily: 10 trends
[2026-02-10 14:16:19] HN: 30 stories
[2026-02-10 14:16:20] Reddit: 0 posts from 13 subs
[2026-02-10 14:16:21] Twitter: 0 tweets
[2026-02-10 14:16:21] Total: 40 items
[2026-02-10 14:16:21] Saved: 40 new items
[2026-02-10 14:16:21] Done
[2026-02-10 14:20:08] Real Trends Monitor starting...
[2026-02-10 14:20:09] Google Daily: 10 trends
[2026-02-10 14:20:12] HN: 30 stories
[2026-02-10 14:20:13] Reddit: 0 posts from 13 subs
[2026-02-10 14:20:14] Twitter: 0 tweets
[2026-02-10 14:20:14] Total: 40 items
[2026-02-10 14:20:14] Saved: 3 new items
[2026-02-10 14:20:14] Done
[2026-02-10 14:23:41] Real Trends Monitor starting...
[2026-02-10 14:23:41] Google Daily: 10 trends
[2026-02-10 14:23:45] HN: 30 stories
[2026-02-10 14:23:46] Reddit: 0 posts from 13 subs
[2026-02-10 14:23:47] Twitter: 0 tweets
[2026-02-10 14:23:47] Total: 40 items
[2026-02-10 14:23:47] Saved: 3 new items
[2026-02-10 14:23:47] Done
[2026-02-10 14:27:32] Real Trends Monitor starting...
[2026-02-10 14:27:32] Google Daily: 10 trends
[2026-02-10 14:27:36] HN: 30 stories
[2026-02-10 14:27:37] Reddit: 0 posts from 13 subs
[2026-02-10 14:27:37] Twitter: 0 tweets
[2026-02-10 14:27:37] Total: 40 items
[2026-02-10 14:27:37] Saved: 0 new items
[2026-02-10 14:27:37] Done
[2026-02-10 14:31:40] Real Trends Monitor starting...
[2026-02-10 14:31:40] Google Daily: 10 trends
[2026-02-10 14:31:43] HN: 30 stories
[2026-02-10 14:31:44] Reddit: 0 posts from 13 subs
[2026-02-10 14:31:44] Twitter: 0 tweets
[2026-02-10 14:31:44] Total: 40 items
[2026-02-10 14:31:44] Saved: 0 new items
[2026-02-10 14:31:44] Done
[2026-02-10 14:35:49] Real Trends Monitor starting...
[2026-02-10 14:35:49] Google Daily: 10 trends
[2026-02-10 14:35:52] HN: 30 stories
[2026-02-10 14:35:54] Reddit: 0 posts from 13 subs
[2026-02-10 14:35:54] Twitter: 0 tweets
[2026-02-10 14:35:54] Total: 40 items
[2026-02-10 14:35:54] Saved: 2 new items
[2026-02-10 14:35:54] Done
[2026-02-10 14:37:29] Real Trends Monitor starting...
[2026-02-10 14:37:29] Google Daily: 10 trends
[2026-02-10 14:37:32] HN: 30 stories
[2026-02-10 14:37:33] Reddit: 0 posts from 13 subs
[2026-02-10 14:37:33] Twitter: 0 tweets
[2026-02-10 14:37:33] Total: 40 items
[2026-02-10 14:37:33] Saved: 1 new items
[2026-02-10 14:37:33] Done
[2026-02-10 14:46:45] Real Trends Monitor starting...
[2026-02-10 14:46:46] Google Daily: 10 trends
[2026-02-10 14:46:49] HN: 30 stories
[2026-02-10 14:46:51] Reddit: 0 posts from 13 subs
[2026-02-10 14:46:51] Twitter: 0 tweets
[2026-02-10 14:46:51] Total: 40 items
[2026-02-10 14:46:51] Saved: 2 new items
[2026-02-10 14:46:51] Done
[2026-02-11 13:50:50] Real Trends Monitor starting...
[2026-02-11 13:50:50] Google Daily: 10 trends
[2026-02-11 13:50:53] HN: 30 stories
[2026-02-11 13:50:55] Reddit: 0 posts from 13 subs
[2026-02-11 13:50:55] Twitter: 0 tweets
[2026-02-11 13:50:55] Total: 40 items
[2026-02-11 13:50:55] Saved: 40 new items
[2026-02-11 13:50:55] Done
[2026-02-11 13:51:54] Real Trends Monitor starting...
[2026-02-11 13:51:54] Google Daily: 10 trends
[2026-02-11 13:51:57] HN: 30 stories
[2026-02-11 13:51:58] Reddit: 0 posts from 13 subs
[2026-02-11 13:51:58] Twitter: 0 tweets
[2026-02-11 13:51:58] Total: 40 items
[2026-02-11 13:51:58] Saved: 1 new items
[2026-02-11 13:51:58] Done
[2026-02-11 13:56:01] Real Trends Monitor starting...
[2026-02-11 13:56:01] Google Daily: 10 trends
[2026-02-11 13:56:04] HN: 30 stories
[2026-02-11 13:56:06] Reddit: 0 posts from 13 subs
[2026-02-11 13:56:06] Twitter: 0 tweets
[2026-02-11 13:56:06] Total: 40 items
[2026-02-11 13:56:06] Saved: 0 new items
[2026-02-11 13:56:06] Done
[2026-02-17 16:32:36] Real Trends Monitor starting...
[2026-02-17 16:32:36] Google Daily: 10 trends
[2026-02-17 16:32:39] HN: 30 stories
[2026-02-17 16:32:40] Reddit: 0 posts from 13 subs
[2026-02-17 16:32:41] Twitter: 0 tweets
[2026-02-17 16:32:41] Total: 40 items
[2026-02-17 16:32:41] Saved: 40 new items
[2026-02-17 16:32:41] Done
[2026-02-17 23:43:34] Real Trends Monitor starting...
[2026-02-17 23:43:34] Google Daily: 10 trends
[2026-02-17 23:43:37] HN: 30 stories
[2026-02-17 23:43:39] Reddit: 0 posts from 13 subs
[2026-02-17 23:43:39]   [DISABLED] Twitter trending fetch skipped — Bird CLI suspended
[2026-02-17 23:43:39] Total: 40 items
[2026-02-17 23:43:39] Saved: 40 new items
[2026-02-17 23:43:39] Done
[2026-02-17 23:46:20] Real Trends Monitor starting...
[2026-02-17 23:46:20] Google Daily: 10 trends
[2026-02-17 23:46:23] HN: 30 stories
[2026-02-17 23:46:24] Reddit: 0 posts from 13 subs
[2026-02-17 23:46:24]   [DISABLED] Twitter trending fetch skipped — Bird CLI suspended
[2026-02-17 23:46:24] Total: 40 items
[2026-02-17 23:46:24] Saved: 0 new items
[2026-02-17 23:46:25] Done
[2026-02-17 23:47:24] Real Trends Monitor starting...
[2026-02-17 23:47:24] Google Daily: 10 trends
[2026-02-17 23:47:27] HN: 30 stories
[2026-02-17 23:47:29] Reddit: 0 posts from 13 subs
[2026-02-17 23:47:29]   [DISABLED] Twitter trending fetch skipped — Bird CLI suspended
[2026-02-17 23:47:29] Total: 40 items
[2026-02-17 23:47:29] Saved: 0 new items
[2026-02-17 23:47:29] Done
[2026-02-18 10:04:23] Real Trends Monitor starting...
[2026-02-18 10:04:23] Google Daily: 10 trends
[2026-02-18 10:04:27] HN: 30 stories
[2026-02-18 10:04:28] Reddit: 0 posts from 13 subs
[2026-02-18 10:04:28]   [DISABLED] Twitter trending fetch skipped — Bird CLI suspended
[2026-02-18 10:04:28] Total: 40 items
[2026-02-18 10:04:28] Saved: 40 new items
[2026-02-18 10:04:28] Done
[2026-02-18 11:18:39] Real Trends Monitor starting...
[2026-02-18 11:18:39] Google Daily: 10 trends
[2026-02-18 11:18:42] HN: 30 stories
[2026-02-18 11:18:43] Reddit: 0 posts from 13 subs
[2026-02-18 11:18:43]   [DISABLED] Twitter trending fetch skipped — Bird CLI suspended
[2026-02-18 11:18:43] Total: 40 items
[2026-02-18 11:18:43] Saved: 40 new items
[2026-02-18 11:18:43] Done
[2026-02-18 13:00:02] Real Trends Monitor starting...
[2026-02-18 13:00:02] Google Daily: 10 trends
[2026-02-18 13:00:06] HN: 30 stories
[2026-02-18 13:00:07] Reddit: 0 posts from 13 subs
[2026-02-18 13:00:07]   [DISABLED] Twitter trending fetch skipped — Bird CLI suspended
[2026-02-18 13:00:07] Total: 40 items
[2026-02-18 13:00:07] Saved: 40 new items
[2026-02-18 13:00:07] Done
[2026-02-19 13:00:01] Real Trends Monitor starting...
[2026-02-19 13:00:01] Google Daily: 10 trends
[2026-02-19 13:00:04] HN: 30 stories
[2026-02-19 13:00:06] Reddit: 0 posts from 13 subs
[2026-02-19 13:00:06]   [DISABLED] Twitter trending fetch skipped — Bird CLI suspended
[2026-02-19 13:00:06] Total: 40 items
[2026-02-19 13:00:06] Saved: 40 new items
[2026-02-19 13:00:06] Done
[2026-02-19 15:34:35] Real Trends Monitor starting...
[2026-02-19 15:34:36] Google Daily: 10 trends
[2026-02-19 15:34:38] HN: 30 stories
[2026-02-19 15:34:40] Reddit: 0 posts from 13 subs
[2026-02-19 15:34:40]   [DISABLED] Twitter trending fetch skipped — Bird CLI suspended
[2026-02-19 15:34:40] Total: 40 items
[2026-02-19 15:34:40] Saved: 40 new items
[2026-02-19 15:34:40] Done
[2026-02-19 15:42:54] Real Trends Monitor starting...
[2026-02-19 15:42:54] Google Daily: 10 trends
[2026-02-19 15:42:57] HN: 30 stories
[2026-02-19 15:42:58] Reddit: 0 posts from 13 subs
[2026-02-19 15:42:58]   [DISABLED] Twitter trending fetch skipped — Bird CLI suspended
[2026-02-19 15:42:58] Total: 40 items
[2026-02-19 15:42:58] Saved: 0 new items
[2026-02-19 15:42:58] Done
[2026-02-19 15:46:08] Real Trends Monitor starting...
[2026-02-19 15:46:08] Google Daily: 10 trends
[2026-02-19 15:46:11] HN: 30 stories
[2026-02-19 15:46:13] Reddit: 0 posts from 13 subs
[2026-02-19 15:46:13]   [DISABLED] Twitter trending fetch skipped — Bird CLI suspended
[2026-02-19 15:46:13] Total: 40 items
[2026-02-19 15:46:13] Saved: 1 new items
[2026-02-19 15:46:13] Done
[2026-02-19 15:59:43] Real Trends Monitor starting...
[2026-02-19 15:59:43] Google Daily: 10 trends
[2026-02-19 15:59:46] HN: 30 stories
[2026-02-19 15:59:48] Reddit: 0 posts from 13 subs
[2026-02-19 15:59:48]   [DISABLED] Twitter trending fetch skipped — Bird CLI suspended
[2026-02-19 15:59:48] Total: 40 items
[2026-02-19 15:59:48] Saved: 2 new items
[2026-02-19 15:59:48] Done
[2026-02-20 13:00:02] Real Trends Monitor starting...
[2026-02-20 13:00:02] Google Daily: 10 trends
[2026-02-20 13:00:05] HN: 30 stories
[2026-02-20 13:00:06] Reddit: 0 posts from 13 subs
[2026-02-20 13:00:06]   [DISABLED] Twitter trending fetch skipped — Bird CLI suspended
[2026-02-20 13:00:06] Total: 40 items
[2026-02-20 13:00:06] Saved: 40 new items
[2026-02-20 13:00:06] Done
[2026-02-21 13:00:01] Real Trends Monitor starting...
[2026-02-21 13:00:01] Google Daily: 10 trends
[2026-02-21 13:00:05] HN: 30 stories
[2026-02-21 13:00:06] Reddit: 0 posts from 13 subs
[2026-02-21 13:00:06]   [DISABLED] Twitter trending fetch skipped — Bird CLI suspended
[2026-02-21 13:00:06] Total: 40 items
[2026-02-21 13:00:06] Saved: 40 new items
[2026-02-21 13:00:06] Done
[2026-02-22 13:00:02] Real Trends Monitor starting...
[2026-02-22 13:00:02] Google Daily: 10 trends
[2026-02-22 13:00:05] HN: 30 stories
[2026-02-22 13:00:06] Reddit: 0 posts from 13 subs
[2026-02-22 13:00:06]   [DISABLED] Twitter trending fetch skipped — Bird CLI suspended
[2026-02-22 13:00:06] Total: 40 items
[2026-02-22 13:00:06] Saved: 40 new items
[2026-02-22 13:00:06] Done
[2026-02-23 13:00:02] Real Trends Monitor starting...
[2026-02-23 13:00:02] Google Daily: 10 trends
[2026-02-23 13:00:05] HN: 30 stories
[2026-02-23 13:00:06] Reddit: 0 posts from 13 subs
[2026-02-23 13:00:06]   [DISABLED] Twitter trending fetch skipped — Bird CLI suspended
[2026-02-23 13:00:06] Total: 40 items
[2026-02-23 13:00:06] Saved: 40 new items
[2026-02-23 13:00:06] Done
[2026-02-23 14:50:51] Real Trends Monitor starting...
[2026-02-23 14:50:51] Google Daily: 10 trends
[2026-02-23 14:50:55] HN: 30 stories
[2026-02-23 14:50:56] Reddit: 0 posts from 13 subs
[2026-02-23 14:50:56]   [DISABLED] Twitter trending fetch skipped — Bird CLI suspended
[2026-02-23 14:50:56] Total: 40 items
[2026-02-23 14:50:56] Saved: 40 new items
[2026-02-23 14:50:56] Done
[2026-02-24 13:00:02] Real Trends Monitor starting...
[2026-02-24 13:00:02] Google Daily: 10 trends
[2026-02-24 13:00:05] HN: 30 stories
[2026-02-24 13:00:06] Reddit: 0 posts from 13 subs
[2026-02-24 13:00:06]   [DISABLED] Twitter trending fetch skipped — Bird CLI suspended
[2026-02-24 13:00:06] Total: 40 items
[2026-02-24 13:00:06] Saved: 40 new items
[2026-02-24 13:00:06] Done
[2026-02-25 13:00:02] Real Trends Monitor starting...
[2026-02-25 13:00:02] Google Daily: 10 trends
[2026-02-25 13:00:05] HN: 30 stories
[2026-02-25 13:00:07] Reddit: 0 posts from 13 subs
[2026-02-25 13:00:07]   [DISABLED] Twitter trending fetch skipped — Bird CLI suspended
[2026-02-25 13:00:07] Total: 40 items
[2026-02-25 13:00:07] Saved: 40 new items
[2026-02-25 13:00:07] Done
[2026-02-26 13:00:01] Real Trends Monitor starting...
[2026-02-26 13:00:02] Google Daily: 10 trends
[2026-02-26 13:00:07] HN: 30 stories
[2026-02-26 13:00:08] Reddit: 0 posts from 13 subs
[2026-02-26 13:00:08]   [DISABLED] Twitter trending fetch skipped — Bird CLI suspended
[2026-02-26 13:00:08] Total: 40 items
[2026-02-26 13:00:08] Saved: 40 new items
[2026-02-26 13:00:08] Done
[2026-02-27 13:00:01] Real Trends Monitor starting...
[2026-02-27 13:00:02] Google Daily: 10 trends
[2026-02-27 13:00:06] HN: 30 stories
[2026-02-27 13:00:07] Reddit: 0 posts from 13 subs
[2026-02-27 13:00:07]   [DISABLED] Twitter trending fetch skipped — Bird CLI suspended
[2026-02-27 13:00:07] Total: 40 items
[2026-02-27 13:00:07] Saved: 40 new items
[2026-02-27 13:00:07] Done
[2026-02-28 13:00:01] Real Trends Monitor starting...
[2026-02-28 13:00:01] Google Daily: 10 trends
[2026-02-28 13:00:07] HN: 30 stories
[2026-02-28 13:00:07] Reddit: 0 posts from 13 subs
[2026-02-28 13:00:07]   [DISABLED] Twitter trending fetch skipped — Bird CLI suspended
[2026-02-28 13:00:07] Total: 40 items
[2026-02-28 13:00:07] Saved: 40 new items
[2026-02-28 13:00:07] Done
[2026-03-01 13:00:01] Real Trends Monitor starting...
[2026-03-01 13:00:02] Google Daily: 10 trends
[2026-03-01 13:00:06] HN: 30 stories
[2026-03-01 13:00:07] Reddit: 0 posts from 13 subs
[2026-03-01 13:00:07]   [DISABLED] Twitter trending fetch skipped — Bird CLI suspended
[2026-03-01 13:00:07] Total: 40 items
[2026-03-01 13:00:07] Saved: 40 new items
[2026-03-01 13:00:07] Done
[2026-03-02 13:00:01] Real Trends Monitor starting...
[2026-03-02 13:00:02] Google Daily: 10 trends
[2026-03-02 13:00:07] HN: 30 stories
[2026-03-02 13:00:08] Reddit: 0 posts from 13 subs
[2026-03-02 13:00:08]   [DISABLED] Twitter trending fetch skipped — Bird CLI suspended
[2026-03-02 13:00:08] Total: 40 items
[2026-03-02 13:00:08] Saved: 40 new items
[2026-03-02 13:00:08] Done
[2026-03-03 13:00:01] Real Trends Monitor starting...
[2026-03-03 13:00:01] Google Daily: 10 trends
[2026-03-03 13:00:06] HN: 30 stories
[2026-03-03 13:00:07] Reddit: 0 posts from 13 subs
[2026-03-03 13:00:07]   [DISABLED] Twitter trending fetch skipped — Bird CLI suspended
[2026-03-03 13:00:07] Total: 40 items
[2026-03-03 13:00:07] Saved: 40 new items
[2026-03-03 13:00:07] Done
[2026-03-04 13:00:01] Real Trends Monitor starting...
[2026-03-04 13:00:02] Google Daily: 10 trends
[2026-03-04 13:00:07] HN: 30 stories
[2026-03-04 13:00:07] Reddit: 0 posts from 13 subs
[2026-03-04 13:00:07]   [DISABLED] Twitter trending fetch skipped — Bird CLI suspended
[2026-03-04 13:00:07] Total: 40 items
[2026-03-04 13:00:07] Saved: 40 new items
[2026-03-04 13:00:07] Done
[2026-03-05 13:00:01] Real Trends Monitor starting...
[2026-03-05 13:00:02] Google Daily: 10 trends
[2026-03-05 13:00:09] HN: 30 stories
[2026-03-05 13:00:10] Reddit: 0 posts from 13 subs
[2026-03-05 13:00:10]   [DISABLED] Twitter trending fetch skipped — Bird CLI suspended
[2026-03-05 13:00:10] Total: 40 items
[2026-03-05 13:00:15] Save error: database is locked
[2026-03-05 13:00:19] Saved: 39 new items
[2026-03-05 13:00:19] Done
[2026-03-06 13:00:01] Real Trends Monitor starting...
[2026-03-06 13:00:02] Google Daily: 10 trends
