[2026-02-04 04:01:14] Substack monitor starting...
[2026-02-04 04:01:14] Fetching newsletter feeds...
[2026-02-04 04:01:15]   The Neuron: 0 posts
[2026-02-04 04:01:16]   AI Supremacy: 3 posts
[2026-02-04 04:01:16]   The Rundown AI: 0 posts
[2026-02-04 04:01:17]   Ben's Bites: 0 posts
[2026-02-04 04:01:17]   Superhuman: 0 posts
[2026-02-04 04:01:18]   The Hustle: 0 posts
[2026-02-04 04:01:18]   Lenny's Newsletter: 3 posts
[2026-02-04 04:01:18]   The Profile: 3 posts
[2026-02-04 04:01:20]   Indie Hackers: 0 posts
[2026-02-04 04:01:20]   Starter Story: 0 posts
[2026-02-04 04:01:20] Found 9 posts
[2026-02-04 04:01:20] Saved 9 new posts
[2026-02-04 04:01:20] Summary generated
[2026-02-04 04:01:20] Done
[2026-02-04 13:27:52] Substack monitor starting...
[2026-02-04 13:27:52] Fetching newsletter feeds...
[2026-02-04 13:27:53]   The Neuron: 0 posts
[2026-02-04 13:27:53]   AI Supremacy: 3 posts
[2026-02-04 13:27:54]   The Rundown AI: 0 posts
[2026-02-04 13:27:55]   Ben's Bites: 0 posts
[2026-02-04 13:27:56]   Superhuman: 0 posts
[2026-02-04 13:27:57]   The Hustle: 0 posts
[2026-02-04 13:27:57]   Lenny's Newsletter: 3 posts
[2026-02-04 13:27:57]   The Profile: 3 posts
[2026-02-04 13:27:59]   Indie Hackers: 0 posts
[2026-02-04 13:27:59]   Starter Story: 0 posts
[2026-02-04 13:27:59] Found 9 posts
[2026-02-04 13:27:59] Saved 9 new posts
[2026-02-04 13:27:59] Summary generated
[2026-02-04 13:27:59] Done
[2026-02-04 13:28:59] Substack monitor starting...
[2026-02-04 13:28:59] Fetching newsletter feeds...
[2026-02-04 13:28:59]   The Neuron: 0 posts
[2026-02-04 13:29:00]   AI Supremacy: 3 posts
[2026-02-04 13:29:00]   The Rundown AI: 0 posts
[2026-02-04 13:29:01]   Ben's Bites: 0 posts
[2026-02-04 13:29:01]   Superhuman: 0 posts
[2026-02-04 13:29:02]   The Hustle: 0 posts
[2026-02-04 13:29:02]   Lenny's Newsletter: 3 posts
[2026-02-04 13:29:02]   The Profile: 3 posts
[2026-02-04 13:29:06]   Indie Hackers: 0 posts
[2026-02-04 13:29:06]   Starter Story: 0 posts
[2026-02-04 13:29:06] Found 9 posts
[2026-02-04 13:29:06] Saved 9 new posts
[2026-02-04 13:29:06] Summary generated
[2026-02-04 13:29:06] Done
[2026-02-04 13:51:10] Substack monitor starting...
[2026-02-04 13:51:10] Fetching newsletter feeds...
[2026-02-04 13:51:11]   The Neuron: 0 posts
[2026-02-04 13:51:11]   AI Supremacy: 3 posts
[2026-02-04 13:51:12]   The Rundown AI: 0 posts
[2026-02-04 13:51:12]   Ben's Bites: 0 posts
[2026-02-04 13:51:13]   Superhuman: 0 posts
[2026-02-04 13:51:13]   The Hustle: 0 posts
[2026-02-04 13:51:13]   Lenny's Newsletter: 3 posts
[2026-02-04 13:51:14]   The Profile: 3 posts
[2026-02-04 13:51:16]   Indie Hackers: 0 posts
[2026-02-04 13:51:17]   Starter Story: 0 posts
[2026-02-04 13:51:17] Found 9 posts
[2026-02-04 13:51:17] Saved 9 new posts
[2026-02-04 13:51:17] Summary generated
[2026-02-04 13:51:17] Done
[2026-02-04 13:59:29] Substack monitor starting...
[2026-02-04 13:59:29] Fetching newsletter feeds...
[2026-02-04 13:59:29]   The Neuron: 0 posts
[2026-02-04 13:59:30]   AI Supremacy: 3 posts
[2026-02-04 13:59:30]   The Rundown AI: 0 posts
[2026-02-04 13:59:31]   Ben's Bites: 0 posts
[2026-02-04 13:59:31]   Superhuman: 0 posts
[2026-02-04 13:59:32]   The Hustle: 0 posts
[2026-02-04 13:59:32]   Lenny's Newsletter: 3 posts
[2026-02-04 13:59:32]   The Profile: 3 posts
[2026-02-04 13:59:34]   Indie Hackers: 0 posts
[2026-02-04 13:59:34]   Starter Story: 0 posts
[2026-02-04 13:59:34] Found 9 posts
[2026-02-04 13:59:34] Saved 9 new posts
[2026-02-04 13:59:34] Summary generated
[2026-02-04 13:59:34] Done
