[2026-02-08 13:03:20] Topic Aggregator v6 - Smart trending detection
[2026-02-08 13:03:20] Fetching Reddit...
[2026-02-08 13:03:24] Reading HN...
[2026-02-08 13:03:24] Reading YouTube...
[2026-02-08 13:03:24] Reading Twitter...
[2026-02-08 13:03:24] Gathered 173 content items
[2026-02-08 13:03:24] Found: 1 trending, 12 spreading, 0 exploding
[2026-02-08 13:03:24] Saved 11 topics
[2026-02-08 13:03:24] Done
[2026-02-08 13:13:06] Topic Aggregator v6 - Smart trending detection
[2026-02-08 13:13:06] Fetching Reddit...
[2026-02-08 13:13:11] Reading HN...
[2026-02-08 13:13:11] Reading YouTube...
[2026-02-08 13:13:11] Reading Twitter...
[2026-02-08 13:13:11] Gathered 191 content items
[2026-02-08 13:13:11] Found: 1 trending, 11 spreading, 0 exploding
[2026-02-08 13:13:11] Saved 11 topics
[2026-02-08 13:13:11] Done
[2026-02-08 13:34:37] Topic Aggregator v6 - Smart trending detection
[2026-02-08 13:34:37] Fetching Reddit...
[2026-02-08 13:34:42] Reading HN...
[2026-02-08 13:34:42] Reading YouTube...
[2026-02-08 13:34:42] Reading Twitter...
[2026-02-08 13:34:42] Gathered 210 content items
[2026-02-08 13:34:42] Found: 1 trending, 11 spreading, 0 exploding
[2026-02-08 13:34:42] Saved 11 topics
[2026-02-08 13:34:42] Done
[2026-02-08 14:30:54] Topic Aggregator v6 - Smart trending detection
[2026-02-08 14:30:54] Fetching Reddit...
[2026-02-08 14:30:58] Reading HN...
[2026-02-08 14:30:58] Reading YouTube...
[2026-02-08 14:30:58] Reading Twitter...
[2026-02-08 14:30:58] Gathered 249 content items
[2026-02-08 14:30:59] Found: 1 trending, 11 spreading, 0 exploding
[2026-02-08 14:30:59] Saved 11 topics
[2026-02-08 14:30:59] Done
[2026-02-08 14:52:53] Topic Aggregator v6 - Smart trending detection
[2026-02-08 14:52:53] Fetching Reddit...
[2026-02-08 14:52:58] Reading HN...
[2026-02-08 14:52:58] Reading YouTube...
[2026-02-08 14:52:58] Reading Twitter...
[2026-02-08 14:52:58] Gathered 267 content items
[2026-02-08 14:52:58] Found: 1 trending, 11 spreading, 0 exploding
[2026-02-08 14:52:58] Saved 11 topics
[2026-02-08 14:52:58] Done
[2026-02-08 14:57:12] Topic Aggregator v6 - Smart trending detection
[2026-02-08 14:57:12] Fetching Reddit...
[2026-02-08 14:57:16] Reading HN...
[2026-02-08 14:57:16] Reading YouTube...
[2026-02-08 14:57:16] Reading Twitter...
[2026-02-08 14:57:16] Gathered 284 content items
[2026-02-08 14:57:17] Found: 1 trending, 12 spreading, 0 exploding
[2026-02-08 14:57:17] Saved 11 topics
[2026-02-08 14:57:17] Done
[2026-02-08 15:06:40] Topic Aggregator v6 - Smart trending detection
[2026-02-08 15:06:40] Fetching Reddit...
[2026-02-08 15:06:45] Reading HN...
[2026-02-08 15:06:45] Reading YouTube...
[2026-02-08 15:06:45] Reading Twitter...
[2026-02-08 15:06:45] Gathered 326 content items
[2026-02-08 15:06:45] Found: 1 trending, 12 spreading, 0 exploding
[2026-02-08 15:06:45] Saved 11 topics
[2026-02-08 15:06:45] Done
[2026-02-09 13:02:34] Topic Aggregator v6 - Smart trending detection
[2026-02-09 13:02:34] Fetching Reddit...
[2026-02-09 13:02:39] Reading HN...
[2026-02-09 13:02:39] Reading YouTube...
[2026-02-09 13:02:39] Reading Twitter...
[2026-02-09 13:02:39] Gathered 309 content items
[2026-02-09 13:02:39] Found: 0 trending, 23 spreading, 0 exploding
[2026-02-09 13:02:39] Saved 10 topics
[2026-02-09 13:02:39] Done
[2026-02-10 13:11:40] Topic Aggregator v6 - Smart trending detection
[2026-02-10 13:11:40] Fetching Reddit...
[2026-02-10 13:12:05] Topic Aggregator v6 - Smart trending detection
[2026-02-10 13:12:05] Fetching Reddit...
[2026-02-10 13:12:10] Reading HN...
[2026-02-10 13:12:10] Reading YouTube...
[2026-02-10 13:12:10] Reading Twitter...
[2026-02-10 13:12:10] Gathered 155 content items
[2026-02-10 13:12:10] Found: 0 trending, 18 spreading, 0 exploding
[2026-02-10 13:12:10] Saved 10 topics
[2026-02-10 13:12:10] Done
[2026-02-10 13:14:41] Topic Aggregator v6 - Smart trending detection
[2026-02-10 13:14:41] Fetching Reddit...
[2026-02-10 13:14:45] Reading HN...
[2026-02-10 13:14:45] Reading YouTube...
[2026-02-10 13:14:45] Reading Twitter...
[2026-02-10 13:14:45] Gathered 168 content items
[2026-02-10 13:14:45] Found: 0 trending, 19 spreading, 0 exploding
[2026-02-10 13:14:45] Saved 10 topics
[2026-02-10 13:14:45] Done
[2026-02-10 13:18:13] Topic Aggregator v6 - Smart trending detection
[2026-02-10 13:18:13] Fetching Reddit...
[2026-02-10 13:18:18] Reading HN...
[2026-02-10 13:18:18] Reading YouTube...
[2026-02-10 13:18:18] Reading Twitter...
[2026-02-10 13:18:18] Gathered 180 content items
[2026-02-10 13:18:18] Found: 0 trending, 19 spreading, 0 exploding
[2026-02-10 13:18:18] Saved 10 topics
[2026-02-10 13:18:18] Done
[2026-02-10 13:31:40] Topic Aggregator v6 - Smart trending detection
[2026-02-10 13:31:40] Fetching Reddit...
[2026-02-10 13:31:45] Reading HN...
[2026-02-10 13:31:45] Reading YouTube...
[2026-02-10 13:31:45] Reading Twitter...
[2026-02-10 13:31:45] Gathered 180 content items
[2026-02-10 13:31:45] Found: 0 trending, 19 spreading, 0 exploding
[2026-02-10 13:31:45] Saved 10 topics
[2026-02-10 13:31:45] Done
[2026-02-10 13:35:00] Topic Aggregator v6 - Smart trending detection
[2026-02-10 13:35:00] Fetching Reddit...
[2026-02-10 13:35:05] Reading HN...
[2026-02-10 13:35:05] Reading YouTube...
[2026-02-10 13:35:05] Reading Twitter...
[2026-02-10 13:35:05] Gathered 193 content items
[2026-02-10 13:35:05] Found: 0 trending, 20 spreading, 0 exploding
[2026-02-10 13:35:05] Saved 10 topics
[2026-02-10 13:35:05] Done
[2026-02-10 14:19:26] Topic Aggregator v6 - Smart trending detection
[2026-02-10 14:19:26] Fetching Reddit...
[2026-02-10 14:19:31] Reading HN...
[2026-02-10 14:19:31] Reading YouTube...
[2026-02-10 14:19:31] Reading Twitter...
[2026-02-10 14:19:31] Gathered 232 content items
[2026-02-10 14:19:31] Found: 0 trending, 20 spreading, 0 exploding
[2026-02-10 14:19:31] Saved 10 topics
[2026-02-10 14:19:31] Done
[2026-02-10 14:23:14] Topic Aggregator v6 - Smart trending detection
[2026-02-10 14:23:14] Fetching Reddit...
[2026-02-10 14:23:19] Reading HN...
[2026-02-10 14:23:19] Reading YouTube...
[2026-02-10 14:23:19] Reading Twitter...
[2026-02-10 14:23:19] Gathered 245 content items
[2026-02-10 14:23:19] Found: 0 trending, 21 spreading, 0 exploding
[2026-02-10 14:23:19] Saved 10 topics
[2026-02-10 14:23:19] Done
[2026-02-10 14:26:50] Topic Aggregator v6 - Smart trending detection
[2026-02-10 14:26:50] Fetching Reddit...
[2026-02-10 14:26:55] Reading HN...
[2026-02-10 14:26:55] Reading YouTube...
[2026-02-10 14:26:55] Reading Twitter...
[2026-02-10 14:26:55] Gathered 261 content items
[2026-02-10 14:26:55] Found: 0 trending, 21 spreading, 0 exploding
[2026-02-10 14:26:55] Saved 10 topics
[2026-02-10 14:26:55] Done
[2026-02-10 14:30:41] Topic Aggregator v6 - Smart trending detection
[2026-02-10 14:30:41] Fetching Reddit...
[2026-02-10 14:30:46] Reading HN...
[2026-02-10 14:30:46] Reading YouTube...
[2026-02-10 14:30:46] Reading Twitter...
[2026-02-10 14:30:46] Gathered 270 content items
[2026-02-10 14:30:46] Found: 0 trending, 21 spreading, 0 exploding
[2026-02-10 14:30:46] Saved 10 topics
[2026-02-10 14:30:46] Done
[2026-02-10 14:34:51] Topic Aggregator v6 - Smart trending detection
[2026-02-10 14:34:51] Fetching Reddit...
[2026-02-10 14:34:55] Reading HN...
[2026-02-10 14:34:55] Reading YouTube...
[2026-02-10 14:34:55] Reading Twitter...
[2026-02-10 14:34:55] Gathered 284 content items
[2026-02-10 14:34:55] Found: 0 trending, 21 spreading, 0 exploding
[2026-02-10 14:34:55] Saved 10 topics
[2026-02-10 14:34:55] Done
[2026-02-10 14:39:00] Topic Aggregator v6 - Smart trending detection
[2026-02-10 14:39:00] Fetching Reddit...
[2026-02-10 14:39:05] Reading HN...
[2026-02-10 14:39:05] Reading YouTube...
[2026-02-10 14:39:05] Reading Twitter...
[2026-02-10 14:39:05] Gathered 299 content items
[2026-02-10 14:39:05] Found: 0 trending, 21 spreading, 0 exploding
[2026-02-10 14:39:05] Saved 10 topics
[2026-02-10 14:39:05] Done
[2026-02-10 14:41:02] Topic Aggregator v6 - Smart trending detection
[2026-02-10 14:41:02] Fetching Reddit...
[2026-02-10 14:41:07] Reading HN...
[2026-02-10 14:41:07] Reading YouTube...
[2026-02-10 14:41:07] Reading Twitter...
[2026-02-10 14:41:07] Gathered 308 content items
[2026-02-10 14:41:07] Found: 0 trending, 21 spreading, 0 exploding
[2026-02-10 14:41:07] Saved 10 topics
[2026-02-10 14:41:07] Done
[2026-02-10 14:50:04] Topic Aggregator v6 - Smart trending detection
[2026-02-10 14:50:04] Fetching Reddit...
[2026-02-10 14:50:09] Reading HN...
[2026-02-10 14:50:09] Reading YouTube...
[2026-02-10 14:50:09] Reading Twitter...
[2026-02-10 14:50:09] Gathered 321 content items
[2026-02-10 14:50:09] Found: 0 trending, 21 spreading, 0 exploding
[2026-02-10 14:50:09] Saved 10 topics
[2026-02-10 14:50:09] Done
[2026-02-11 13:58:26] Topic Aggregator v6 - Smart trending detection
[2026-02-11 13:58:26] Fetching Reddit...
[2026-02-11 13:58:31] Reading HN...
[2026-02-11 13:58:31] Reading YouTube...
[2026-02-11 13:58:31] Reading Twitter...
[2026-02-11 13:58:31] Gathered 304 content items
[2026-02-11 13:58:31] Found: 0 trending, 33 spreading, 0 exploding
[2026-02-11 13:58:31] Saved 10 topics
[2026-02-11 13:58:31] Done
[2026-02-17 16:36:32] Topic Aggregator v6 - Smart trending detection
[2026-02-17 16:36:32] Fetching Reddit...
[2026-02-17 16:36:38] Reading HN...
[2026-02-17 16:36:38] Reading YouTube...
[2026-02-17 16:36:38] Reading Twitter...
[2026-02-17 16:36:38] Gathered 80 content items
[2026-02-17 16:36:38] Found: 0 trending, 16 spreading, 0 exploding
[2026-02-17 16:36:38] Saved 10 topics
[2026-02-17 16:36:38] Done
[2026-02-17 23:45:54] Topic Aggregator v6 - Smart trending detection
[2026-02-17 23:45:54] Fetching Reddit...
[2026-02-17 23:46:00] Reading HN...
[2026-02-17 23:46:00] Reading YouTube...
[2026-02-17 23:46:00] Reading Twitter...
[2026-02-17 23:46:00] Gathered 132 content items
[2026-02-17 23:46:00] Found: 0 trending, 23 spreading, 0 exploding
[2026-02-17 23:46:00] Saved 10 topics
[2026-02-17 23:46:00] Done
[2026-02-18 10:05:33] Topic Aggregator v6 - Smart trending detection
[2026-02-18 10:05:33] Fetching Reddit...
[2026-02-18 10:05:39] Reading HN...
[2026-02-18 10:05:39] Reading YouTube...
[2026-02-18 10:05:39] Reading Twitter...
[2026-02-18 10:05:39] Gathered 196 content items
[2026-02-18 10:05:39] Found: 0 trending, 29 spreading, 0 exploding
[2026-02-18 10:05:39] Saved 10 topics
[2026-02-18 10:05:39] Done
[2026-02-18 11:20:41] Topic Aggregator v6 - Smart trending detection
[2026-02-18 11:20:41] Fetching Reddit...
[2026-02-18 11:20:47] Reading HN...
[2026-02-18 11:20:47] Reading YouTube...
[2026-02-18 11:20:47] Reading Twitter...
[2026-02-18 11:20:47] Gathered 245 content items
[2026-02-18 11:20:47] Found: 1 trending, 30 spreading, 0 exploding
[2026-02-18 11:20:47] Saved 11 topics
[2026-02-18 11:20:47] Done
[2026-02-18 13:02:12] Topic Aggregator v6 - Smart trending detection
[2026-02-18 13:02:12] Fetching Reddit...
[2026-02-18 13:02:18] Reading HN...
[2026-02-18 13:02:18] Reading YouTube...
[2026-02-18 13:02:18] Reading Twitter...
[2026-02-18 13:02:18] Gathered 294 content items
[2026-02-18 13:02:18] Found: 1 trending, 32 spreading, 0 exploding
[2026-02-18 13:02:18] Saved 11 topics
[2026-02-18 13:02:18] Done
[2026-02-19 13:01:40] Topic Aggregator v6 - Smart trending detection
[2026-02-19 13:01:40] Fetching Reddit...
[2026-02-19 13:01:45] Reading HN...
[2026-02-19 13:01:45] Reading YouTube...
[2026-02-19 13:01:45] Reading Twitter...
[2026-02-19 13:01:45] Gathered 170 content items
[2026-02-19 13:01:45] Found: 0 trending, 10 spreading, 1 exploding
[2026-02-19 13:01:45] Saved 11 topics
[2026-02-19 13:01:45] Done
[2026-02-19 15:35:54] Topic Aggregator v6 - Smart trending detection
[2026-02-19 15:35:54] Fetching Reddit...
[2026-02-19 15:35:59] Reading HN...
[2026-02-19 15:35:59] Reading YouTube...
[2026-02-19 15:35:59] Reading Twitter...
[2026-02-19 15:35:59] Gathered 224 content items
[2026-02-19 15:35:59] Found: 0 trending, 12 spreading, 1 exploding
[2026-02-19 15:35:59] Saved 11 topics
[2026-02-19 15:35:59] Done
[2026-02-19 15:43:49] Topic Aggregator v6 - Smart trending detection
[2026-02-19 15:43:49] Fetching Reddit...
[2026-02-19 15:43:54] Reading HN...
[2026-02-19 15:43:54] Reading YouTube...
[2026-02-19 15:43:54] Reading Twitter...
[2026-02-19 15:43:54] Gathered 244 content items
[2026-02-19 15:43:54] Found: 0 trending, 12 spreading, 1 exploding
[2026-02-19 15:43:54] Saved 11 topics
[2026-02-19 15:43:54] Done
[2026-02-19 15:47:00] Topic Aggregator v6 - Smart trending detection
[2026-02-19 15:47:00] Fetching Reddit...
[2026-02-19 15:47:05] Reading HN...
[2026-02-19 15:47:05] Reading YouTube...
[2026-02-19 15:47:05] Reading Twitter...
[2026-02-19 15:47:05] Gathered 255 content items
[2026-02-19 15:47:06] Found: 0 trending, 12 spreading, 1 exploding
[2026-02-19 15:47:06] Saved 11 topics
[2026-02-19 15:47:06] Done
[2026-02-20 13:01:17] Topic Aggregator v6 - Smart trending detection
[2026-02-20 13:01:17] Fetching Reddit...
[2026-02-20 13:01:22] Reading HN...
[2026-02-20 13:01:22] Reading YouTube...
[2026-02-20 13:01:22] Reading Twitter...
[2026-02-20 13:01:22] Gathered 198 content items
[2026-02-20 13:01:22] Found: 0 trending, 23 spreading, 0 exploding
[2026-02-20 13:01:22] Saved 10 topics
[2026-02-20 13:01:22] Done
[2026-02-21 13:01:06] Topic Aggregator v6 - Smart trending detection
[2026-02-21 13:01:06] Fetching Reddit...
[2026-02-21 13:01:12] Reading HN...
[2026-02-21 13:01:12] Reading YouTube...
[2026-02-21 13:01:12] Reading Twitter...
[2026-02-21 13:01:12] Gathered 101 content items
[2026-02-21 13:01:12] Found: 0 trending, 10 spreading, 0 exploding
[2026-02-21 13:01:12] Saved 10 topics
[2026-02-21 13:01:12] Done
[2026-02-22 13:01:08] Topic Aggregator v6 - Smart trending detection
[2026-02-22 13:01:08] Fetching Reddit...
[2026-02-22 13:01:12] Reading HN...
[2026-02-22 13:01:12] Reading YouTube...
[2026-02-22 13:01:12] Reading Twitter...
[2026-02-22 13:01:12] Gathered 106 content items
[2026-02-22 13:01:12] Found: 0 trending, 18 spreading, 3 exploding
[2026-02-22 13:01:12] Saved 13 topics
[2026-02-22 13:01:12] Done
[2026-02-23 13:01:02] Topic Aggregator v6 - Smart trending detection
[2026-02-23 13:01:02] Fetching Reddit...
[2026-02-23 13:01:07] Reading HN...
[2026-02-23 13:01:07] Reading YouTube...
[2026-02-23 13:01:07] Reading Twitter...
[2026-02-23 13:01:07] Gathered 122 content items
[2026-02-23 13:01:07] Found: 0 trending, 12 spreading, 0 exploding
[2026-02-23 13:01:07] Saved 10 topics
[2026-02-23 13:01:07] Done
[2026-02-23 14:51:10] Topic Aggregator v6 - Smart trending detection
[2026-02-23 14:51:10] Fetching Reddit...
[2026-02-23 14:51:16] Reading HN...
[2026-02-23 14:51:16] Reading YouTube...
[2026-02-23 14:51:16] Reading Twitter...
[2026-02-23 14:51:16] Gathered 197 content items
[2026-02-23 14:51:16] Found: 0 trending, 15 spreading, 1 exploding
[2026-02-23 14:51:16] Saved 11 topics
[2026-02-23 14:51:16] Done
[2026-02-24 13:01:04] Topic Aggregator v6 - Smart trending detection
[2026-02-24 13:01:04] Fetching Reddit...
[2026-02-24 13:01:09] Reading HN...
[2026-02-24 13:01:09] Reading YouTube...
[2026-02-24 13:01:09] Reading Twitter...
[2026-02-24 13:01:09] Gathered 195 content items
[2026-02-24 13:01:09] Found: 2 trending, 26 spreading, 1 exploding
[2026-02-24 13:01:09] Saved 13 topics
[2026-02-24 13:01:09] Done
[2026-02-25 13:01:15] Topic Aggregator v6 - Smart trending detection
[2026-02-25 13:01:15] Fetching Reddit...
[2026-02-25 13:01:20] Reading HN...
[2026-02-25 13:01:20] Reading YouTube...
[2026-02-25 13:01:20] Reading Twitter...
[2026-02-25 13:01:20] Gathered 141 content items
[2026-02-25 13:01:20] Found: 0 trending, 14 spreading, 3 exploding
[2026-02-25 13:01:20] Saved 13 topics
[2026-02-25 13:01:20] Done
[2026-02-26 13:01:14] Topic Aggregator v6 - Smart trending detection
[2026-02-26 13:01:14] Fetching Reddit...
[2026-02-26 13:01:18] Reading HN...
[2026-02-26 13:01:18] Reading YouTube...
[2026-02-26 13:01:18] Reading Twitter...
[2026-02-26 13:01:18] Gathered 114 content items
[2026-02-26 13:01:19] Found: 0 trending, 14 spreading, 1 exploding
[2026-02-26 13:01:19] Saved 11 topics
[2026-02-26 13:01:19] Done
[2026-02-27 13:01:24] Topic Aggregator v6 - Smart trending detection
[2026-02-27 13:01:24] Fetching Reddit...
[2026-02-27 13:01:28] Reading HN...
[2026-02-27 13:01:28] Reading YouTube...
[2026-02-27 13:01:28] Reading Twitter...
[2026-02-27 13:01:28] Gathered 113 content items
[2026-02-27 13:01:28] Found: 0 trending, 8 spreading, 1 exploding
[2026-02-27 13:01:28] Saved 9 topics
[2026-02-27 13:01:28] Done
[2026-02-28 13:01:10] Topic Aggregator v6 - Smart trending detection
[2026-02-28 13:01:10] Fetching Reddit...
[2026-02-28 13:01:15] Reading HN...
[2026-02-28 13:01:15] Reading YouTube...
[2026-02-28 13:01:15] Reading Twitter...
[2026-02-28 13:01:15] Gathered 116 content items
[2026-02-28 13:01:15] Found: 0 trending, 16 spreading, 0 exploding
[2026-02-28 13:01:15] Saved 10 topics
[2026-02-28 13:01:15] Done
[2026-03-01 13:01:06] Topic Aggregator v6 - Smart trending detection
[2026-03-01 13:01:06] Fetching Reddit...
[2026-03-01 13:01:10] Reading HN...
[2026-03-01 13:01:10] Reading YouTube...
[2026-03-01 13:01:10] Reading Twitter...
[2026-03-01 13:01:10] Gathered 106 content items
[2026-03-01 13:01:10] Found: 1 trending, 14 spreading, 2 exploding
[2026-03-01 13:01:10] Saved 13 topics
[2026-03-01 13:01:10] Done
[2026-03-02 13:01:39] Topic Aggregator v6 - Smart trending detection
[2026-03-02 13:01:39] Fetching Reddit...
[2026-03-02 13:01:44] Reading HN...
[2026-03-02 13:01:44] Reading YouTube...
[2026-03-02 13:01:44] Reading Twitter...
[2026-03-02 13:01:44] Gathered 112 content items
[2026-03-02 13:01:44] Found: 1 trending, 16 spreading, 0 exploding
[2026-03-02 13:01:44] Saved 11 topics
[2026-03-02 13:01:44] Done
[2026-03-03 13:01:19] Topic Aggregator v6 - Smart trending detection
[2026-03-03 13:01:19] Fetching Reddit...
[2026-03-03 13:01:24] Reading HN...
[2026-03-03 13:01:24] Reading YouTube...
[2026-03-03 13:01:24] Reading Twitter...
[2026-03-03 13:01:24] Gathered 115 content items
[2026-03-03 13:01:24] Found: 0 trending, 13 spreading, 1 exploding
[2026-03-03 13:01:24] Saved 11 topics
[2026-03-03 13:01:24] Done
[2026-03-04 13:01:27] Topic Aggregator v6 - Smart trending detection
[2026-03-04 13:01:27] Fetching Reddit...
[2026-03-04 13:01:32] Reading HN...
[2026-03-04 13:01:32] Reading YouTube...
[2026-03-04 13:01:32] Reading Twitter...
[2026-03-04 13:01:32] Gathered 116 content items
[2026-03-04 13:01:32] Found: 0 trending, 12 spreading, 3 exploding
[2026-03-04 13:01:32] Saved 13 topics
[2026-03-04 13:01:32] Done
[2026-03-05 13:01:10] Topic Aggregator v6 - Smart trending detection
[2026-03-05 13:01:10] Fetching Reddit...
[2026-03-05 13:01:15] Reading HN...
[2026-03-05 13:01:15] Reading YouTube...
[2026-03-05 13:01:15] Reading Twitter...
[2026-03-05 13:01:15] Gathered 118 content items
[2026-03-05 13:01:15] Found: 0 trending, 16 spreading, 2 exploding
[2026-03-05 13:01:15] Saved 12 topics
[2026-03-05 13:01:15] Done
