Found 8515 accounts to block
[1/8515] @uzhve... BLOCKED
[2/8515] @powelki... BLOCKED
[3/8515] @newjeremyyork... BLOCKED
[4/8515] @wariussays... BLOCKED
[5/8515] @abbysueann... BLOCKED
[6/8515] @fishtony... BLOCKED
[7/8515] @vldp... BLOCKED
[8/8515] @zenasmeta... BLOCKED
[9/8515] @robbsguagua... BLOCKED
[10/8515] @vp143... BLOCKED
[11/8515] @_tfb12... BLOCKED
[12/8515] @yndaynda... BLOCKED
[13/8515] @adellecollins... BLOCKED
[14/8515] @sothebysjewels... BLOCKED
[15/8515] @Globalertrotter... BLOCKED
[16/8515] @Marty_Spinner... BLOCKED
[17/8515] @Morencis... BLOCKED
[18/8515] @shigredjp... BLOCKED
[19/8515] @sbardelas... BLOCKED
[20/8515] @SteelerPanda... BLOCKED
[21/8515] @JBk1973... BLOCKED
[22/8515] @calmb4... BLOCKED
[23/8515] @Skakala... BLOCKED
[24/8515] @M_Collier... BLOCKED
[25/8515] @CJSayde... BLOCKED
[26/8515] @mkoke11... BLOCKED
[27/8515] @harpersblog... BLOCKED
[28/8515] @crazyshellyj... BLOCKED
[29/8515] @camsbiggestfan... BLOCKED
[30/8515] @tylerjohnxyz... BLOCKED
[31/8515] @heatheranndemar... BLOCKED
[32/8515] @TallOne777... BLOCKED
[33/8515] @jrmathis... BLOCKED
[34/8515] @nashta_12... BLOCKED
[35/8515] @sujayyeole... BLOCKED
[36/8515] @gabrielrj_eth... BLOCKED
[37/8515] @BurkeColby... BLOCKED
[38/8515] @Tanner_Anderson... BLOCKED
[39/8515] @MediaTarget... BLOCKED
[40/8515] @applause4paws... BLOCKED
[41/8515] @explicitdot... BLOCKED
[42/8515] @Lennasava87... BLOCKED
[43/8515] @AndrewMagne... BLOCKED
[44/8515] @guachinanga... BLOCKED
[45/8515] @marius_pui... BLOCKED
[46/8515] @lestertell... BLOCKED
[47/8515] @mmustafa99... BLOCKED
[48/8515] @Loupmonk... BLOCKED
[49/8515] @habib345... BLOCKED
[50/8515] @followkango... BLOCKED
[51/8515] @rickityrick11... BLOCKED
[52/8515] @SaadUsual... BLOCKED
[53/8515] @bllockgraze... BLOCKED
[54/8515] @arnold_nangoi... BLOCKED
[55/8515] @martomanmarto... BLOCKED
[56/8515] @kangokai... BLOCKED
[57/8515] @eazzymu11... BLOCKED
[58/8515] @jasonwarner100... BLOCKED
[59/8515] @Melviniha... BLOCKED
[60/8515] @yubivl... BLOCKED
[61/8515] @haroutkav... BLOCKED
[62/8515] @joserafael0336... BLOCKED
[63/8515] @kelp388... BLOCKED
[64/8515] @crau87... BLOCKED
[65/8515] @neungmobile... BLOCKED
[66/8515] @PBarreyro... BLOCKED
[67/8515] @launeywalter... BLOCKED
[68/8515] @MLGdelCDalCF... BLOCKED
[69/8515] @efrangos... BLOCKED
[70/8515] @emmabyrne88... BLOCKED
[71/8515] @sophrosyne9... BLOCKED
[72/8515] @pjc1223... BLOCKED
[73/8515] @caryl110... BLOCKED
[74/8515] @carADA_uno... BLOCKED
[75/8515] @nidkeyse... BLOCKED
[76/8515] @JulieAriel143... BLOCKED
[77/8515] @MaddMatt118... BLOCKED
[78/8515] @Youngstokas... BLOCKED
[79/8515] @rubecred21... BLOCKED
[80/8515] @aco57a... BLOCKED
[81/8515] @pankajbse1... BLOCKED
[82/8515] @intrzionale1908... BLOCKED
[83/8515] @myn0uz... BLOCKED
[84/8515] @kibae_reggae... BLOCKED
[85/8515] @rosa_rmjoa... BLOCKED
[86/8515] @gpetremihai... BLOCKED
[87/8515] @rltoms... BLOCKED
[88/8515] @Sd2113... BLOCKED
[89/8515] @buuhapanda... BLOCKED
[90/8515] @kaybeeish... BLOCKED
[91/8515] @makeeverydaygr... BLOCKED
[92/8515] @dfteedgdrhhg... BLOCKED
[93/8515] @Carollorenzett... BLOCKED
[94/8515] @banyaaz... BLOCKED
[95/8515] @machine__music... BLOCKED
[96/8515] @Afer_DC... BLOCKED
[97/8515] @oldaccntwhodis... BLOCKED
[98/8515] @lascrawford... BLOCKED
[99/8515] @2010302... BLOCKED
[100/8515] @Kenneth_NYC... BLOCKED
[101/8515] @Devilwoman0716... FAILED (401)
[102/8515] @Sideshowmao... FAILED (401)
[103/8515] @Kentemheimer... FAILED (401)
[104/8515] @alleni111... FAILED (401)
[105/8515] @HHoang88... FAILED (401)
[106/8515] @bachitargill... FAILED (401)
[107/8515] @luccornish... FAILED (401)
[108/8515] @BubDeet... FAILED (401)
[109/8515] @axrist0s... FAILED (401)
[110/8515] @ifycent1... FAILED (401)
[111/8515] @causio10... FAILED (401)
[112/8515] @spawn2056... FAILED (401)
[113/8515] @meha0x... FAILED (401)
[114/8515] @xaerfos... FAILED (401)
[115/8515] @alwaysforgrowth... FAILED (401)
[116/8515] @donkeylips627... FAILED (401)
[117/8515] @LionForUs... FAILED (401)
[118/8515] @samuraieyeeye... FAILED (401)
[119/8515] @Lowemnnes3... FAILED (401)
[120/8515] @itsme_EK... FAILED (401)
[121/8515] @homerunjack... FAILED (401)
[122/8515] @jeffreywugz... FAILED (401)
[123/8515] @basukinathsunn... FAILED (401)
[124/8515] @what9898989... FAILED (401)
[125/8515] @rakeshpunn... FAILED (401)
[126/8515] @apless_48... FAILED (401)
[127/8515] @pasatosun12... FAILED (401)
[128/8515] @erdincdew... FAILED (401)
[129/8515] @lommaximo1... FAILED (401)
[130/8515] @leakify... FAILED (401)
[131/8515] @EveningStreets... FAILED (401)
[132/8515] @luisangelmera... FAILED (401)
[133/8515] @0x_Adg... FAILED (401)
[134/8515] @pandey_shailesh... FAILED (401)
[135/8515] @Bro_Ernie... FAILED (401)
[136/8515] @MDPGCS... FAILED (401)
[137/8515] @Michael_Porta... FAILED (401)
[138/8515] @MichaelLeahy7... FAILED (401)
[139/8515] @f3it3paul... FAILED (401)
[140/8515] @alexpowell96... FAILED (401)
[141/8515] @ItsMe_Pare... FAILED (401)
[142/8515] @nadie27278... FAILED (401)
[143/8515] @Gichichigi... FAILED (401)
[144/8515] @NaariadLofor... FAILED (401)
[145/8515] @tterra007... FAILED (401)
[146/8515] @MuzWuzThe3rd... FAILED (401)
[147/8515] @theRancher3447... FAILED (401)
[148/8515] @kveit5009... FAILED (401)
[149/8515] @s_j_richardson... FAILED (401)
[150/8515] @Cinewy1... FAILED (401)
[151/8515] @mademanrdo... FAILED (401)
[152/8515] @OzzyVDesign... FAILED (401)
[153/8515] @meeper03... FAILED (401)
[154/8515] @bettysfirstborn... FAILED (401)
[155/8515] @MrPaperJ... FAILED (401)
[156/8515] @sschacke... FAILED (401)
[157/8515] @jamesmarino1183... FAILED (401)
[158/8515] @aisackpetreli... FAILED (401)
[159/8515] @bbqsmokerlife... FAILED (401)
[160/8515] @bree2_1... FAILED (401)
[161/8515] @Crypt_IDO... FAILED (401)
[162/8515] @MichalSabol... FAILED (401)
[163/8515] @cervusxewix... FAILED (401)
[164/8515] @vapester... 