[2026-02-08 00:00:02] YouTube trending monitor v2 starting...
[2026-02-08 00:00:02] Monitoring 16 YouTube channels
[2026-02-08 00:00:02] Fetching YouTube feeds...
[2026-02-08 00:00:02]   Fireship: 3 videos
[2026-02-08 00:00:03]   Matt Wolfe: 3 videos
[2026-02-08 00:00:03]   AI Explained: 3 videos
[2026-02-08 00:00:03]   Two Minute Papers: 3 videos
[2026-02-08 00:00:03]   Yannic Kilcher: 3 videos
[2026-02-08 00:00:04]   TheAIGRID: 3 videos
[2026-02-08 00:00:04]   Wes Roth: 3 videos
[2026-02-08 00:00:04]   WorldofAI: 3 videos
[2026-02-08 00:00:04]   Liam Ottley: 3 videos
[2026-02-08 00:00:04]   Greg Isenberg: 3 videos
[2026-02-08 00:00:05]   My First Million: 3 videos
[2026-02-08 00:00:05]   The AI Advantage: 3 videos
[2026-02-08 00:00:05]   AI Jason: 3 videos
[2026-02-08 00:00:05]   David Ondrej: 3 videos
[2026-02-08 00:00:05]   AI Engineer: No channel ID mapped, skipping
[2026-02-08 00:00:05]   Dwarkesh Patel: No channel ID mapped, skipping
[2026-02-08 00:00:05] Found 42 videos total
[2026-02-08 00:00:05] Saved 1 new videos to database

New videos saved: 1
  - [Fireship] 10 open source tools that feel illegal...
[2026-02-08 00:00:05] Done
[2026-02-08 06:00:02] YouTube trending monitor v2 starting...
[2026-02-08 06:00:02] Monitoring 16 YouTube channels
[2026-02-08 06:00:02] Fetching YouTube feeds...
[2026-02-08 06:00:02]   Fireship: 3 videos
[2026-02-08 06:00:02]   Matt Wolfe: 3 videos
[2026-02-08 06:00:02]   AI Explained: 3 videos
[2026-02-08 06:00:02]   Two Minute Papers: 3 videos
[2026-02-08 06:00:02]   Yannic Kilcher: 3 videos
[2026-02-08 06:00:03]   TheAIGRID: 3 videos
[2026-02-08 06:00:03]   Wes Roth: 3 videos
[2026-02-08 06:00:03]   WorldofAI: 3 videos
[2026-02-08 06:00:03]   Liam Ottley: 3 videos
[2026-02-08 06:00:03]   Greg Isenberg: 3 videos
[2026-02-08 06:00:03]   My First Million: 3 videos
[2026-02-08 06:00:03]   The AI Advantage: 3 videos
[2026-02-08 06:00:03]   AI Jason: 3 videos
[2026-02-08 06:00:03]   David Ondrej: 3 videos
[2026-02-08 06:00:03]   AI Engineer: No channel ID mapped, skipping
[2026-02-08 06:00:03]   Dwarkesh Patel: No channel ID mapped, skipping
[2026-02-08 06:00:03] Found 42 videos total
[2026-02-08 06:00:03] Saved 3 new videos to database

New videos saved: 3
  - [Fireship] 10 open source tools that feel illegal...
  - [Fireship] The wild rise of OpenClaw...
  - [Fireship] Bun in 100 Seconds
[2026-02-08 06:00:03] Done
[2026-02-08 12:00:02] YouTube trending monitor v2 starting...
[2026-02-08 12:00:02] Monitoring 16 YouTube channels
[2026-02-08 12:00:02] Fetching YouTube feeds...
[2026-02-08 12:00:02]   Fireship: 3 videos
[2026-02-08 12:00:02]   Matt Wolfe: 3 videos
[2026-02-08 12:00:02]   AI Explained: 3 videos
[2026-02-08 12:00:02]   Two Minute Papers: 3 videos
[2026-02-08 12:00:03]   Yannic Kilcher: 3 videos
[2026-02-08 12:00:03]   TheAIGRID: 3 videos
[2026-02-08 12:00:03]   Wes Roth: 3 videos
[2026-02-08 12:00:03]   WorldofAI: 3 videos
[2026-02-08 12:00:03]   Liam Ottley: 3 videos
[2026-02-08 12:00:03]   Greg Isenberg: 3 videos
[2026-02-08 12:00:03]   My First Million: 3 videos
[2026-02-08 12:00:03]   The AI Advantage: 3 videos
[2026-02-08 12:00:04]   AI Jason: 3 videos
[2026-02-08 12:00:04]   David Ondrej: 3 videos
[2026-02-08 12:00:04]   AI Engineer: No channel ID mapped, skipping
[2026-02-08 12:00:04]   Dwarkesh Patel: No channel ID mapped, skipping
[2026-02-08 12:00:04] Found 42 videos total
[2026-02-08 12:00:04] Saved 0 new videos to database
[2026-02-08 12:00:04] Done
[2026-02-08 18:00:01] YouTube trending monitor v2 starting...
[2026-02-08 18:00:01] Monitoring 16 YouTube channels
[2026-02-08 18:00:01] Fetching YouTube feeds...
[2026-02-08 18:00:02]   Fireship: 3 videos
[2026-02-08 18:00:02]   Matt Wolfe: 3 videos
[2026-02-08 18:00:02]   AI Explained: 3 videos
[2026-02-08 18:00:02]   Two Minute Papers: 3 videos
[2026-02-08 18:00:02]   Yannic Kilcher: 3 videos
[2026-02-08 18:00:02]   TheAIGRID: 3 videos
[2026-02-08 18:00:02]   Wes Roth: 3 videos
[2026-02-08 18:00:02]   WorldofAI: 3 videos
[2026-02-08 18:00:02]   Liam Ottley: 3 videos
[2026-02-08 18:00:02]   Greg Isenberg: 3 videos
[2026-02-08 18:00:03]   My First Million: 3 videos
[2026-02-08 18:00:03]   The AI Advantage: 3 videos
[2026-02-08 18:00:03]   AI Jason: 3 videos
[2026-02-08 18:00:03]   David Ondrej: 3 videos
[2026-02-08 18:00:03]   AI Engineer: No channel ID mapped, skipping
[2026-02-08 18:00:03]   Dwarkesh Patel: No channel ID mapped, skipping
[2026-02-08 18:00:03] Found 42 videos total
[2026-02-08 18:00:03] Saved 2 new videos to database

New videos saved: 2
  - [Fireship] 10 open source tools that feel illegal...
  - [Fireship] The wild rise of OpenClaw...
[2026-02-08 18:00:03] Done
[2026-02-09 00:00:01] YouTube trending monitor v2 starting...
[2026-02-09 00:00:01] Monitoring 16 YouTube channels
[2026-02-09 00:00:01] Fetching YouTube feeds...
[2026-02-09 00:00:01]   Fireship: 3 videos
[2026-02-09 00:00:02]   Matt Wolfe: 3 videos
[2026-02-09 00:00:02]   AI Explained: 3 videos
[2026-02-09 00:00:02]   Two Minute Papers: 3 videos
[2026-02-09 00:00:02]   Yannic Kilcher: 3 videos
[2026-02-09 00:00:02]   TheAIGRID: 3 videos
[2026-02-09 00:00:02]   Wes Roth: 3 videos
[2026-02-09 00:00:02]   WorldofAI: 3 videos
[2026-02-09 00:00:02]   Liam Ottley: 3 videos
[2026-02-09 00:00:02]   Greg Isenberg: 3 videos
[2026-02-09 00:00:03]   My First Million: 3 videos
[2026-02-09 00:00:03]   The AI Advantage: 3 videos
[2026-02-09 00:00:03]   AI Jason: 3 videos
[2026-02-09 00:00:03]   David Ondrej: 3 videos
[2026-02-09 00:00:03]   AI Engineer: No channel ID mapped, skipping
[2026-02-09 00:00:03]   Dwarkesh Patel: No channel ID mapped, skipping
[2026-02-09 00:00:03] Found 42 videos total
[2026-02-09 00:00:03] Saved 2 new videos to database

New videos saved: 2
  - [Fireship] 10 open source tools that feel illegal...
  - [Fireship] The wild rise of OpenClaw...
[2026-02-09 00:00:03] Done
[2026-02-09 06:00:01] YouTube trending monitor v2 starting...
[2026-02-09 06:00:01] Monitoring 16 YouTube channels
[2026-02-09 06:00:01] Fetching YouTube feeds...
[2026-02-09 06:00:01]   Fireship: 3 videos
[2026-02-09 06:00:01]   Matt Wolfe: 0 videos
[2026-02-09 06:00:02]   AI Explained: 0 videos
[2026-02-09 06:00:02]   Two Minute Papers: 3 videos
[2026-02-09 06:00:02]   Yannic Kilcher: 0 videos
[2026-02-09 06:00:02]   TheAIGRID: 3 videos
[2026-02-09 06:00:02]   Wes Roth: 0 videos
[2026-02-09 06:00:02]   WorldofAI: 0 videos
[2026-02-09 06:00:02]   Liam Ottley: 0 videos
[2026-02-09 06:00:02]   Greg Isenberg: 3 videos
[2026-02-09 06:00:03]   My First Million: 3 videos
[2026-02-09 06:00:03]   The AI Advantage: 0 videos
[2026-02-09 06:00:03]   AI Jason: 0 videos
[2026-02-09 06:00:03]   David Ondrej: 0 videos
[2026-02-09 06:00:03]   AI Engineer: No channel ID mapped, skipping
[2026-02-09 06:00:03]   Dwarkesh Patel: No channel ID mapped, skipping
[2026-02-09 06:00:03] Found 15 videos total
[2026-02-09 06:00:03] Saved 1 new videos to database

New videos saved: 1
  - [Fireship] 10 open source tools that feel illegal...
[2026-02-09 06:00:03] Done
[2026-02-09 12:00:01] YouTube trends monitor starting...
[2026-02-09 12:00:01] Fetching YouTube feeds...
[2026-02-09 12:00:01]   Fireship: 15 videos
[2026-02-09 12:00:01]   Two Minute Papers: 15 videos
[2026-02-09 12:00:02]   Matt Wolfe: 15 videos
[2026-02-09 12:00:02]   AI Explained: 15 videos
[2026-02-09 12:00:02]   The AI Advantage: 0 videos
[2026-02-09 12:00:02]   Ali Abdaal: 15 videos
[2026-02-09 12:00:02]   Pat Flynn: 0 videos
[2026-02-09 12:00:02]   Dan Koe: 0 videos
[2026-02-09 12:00:02]   Liam Ottley: 0 videos
[2026-02-09 12:00:02]   Brett from AI Automation Agency: 0 videos
[2026-02-09 12:00:02] Found 15 videos
[2026-02-09 12:00:02] Saved 4 new videos
[2026-02-09 12:00:02] Summary generated
📺 YouTube - Latest from AI/Creator Channels

• [The fastest way to get your first sale](https://www.youtube.com/shorts/H0F7Sjve7mw)
  _Ali Abdaal_

• [You don't need to be famous to get rich](https://www.youtube.com/shorts/M2M7tb2mTuM)
  _Ali Abdaal_

• [What would you do if you didn't care what people thought?](https://www.youtube.com/shorts/XQjjlGpsuLY)
  _Ali Abdaal_

• [Will AI scaling plateau (hit a wall)? | Lex Fridman Podcast](https://www.youtube.com/watch?v=1zwPS5WTkeg)
  _Matt Wolfe_

•
[2026-02-09 12:00:02] Done
