[2026-02-08 00:00:02] YouTube trending monitor v2 starting...
[2026-02-08 00:00:02] Monitoring 16 YouTube channels
[2026-02-08 00:00:02] Fetching YouTube feeds...
[2026-02-08 00:00:02]   Fireship: 3 videos
[2026-02-08 00:00:03]   Matt Wolfe: 3 videos
[2026-02-08 00:00:03]   AI Explained: 3 videos
[2026-02-08 00:00:03]   Two Minute Papers: 3 videos
[2026-02-08 00:00:03]   Yannic Kilcher: 3 videos
[2026-02-08 00:00:04]   TheAIGRID: 3 videos
[2026-02-08 00:00:04]   Wes Roth: 3 videos
[2026-02-08 00:00:04]   WorldofAI: 3 videos
[2026-02-08 00:00:04]   Liam Ottley: 3 videos
[2026-02-08 00:00:04]   Greg Isenberg: 3 videos
[2026-02-08 00:00:05]   My First Million: 3 videos
[2026-02-08 00:00:05]   The AI Advantage: 3 videos
[2026-02-08 00:00:05]   AI Jason: 3 videos
[2026-02-08 00:00:05]   David Ondrej: 3 videos
[2026-02-08 00:00:05]   AI Engineer: No channel ID mapped, skipping
[2026-02-08 00:00:05]   Dwarkesh Patel: No channel ID mapped, skipping
[2026-02-08 00:00:05] Found 42 videos total
[2026-02-08 00:00:05] Saved 1 new videos to database
[2026-02-08 00:00:05] Done
[2026-02-08 06:00:02] YouTube trending monitor v2 starting...
[2026-02-08 06:00:02] Monitoring 16 YouTube channels
[2026-02-08 06:00:02] Fetching YouTube feeds...
[2026-02-08 06:00:02]   Fireship: 3 videos
[2026-02-08 06:00:02]   Matt Wolfe: 3 videos
[2026-02-08 06:00:02]   AI Explained: 3 videos
[2026-02-08 06:00:02]   Two Minute Papers: 3 videos
[2026-02-08 06:00:02]   Yannic Kilcher: 3 videos
[2026-02-08 06:00:03]   TheAIGRID: 3 videos
[2026-02-08 06:00:03]   Wes Roth: 3 videos
[2026-02-08 06:00:03]   WorldofAI: 3 videos
[2026-02-08 06:00:03]   Liam Ottley: 3 videos
[2026-02-08 06:00:03]   Greg Isenberg: 3 videos
[2026-02-08 06:00:03]   My First Million: 3 videos
[2026-02-08 06:00:03]   The AI Advantage: 3 videos
[2026-02-08 06:00:03]   AI Jason: 3 videos
[2026-02-08 06:00:03]   David Ondrej: 3 videos
[2026-02-08 06:00:03]   AI Engineer: No channel ID mapped, skipping
[2026-02-08 06:00:03]   Dwarkesh Patel: No channel ID mapped, skipping
[2026-02-08 06:00:03] Found 42 videos total
[2026-02-08 06:00:03] Saved 3 new videos to database
[2026-02-08 06:00:03] Done
[2026-02-08 12:00:02] YouTube trending monitor v2 starting...
[2026-02-08 12:00:02] Monitoring 16 YouTube channels
[2026-02-08 12:00:02] Fetching YouTube feeds...
[2026-02-08 12:00:02]   Fireship: 3 videos
[2026-02-08 12:00:02]   Matt Wolfe: 3 videos
[2026-02-08 12:00:02]   AI Explained: 3 videos
[2026-02-08 12:00:02]   Two Minute Papers: 3 videos
[2026-02-08 12:00:03]   Yannic Kilcher: 3 videos
[2026-02-08 12:00:03]   TheAIGRID: 3 videos
[2026-02-08 12:00:03]   Wes Roth: 3 videos
[2026-02-08 12:00:03]   WorldofAI: 3 videos
[2026-02-08 12:00:03]   Liam Ottley: 3 videos
[2026-02-08 12:00:03]   Greg Isenberg: 3 videos
[2026-02-08 12:00:03]   My First Million: 3 videos
[2026-02-08 12:00:03]   The AI Advantage: 3 videos
[2026-02-08 12:00:04]   AI Jason: 3 videos
[2026-02-08 12:00:04]   David Ondrej: 3 videos
[2026-02-08 12:00:04]   AI Engineer: No channel ID mapped, skipping
[2026-02-08 12:00:04]   Dwarkesh Patel: No channel ID mapped, skipping
[2026-02-08 12:00:04] Found 42 videos total
[2026-02-08 12:00:04] Saved 0 new videos to database
[2026-02-08 12:00:04] Done
[2026-02-08 13:03:17] YouTube trending monitor v2 starting...
[2026-02-08 13:03:17] Monitoring 16 YouTube channels
[2026-02-08 13:03:17] Fetching YouTube feeds...
[2026-02-08 13:03:17]   Fireship: 3 videos
[2026-02-08 13:03:17]   Matt Wolfe: 3 videos
[2026-02-08 13:03:17]   AI Explained: 3 videos
[2026-02-08 13:03:17]   Two Minute Papers: 3 videos
[2026-02-08 13:03:17]   Yannic Kilcher: 3 videos
[2026-02-08 13:03:17]   TheAIGRID: 3 videos
[2026-02-08 13:03:17]   Wes Roth: 3 videos
[2026-02-08 13:03:17]   WorldofAI: 3 videos
[2026-02-08 13:03:17]   Liam Ottley: 3 videos
[2026-02-08 13:03:17]   Greg Isenberg: 3 videos
[2026-02-08 13:03:17]   My First Million: 3 videos
[2026-02-08 13:03:18]   The AI Advantage: 3 videos
[2026-02-08 13:03:18]   AI Jason: 3 videos
[2026-02-08 13:03:18]   David Ondrej: 3 videos
[2026-02-08 13:03:18]   AI Engineer: No channel ID mapped, skipping
[2026-02-08 13:03:18]   Dwarkesh Patel: No channel ID mapped, skipping
[2026-02-08 13:03:18] Found 42 videos total
[2026-02-08 13:03:18] Saved 0 new videos to database
[2026-02-08 13:03:18] Done
[2026-02-08 13:13:04] YouTube trending monitor v2 starting...
[2026-02-08 13:13:04] Monitoring 16 YouTube channels
[2026-02-08 13:13:04] Fetching YouTube feeds...
[2026-02-08 13:13:04]   Fireship: 3 videos
[2026-02-08 13:13:04]   Matt Wolfe: 3 videos
[2026-02-08 13:13:04]   AI Explained: 3 videos
[2026-02-08 13:13:04]   Two Minute Papers: 3 videos
[2026-02-08 13:13:04]   Yannic Kilcher: 3 videos
[2026-02-08 13:13:04]   TheAIGRID: 3 videos
[2026-02-08 13:13:04]   Wes Roth: 3 videos
[2026-02-08 13:13:04]   WorldofAI: 3 videos
[2026-02-08 13:13:05]   Liam Ottley: 3 videos
[2026-02-08 13:13:05]   Greg Isenberg: 3 videos
[2026-02-08 13:13:05]   My First Million: 3 videos
[2026-02-08 13:13:05]   The AI Advantage: 3 videos
[2026-02-08 13:13:05]   AI Jason: 3 videos
[2026-02-08 13:13:05]   David Ondrej: 3 videos
[2026-02-08 13:13:05]   AI Engineer: No channel ID mapped, skipping
[2026-02-08 13:13:05]   Dwarkesh Patel: No channel ID mapped, skipping
[2026-02-08 13:13:05] Found 42 videos total
[2026-02-08 13:13:05] Saved 0 new videos to database
[2026-02-08 13:13:05] Done
[2026-02-08 13:34:35] YouTube trending monitor v2 starting...
[2026-02-08 13:34:35] Monitoring 16 YouTube channels
[2026-02-08 13:34:35] Fetching YouTube feeds...
[2026-02-08 13:34:35]   Fireship: 3 videos
[2026-02-08 13:34:35]   Matt Wolfe: 3 videos
[2026-02-08 13:34:35]   AI Explained: 3 videos
[2026-02-08 13:34:35]   Two Minute Papers: 3 videos
[2026-02-08 13:34:35]   Yannic Kilcher: 3 videos
[2026-02-08 13:34:35]   TheAIGRID: 3 videos
[2026-02-08 13:34:35]   Wes Roth: 3 videos
[2026-02-08 13:34:35]   WorldofAI: 3 videos
[2026-02-08 13:34:35]   Liam Ottley: 3 videos
[2026-02-08 13:34:35]   Greg Isenberg: 3 videos
[2026-02-08 13:34:36]   My First Million: 3 videos
[2026-02-08 13:34:36]   The AI Advantage: 3 videos
[2026-02-08 13:34:36]   AI Jason: 3 videos
[2026-02-08 13:34:36]   David Ondrej: 3 videos
[2026-02-08 13:34:36]   AI Engineer: No channel ID mapped, skipping
[2026-02-08 13:34:36]   Dwarkesh Patel: No channel ID mapped, skipping
[2026-02-08 13:34:36] Found 42 videos total
[2026-02-08 13:34:36] Saved 2 new videos to database
[2026-02-08 13:34:36] Done
[2026-02-08 14:30:51] YouTube trending monitor v2 starting...
[2026-02-08 14:30:51] Monitoring 16 YouTube channels
[2026-02-08 14:30:51] Fetching YouTube feeds...
[2026-02-08 14:30:51]   Fireship: 3 videos
[2026-02-08 14:30:51]   Matt Wolfe: 3 videos
[2026-02-08 14:30:52]   AI Explained: 3 videos
[2026-02-08 14:30:52]   Two Minute Papers: 3 videos
[2026-02-08 14:30:52]   Yannic Kilcher: 3 videos
[2026-02-08 14:30:52]   TheAIGRID: 3 videos
[2026-02-08 14:30:52]   Wes Roth: 3 videos
[2026-02-08 14:30:52]   WorldofAI: 3 videos
[2026-02-08 14:30:52]   Liam Ottley: 3 videos
[2026-02-08 14:30:52]   Greg Isenberg: 3 videos
[2026-02-08 14:30:52]   My First Million: 3 videos
[2026-02-08 14:30:52]   The AI Advantage: 3 videos
[2026-02-08 14:30:52]   AI Jason: 3 videos
[2026-02-08 14:30:52]   David Ondrej: 3 videos
[2026-02-08 14:30:52]   AI Engineer: No channel ID mapped, skipping
[2026-02-08 14:30:52]   Dwarkesh Patel: No channel ID mapped, skipping
[2026-02-08 14:30:52] Found 42 videos total
[2026-02-08 14:30:52] Saved 0 new videos to database
[2026-02-08 14:30:52] Done
[2026-02-08 14:52:50] YouTube trending monitor v2 starting...
[2026-02-08 14:52:50] Monitoring 16 YouTube channels
[2026-02-08 14:52:50] Fetching YouTube feeds...
[2026-02-08 14:52:50]   Fireship: 3 videos
[2026-02-08 14:52:50]   Matt Wolfe: 3 videos
[2026-02-08 14:52:50]   AI Explained: 3 videos
[2026-02-08 14:52:50]   Two Minute Papers: 3 videos
[2026-02-08 14:52:50]   Yannic Kilcher: 3 videos
[2026-02-08 14:52:50]   TheAIGRID: 3 videos
[2026-02-08 14:52:50]   Wes Roth: 3 videos
[2026-02-08 14:52:51]   WorldofAI: 3 videos
[2026-02-08 14:52:51]   Liam Ottley: 3 videos
[2026-02-08 14:52:51]   Greg Isenberg: 3 videos
[2026-02-08 14:52:51]   My First Million: 3 videos
[2026-02-08 14:52:51]   The AI Advantage: 3 videos
[2026-02-08 14:52:51]   AI Jason: 3 videos
[2026-02-08 14:52:51]   David Ondrej: 3 videos
[2026-02-08 14:52:51]   AI Engineer: No channel ID mapped, skipping
[2026-02-08 14:52:51]   Dwarkesh Patel: No channel ID mapped, skipping
[2026-02-08 14:52:51] Found 42 videos total
[2026-02-08 14:52:51] Saved 0 new videos to database
[2026-02-08 14:52:51] Done
[2026-02-08 14:57:09] YouTube trending monitor v2 starting...
[2026-02-08 14:57:09] Monitoring 16 YouTube channels
[2026-02-08 14:57:09] Fetching YouTube feeds...
[2026-02-08 14:57:09]   Fireship: 3 videos
[2026-02-08 14:57:09]   Matt Wolfe: 3 videos
[2026-02-08 14:57:09]   AI Explained: 3 videos
[2026-02-08 14:57:09]   Two Minute Papers: 3 videos
[2026-02-08 14:57:10]   Yannic Kilcher: 3 videos
[2026-02-08 14:57:10]   TheAIGRID: 3 videos
[2026-02-08 14:57:10]   Wes Roth: 3 videos
[2026-02-08 14:57:10]   WorldofAI: 3 videos
[2026-02-08 14:57:10]   Liam Ottley: 3 videos
[2026-02-08 14:57:10]   Greg Isenberg: 3 videos
[2026-02-08 14:57:10]   My First Million: 3 videos
[2026-02-08 14:57:10]   The AI Advantage: 3 videos
[2026-02-08 14:57:10]   AI Jason: 3 videos
[2026-02-08 14:57:10]   David Ondrej: 3 videos
[2026-02-08 14:57:10]   AI Engineer: No channel ID mapped, skipping
[2026-02-08 14:57:10]   Dwarkesh Patel: No channel ID mapped, skipping
[2026-02-08 14:57:10] Found 42 videos total
[2026-02-08 14:57:10] Saved 0 new videos to database
[2026-02-08 14:57:10] Done
[2026-02-08 15:06:37] YouTube trending monitor v2 starting...
[2026-02-08 15:06:37] Monitoring 16 YouTube channels
[2026-02-08 15:06:37] Fetching YouTube feeds...
[2026-02-08 15:06:37]   Fireship: 3 videos
[2026-02-08 15:06:37]   Matt Wolfe: 3 videos
[2026-02-08 15:06:37]   AI Explained: 3 videos
[2026-02-08 15:06:37]   Two Minute Papers: 3 videos
[2026-02-08 15:06:37]   Yannic Kilcher: 3 videos
[2026-02-08 15:06:38]   TheAIGRID: 3 videos
[2026-02-08 15:06:38]   Wes Roth: 3 videos
[2026-02-08 15:06:38]   WorldofAI: 3 videos
[2026-02-08 15:06:38]   Liam Ottley: 3 videos
[2026-02-08 15:06:38]   Greg Isenberg: 3 videos
[2026-02-08 15:06:38]   My First Million: 3 videos
[2026-02-08 15:06:39]   The AI Advantage: 3 videos
[2026-02-08 15:06:39]   AI Jason: 3 videos
[2026-02-08 15:06:39]   David Ondrej: 3 videos
[2026-02-08 15:06:39]   AI Engineer: No channel ID mapped, skipping
[2026-02-08 15:06:39]   Dwarkesh Patel: No channel ID mapped, skipping
[2026-02-08 15:06:39] Found 42 videos total
[2026-02-08 15:06:39] Saved 0 new videos to database
[2026-02-08 15:06:39] Done
[2026-02-08 18:00:01] YouTube trending monitor v2 starting...
[2026-02-08 18:00:01] Monitoring 16 YouTube channels
[2026-02-08 18:00:01] Fetching YouTube feeds...
[2026-02-08 18:00:02]   Fireship: 3 videos
[2026-02-08 18:00:02]   Matt Wolfe: 3 videos
[2026-02-08 18:00:02]   AI Explained: 3 videos
[2026-02-08 18:00:02]   Two Minute Papers: 3 videos
[2026-02-08 18:00:02]   Yannic Kilcher: 3 videos
[2026-02-08 18:00:02]   TheAIGRID: 3 videos
[2026-02-08 18:00:02]   Wes Roth: 3 videos
[2026-02-08 18:00:02]   WorldofAI: 3 videos
[2026-02-08 18:00:02]   Liam Ottley: 3 videos
[2026-02-08 18:00:02]   Greg Isenberg: 3 videos
[2026-02-08 18:00:03]   My First Million: 3 videos
[2026-02-08 18:00:03]   The AI Advantage: 3 videos
[2026-02-08 18:00:03]   AI Jason: 3 videos
[2026-02-08 18:00:03]   David Ondrej: 3 videos
[2026-02-08 18:00:03]   AI Engineer: No channel ID mapped, skipping
[2026-02-08 18:00:03]   Dwarkesh Patel: No channel ID mapped, skipping
[2026-02-08 18:00:03] Found 42 videos total
[2026-02-08 18:00:03] Saved 2 new videos to database
[2026-02-08 18:00:03] Done
[2026-02-09 00:00:01] YouTube trending monitor v2 starting...
[2026-02-09 00:00:01] Monitoring 16 YouTube channels
[2026-02-09 00:00:01] Fetching YouTube feeds...
[2026-02-09 00:00:01]   Fireship: 3 videos
[2026-02-09 00:00:02]   Matt Wolfe: 3 videos
[2026-02-09 00:00:02]   AI Explained: 3 videos
[2026-02-09 00:00:02]   Two Minute Papers: 3 videos
[2026-02-09 00:00:02]   Yannic Kilcher: 3 videos
[2026-02-09 00:00:02]   TheAIGRID: 3 videos
[2026-02-09 00:00:02]   Wes Roth: 3 videos
[2026-02-09 00:00:02]   WorldofAI: 3 videos
[2026-02-09 00:00:02]   Liam Ottley: 3 videos
[2026-02-09 00:00:02]   Greg Isenberg: 3 videos
[2026-02-09 00:00:03]   My First Million: 3 videos
[2026-02-09 00:00:03]   The AI Advantage: 3 videos
[2026-02-09 00:00:03]   AI Jason: 3 videos
[2026-02-09 00:00:03]   David Ondrej: 3 videos
[2026-02-09 00:00:03]   AI Engineer: No channel ID mapped, skipping
[2026-02-09 00:00:03]   Dwarkesh Patel: No channel ID mapped, skipping
[2026-02-09 00:00:03] Found 42 videos total
[2026-02-09 00:00:03] Saved 2 new videos to database
[2026-02-09 00:00:03] Done
[2026-02-09 06:00:01] YouTube trending monitor v2 starting...
[2026-02-09 06:00:01] Monitoring 16 YouTube channels
[2026-02-09 06:00:01] Fetching YouTube feeds...
[2026-02-09 06:00:01]   Fireship: 3 videos
[2026-02-09 06:00:01]   Matt Wolfe: 0 videos
[2026-02-09 06:00:02]   AI Explained: 0 videos
[2026-02-09 06:00:02]   Two Minute Papers: 3 videos
[2026-02-09 06:00:02]   Yannic Kilcher: 0 videos
[2026-02-09 06:00:02]   TheAIGRID: 3 videos
[2026-02-09 06:00:02]   Wes Roth: 0 videos
[2026-02-09 06:00:02]   WorldofAI: 0 videos
[2026-02-09 06:00:02]   Liam Ottley: 0 videos
[2026-02-09 06:00:02]   Greg Isenberg: 3 videos
[2026-02-09 06:00:03]   My First Million: 3 videos
[2026-02-09 06:00:03]   The AI Advantage: 0 videos
[2026-02-09 06:00:03]   AI Jason: 0 videos
[2026-02-09 06:00:03]   David Ondrej: 0 videos
[2026-02-09 06:00:03]   AI Engineer: No channel ID mapped, skipping
[2026-02-09 06:00:03]   Dwarkesh Patel: No channel ID mapped, skipping
[2026-02-09 06:00:03] Found 15 videos total
[2026-02-09 06:00:03] Saved 1 new videos to database
[2026-02-09 06:00:03] Done
[2026-02-09 12:00:01] YouTube trends monitor starting...
[2026-02-09 12:00:01] Fetching YouTube feeds...
[2026-02-09 12:00:01]   Fireship: 15 videos
[2026-02-09 12:00:01]   Two Minute Papers: 15 videos
[2026-02-09 12:00:02]   Matt Wolfe: 15 videos
[2026-02-09 12:00:02]   AI Explained: 15 videos
[2026-02-09 12:00:02]   The AI Advantage: 0 videos
[2026-02-09 12:00:02]   Ali Abdaal: 15 videos
[2026-02-09 12:00:02]   Pat Flynn: 0 videos
[2026-02-09 12:00:02]   Dan Koe: 0 videos
[2026-02-09 12:00:02]   Liam Ottley: 0 videos
[2026-02-09 12:00:02]   Brett from AI Automation Agency: 0 videos
[2026-02-09 12:00:02] Found 15 videos
[2026-02-09 12:00:02] Saved 4 new videos
[2026-02-09 12:00:02] Summary generated
[2026-02-09 12:00:02] Done
[2026-02-09 13:02:31] YouTube trends monitor starting...
[2026-02-09 13:02:31] Fetching YouTube feeds...
[2026-02-09 13:02:31]   Fireship: 15 videos
[2026-02-09 13:02:31]   Two Minute Papers: 15 videos
[2026-02-09 13:02:31]   Matt Wolfe: 15 videos
[2026-02-09 13:02:31]   AI Explained: 15 videos
[2026-02-09 13:02:31]   The AI Advantage: 0 videos
[2026-02-09 13:02:31]   Ali Abdaal: 15 videos
[2026-02-09 13:02:32]   Pat Flynn: 0 videos
[2026-02-09 13:02:32]   Dan Koe: 0 videos
[2026-02-09 13:02:32]   Liam Ottley: 0 videos
[2026-02-09 13:02:32]   Brett from AI Automation Agency: 0 videos
[2026-02-09 13:02:32] Found 15 videos
[2026-02-09 13:02:32] Saved 0 new videos
[2026-02-09 13:02:32] Summary generated
[2026-02-09 13:02:32] Done
[2026-02-10 13:14:40] YouTube trends monitor starting...
[2026-02-10 13:14:40] Fetching YouTube feeds...
[2026-02-10 13:14:40]   Fireship: 15 videos
[2026-02-10 13:14:40]   Two Minute Papers: 15 videos
[2026-02-10 13:14:40]   Matt Wolfe: 15 videos
[2026-02-10 13:14:40]   AI Explained: 15 videos
[2026-02-10 13:14:40]   The AI Advantage: 0 videos
[2026-02-10 13:14:40]   Ali Abdaal: 15 videos
[2026-02-10 13:14:40]   Pat Flynn: 0 videos
[2026-02-10 13:14:40]   Dan Koe: 0 videos
[2026-02-10 13:14:40]   Liam Ottley: 0 videos
[2026-02-10 13:14:40]   Brett from AI Automation Agency: 0 videos
[2026-02-10 13:14:40] Found 15 videos
[2026-02-10 13:14:40] Saved 0 new videos
[2026-02-10 13:14:40] Summary generated
[2026-02-10 13:14:40] Done
[2026-02-10 13:18:12] YouTube trends monitor starting...
[2026-02-10 13:18:12] Fetching YouTube feeds...
[2026-02-10 13:18:12]   Fireship: 15 videos
[2026-02-10 13:18:12]   Two Minute Papers: 15 videos
[2026-02-10 13:18:12]   Matt Wolfe: 15 videos
[2026-02-10 13:18:12]   AI Explained: 15 videos
[2026-02-10 13:18:12]   The AI Advantage: 0 videos
[2026-02-10 13:18:12]   Ali Abdaal: 15 videos
[2026-02-10 13:18:13]   Pat Flynn: 0 videos
[2026-02-10 13:18:13]   Dan Koe: 0 videos
[2026-02-10 13:18:13]   Liam Ottley: 0 videos
[2026-02-10 13:18:13]   Brett from AI Automation Agency: 0 videos
[2026-02-10 13:18:13] Found 15 videos
[2026-02-10 13:18:13] Saved 0 new videos
[2026-02-10 13:18:13] Summary generated
[2026-02-10 13:18:13] Done
[2026-02-10 13:34:59] YouTube trends monitor starting...
[2026-02-10 13:34:59] Fetching YouTube feeds...
[2026-02-10 13:34:59]   Fireship: 15 videos
[2026-02-10 13:34:59]   Two Minute Papers: 15 videos
[2026-02-10 13:34:59]   Matt Wolfe: 15 videos
[2026-02-10 13:34:59]   AI Explained: 15 videos
[2026-02-10 13:34:59]   The AI Advantage: 0 videos
[2026-02-10 13:34:59]   Ali Abdaal: 15 videos
[2026-02-10 13:34:59]   Pat Flynn: 0 videos
[2026-02-10 13:35:00]   Dan Koe: 0 videos
[2026-02-10 13:35:00]   Liam Ottley: 0 videos
[2026-02-10 13:35:00]   Brett from AI Automation Agency: 0 videos
[2026-02-10 13:35:00] Found 15 videos
[2026-02-10 13:35:00] Saved 0 new videos
[2026-02-10 13:35:00] Summary generated
[2026-02-10 13:35:00] Done
[2026-02-10 14:19:25] YouTube trends monitor starting...
[2026-02-10 14:19:25] Fetching YouTube feeds...
[2026-02-10 14:19:25]   Fireship: 15 videos
[2026-02-10 14:19:25]   Two Minute Papers: 15 videos
[2026-02-10 14:19:25]   Matt Wolfe: 15 videos
[2026-02-10 14:19:25]   AI Explained: 15 videos
[2026-02-10 14:19:25]   The AI Advantage: 0 videos
[2026-02-10 14:19:25]   Ali Abdaal: 15 videos
[2026-02-10 14:19:25]   Pat Flynn: 0 videos
[2026-02-10 14:19:25]   Dan Koe: 0 videos
[2026-02-10 14:19:25]   Liam Ottley: 0 videos
[2026-02-10 14:19:26]   Brett from AI Automation Agency: 0 videos
[2026-02-10 14:19:26] Found 15 videos
[2026-02-10 14:19:26] Saved 0 new videos
[2026-02-10 14:19:26] Summary generated
[2026-02-10 14:19:26] Done
[2026-02-10 14:23:13] YouTube trends monitor starting...
[2026-02-10 14:23:13] Fetching YouTube feeds...
[2026-02-10 14:23:13]   Fireship: 15 videos
[2026-02-10 14:23:13]   Two Minute Papers: 15 videos
[2026-02-10 14:23:13]   Matt Wolfe: 15 videos
[2026-02-10 14:23:13]   AI Explained: 15 videos
[2026-02-10 14:23:13]   The AI Advantage: 0 videos
[2026-02-10 14:23:13]   Ali Abdaal: 15 videos
[2026-02-10 14:23:14]   Pat Flynn: 0 videos
[2026-02-10 14:23:14]   Dan Koe: 0 videos
[2026-02-10 14:23:14]   Liam Ottley: 0 videos
[2026-02-10 14:23:14]   Brett from AI Automation Agency: 0 videos
[2026-02-10 14:23:14] Found 15 videos
[2026-02-10 14:23:14] Saved 0 new videos
[2026-02-10 14:23:14] Summary generated
[2026-02-10 14:23:14] Done
[2026-02-10 14:26:49] YouTube trends monitor starting...
[2026-02-10 14:26:49] Fetching YouTube feeds...
[2026-02-10 14:26:49]   Fireship: 15 videos
[2026-02-10 14:26:49]   Two Minute Papers: 15 videos
[2026-02-10 14:26:49]   Matt Wolfe: 15 videos
[2026-02-10 14:26:50]   AI Explained: 15 videos
[2026-02-10 14:26:50]   The AI Advantage: 0 videos
[2026-02-10 14:26:50]   Ali Abdaal: 15 videos
[2026-02-10 14:26:50]   Pat Flynn: 0 videos
[2026-02-10 14:26:50]   Dan Koe: 0 videos
[2026-02-10 14:26:50]   Liam Ottley: 0 videos
[2026-02-10 14:26:50]   Brett from AI Automation Agency: 0 videos
[2026-02-10 14:26:50] Found 15 videos
[2026-02-10 14:26:50] Saved 0 new videos
[2026-02-10 14:26:50] Summary generated
[2026-02-10 14:26:50] Done
[2026-02-10 14:30:40] YouTube trends monitor starting...
[2026-02-10 14:30:40] Fetching YouTube feeds...
[2026-02-10 14:30:40]   Fireship: 15 videos
[2026-02-10 14:30:40]   Two Minute Papers: 15 videos
[2026-02-10 14:30:40]   Matt Wolfe: 15 videos
[2026-02-10 14:30:40]   AI Explained: 15 videos
[2026-02-10 14:30:40]   The AI Advantage: 0 videos
[2026-02-10 14:30:40]   Ali Abdaal: 15 videos
[2026-02-10 14:30:41]   Pat Flynn: 0 videos
[2026-02-10 14:30:41]   Dan Koe: 0 videos
[2026-02-10 14:30:41]   Liam Ottley: 0 videos
[2026-02-10 14:30:41]   Brett from AI Automation Agency: 0 videos
[2026-02-10 14:30:41] Found 15 videos
[2026-02-10 14:30:41] Saved 0 new videos
[2026-02-10 14:30:41] Summary generated
[2026-02-10 14:30:41] Done
[2026-02-10 14:34:50] YouTube trends monitor starting...
[2026-02-10 14:34:50] Fetching YouTube feeds...
[2026-02-10 14:34:50]   Fireship: 15 videos
[2026-02-10 14:34:50]   Two Minute Papers: 15 videos
[2026-02-10 14:34:50]   Matt Wolfe: 15 videos
[2026-02-10 14:34:50]   AI Explained: 15 videos
[2026-02-10 14:34:50]   The AI Advantage: 0 videos
[2026-02-10 14:34:50]   Ali Abdaal: 15 videos
[2026-02-10 14:34:50]   Pat Flynn: 0 videos
[2026-02-10 14:34:50]   Dan Koe: 0 videos
[2026-02-10 14:34:50]   Liam Ottley: 0 videos
[2026-02-10 14:34:51]   Brett from AI Automation Agency: 0 videos
[2026-02-10 14:34:51] Found 15 videos
[2026-02-10 14:34:51] Saved 0 new videos
[2026-02-10 14:34:51] Summary generated
[2026-02-10 14:34:51] Done
[2026-02-10 14:38:59] YouTube trends monitor starting...
[2026-02-10 14:38:59] Fetching YouTube feeds...
[2026-02-10 14:38:59]   Fireship: 15 videos
[2026-02-10 14:38:59]   Two Minute Papers: 15 videos
[2026-02-10 14:38:59]   Matt Wolfe: 15 videos
[2026-02-10 14:38:59]   AI Explained: 15 videos
[2026-02-10 14:39:00]   The AI Advantage: 0 videos
[2026-02-10 14:39:00]   Ali Abdaal: 15 videos
[2026-02-10 14:39:00]   Pat Flynn: 0 videos
[2026-02-10 14:39:00]   Dan Koe: 0 videos
[2026-02-10 14:39:00]   Liam Ottley: 0 videos
[2026-02-10 14:39:00]   Brett from AI Automation Agency: 0 videos
[2026-02-10 14:39:00] Found 15 videos
[2026-02-10 14:39:00] Saved 0 new videos
[2026-02-10 14:39:00] Summary generated
[2026-02-10 14:39:00] Done
[2026-02-10 14:41:01] YouTube trends monitor starting...
[2026-02-10 14:41:01] Fetching YouTube feeds...
[2026-02-10 14:41:01]   Fireship: 15 videos
[2026-02-10 14:41:01]   Two Minute Papers: 15 videos
[2026-02-10 14:41:01]   Matt Wolfe: 15 videos
[2026-02-10 14:41:01]   AI Explained: 15 videos
[2026-02-10 14:41:01]   The AI Advantage: 0 videos
[2026-02-10 14:41:01]   Ali Abdaal: 15 videos
[2026-02-10 14:41:01]   Pat Flynn: 0 videos
[2026-02-10 14:41:01]   Dan Koe: 0 videos
[2026-02-10 14:41:02]   Liam Ottley: 0 videos
[2026-02-10 14:41:02]   Brett from AI Automation Agency: 0 videos
[2026-02-10 14:41:02] Found 15 videos
[2026-02-10 14:41:02] Saved 0 new videos
[2026-02-10 14:41:02] Summary generated
[2026-02-10 14:41:02] Done
[2026-02-10 14:50:03] YouTube trends monitor starting...
[2026-02-10 14:50:03] Fetching YouTube feeds...
[2026-02-10 14:50:03]   Fireship: 15 videos
[2026-02-10 14:50:03]   Two Minute Papers: 15 videos
[2026-02-10 14:50:03]   Matt Wolfe: 15 videos
[2026-02-10 14:50:03]   AI Explained: 15 videos
[2026-02-10 14:50:04]   The AI Advantage: 0 videos
[2026-02-10 14:50:04]   Ali Abdaal: 15 videos
[2026-02-10 14:50:04]   Pat Flynn: 0 videos
[2026-02-10 14:50:04]   Dan Koe: 0 videos
[2026-02-10 14:50:04]   Liam Ottley: 0 videos
[2026-02-10 14:50:04]   Brett from AI Automation Agency: 0 videos
[2026-02-10 14:50:04] Found 15 videos
[2026-02-10 14:50:04] Saved 0 new videos
[2026-02-10 14:50:04] Summary generated
[2026-02-10 14:50:04] Done
[2026-02-10 18:00:02] YouTube trends monitor starting...
[2026-02-10 18:00:02] Fetching YouTube feeds...
[2026-02-10 18:00:02]   Fireship: 15 videos
[2026-02-10 18:00:02]   Two Minute Papers: 15 videos
[2026-02-10 18:00:02]   Matt Wolfe: 15 videos
[2026-02-10 18:00:02]   AI Explained: 15 videos
[2026-02-10 18:00:02]   The AI Advantage: 0 videos
[2026-02-10 18:00:02]   Ali Abdaal: 15 videos
[2026-02-10 18:00:02]   Pat Flynn: 0 videos
[2026-02-10 18:00:02]   Dan Koe: 0 videos
[2026-02-10 18:00:03]   Liam Ottley: 0 videos
[2026-02-10 18:00:03]   Brett from AI Automation Agency: 0 videos
[2026-02-10 18:00:03] Found 15 videos
[2026-02-10 18:00:03] Saved 0 new videos
[2026-02-10 18:00:03] Summary generated
[2026-02-10 18:00:03] Done
[2026-02-11 00:00:02] YouTube trends monitor starting...
[2026-02-11 00:00:02] Fetching YouTube feeds...
[2026-02-11 00:00:02]   Fireship: 15 videos
[2026-02-11 00:00:02]   Two Minute Papers: 15 videos
[2026-02-11 00:00:02]   Matt Wolfe: 15 videos
[2026-02-11 00:00:02]   AI Explained: 15 videos
[2026-02-11 00:00:03]   The AI Advantage: 0 videos
[2026-02-11 00:00:03]   Ali Abdaal: 15 videos
[2026-02-11 00:00:03]   Pat Flynn: 0 videos
[2026-02-11 00:00:03]   Dan Koe: 0 videos
[2026-02-11 00:00:03]   Liam Ottley: 0 videos
[2026-02-11 00:00:03]   Brett from AI Automation Agency: 0 videos
[2026-02-11 00:00:03] Found 15 videos
[2026-02-11 00:00:03] Saved 0 new videos
[2026-02-11 00:00:03] Summary generated
[2026-02-11 00:00:03] Done
[2026-02-11 06:00:01] YouTube trends monitor starting...
[2026-02-11 06:00:01] Fetching YouTube feeds...
[2026-02-11 06:00:01]   Fireship: 15 videos
[2026-02-11 06:00:01]   Two Minute Papers: 15 videos
[2026-02-11 06:00:01]   Matt Wolfe: 0 videos
[2026-02-11 06:00:01]   AI Explained: 0 videos
[2026-02-11 06:00:01]   The AI Advantage: 0 videos
[2026-02-11 06:00:01]   Ali Abdaal: 0 videos
[2026-02-11 06:00:01]   Pat Flynn: 0 videos
[2026-02-11 06:00:01]   Dan Koe: 0 videos
[2026-02-11 06:00:02]   Liam Ottley: 0 videos
[2026-02-11 06:00:02]   Brett from AI Automation Agency: 0 videos
[2026-02-11 06:00:02] Found 6 videos
[2026-02-11 06:00:02] Saved 0 new videos
[2026-02-11 06:00:02] Summary generated
[2026-02-11 06:00:02] Done
[2026-02-11 13:58:25] YouTube trends monitor starting...
[2026-02-11 13:58:25] Fetching YouTube feeds...
[2026-02-11 13:58:25]   Fireship: 15 videos
[2026-02-11 13:58:25]   Two Minute Papers: 15 videos
[2026-02-11 13:58:25]   Matt Wolfe: 15 videos
[2026-02-11 13:58:26]   AI Explained: 15 videos
[2026-02-11 13:58:26]   The AI Advantage: 0 videos
[2026-02-11 13:58:26]   Ali Abdaal: 15 videos
[2026-02-11 13:58:26]   Pat Flynn: 0 videos
[2026-02-11 13:58:26]   Dan Koe: 0 videos
[2026-02-11 13:58:26]   Liam Ottley: 0 videos
[2026-02-11 13:58:26]   Brett from AI Automation Agency: 0 videos
[2026-02-11 13:58:26] Found 15 videos
[2026-02-11 13:58:26] Saved 1 new videos
[2026-02-11 13:58:26] Summary generated
[2026-02-11 13:58:26] Done
[2026-02-17 16:36:31] YouTube trends monitor starting...
[2026-02-17 16:36:31] Fetching YouTube feeds...
[2026-02-17 16:36:31]   Fireship: 15 videos
[2026-02-17 16:36:31]   Two Minute Papers: 15 videos
[2026-02-17 16:36:32]   Matt Wolfe: 15 videos
[2026-02-17 16:36:32]   AI Explained: 15 videos
[2026-02-17 16:36:32]   The AI Advantage: 0 videos
[2026-02-17 16:36:32]   Ali Abdaal: 15 videos
[2026-02-17 16:36:32]   Pat Flynn: 0 videos
[2026-02-17 16:36:32]   Dan Koe: 0 videos
[2026-02-17 16:36:32]   Liam Ottley: 0 videos
[2026-02-17 16:36:32]   Brett from AI Automation Agency: 0 videos
[2026-02-17 16:36:32] Found 15 videos
[2026-02-17 16:36:32] Saved 8 new videos
[2026-02-17 16:36:32] Summary generated
[2026-02-17 16:36:32] Done
[2026-02-17 23:45:53] YouTube trends monitor starting...
[2026-02-17 23:45:53] Fetching YouTube feeds...
[2026-02-17 23:45:53]   Fireship: 15 videos
[2026-02-17 23:45:53]   Two Minute Papers: 15 videos
[2026-02-17 23:45:53]   Matt Wolfe: 15 videos
[2026-02-17 23:45:54]   AI Explained: 15 videos
[2026-02-17 23:45:54]   The AI Advantage: 0 videos
[2026-02-17 23:45:54]   Ali Abdaal: 15 videos
[2026-02-17 23:45:54]   Pat Flynn: 0 videos
[2026-02-17 23:45:54]   Dan Koe: 0 videos
[2026-02-17 23:45:54]   Liam Ottley: 0 videos
[2026-02-17 23:45:54]   Brett from AI Automation Agency: 0 videos
[2026-02-17 23:45:54] Found 15 videos
[2026-02-17 23:45:54] Saved 3 new videos
[2026-02-17 23:45:54] Summary generated
[2026-02-17 23:45:54] Done
[2026-02-17 23:49:06] YouTube trends monitor starting...
[2026-02-17 23:49:06] Fetching YouTube feeds...
[2026-02-17 23:49:06]   Fireship: 15 videos
[2026-02-17 23:49:06]   Two Minute Papers: 15 videos
[2026-02-17 23:49:06]   Matt Wolfe: 15 videos
[2026-02-17 23:49:06]   AI Explained: 15 videos
[2026-02-17 23:49:06]   The AI Advantage: 0 videos
[2026-02-17 23:49:06]   Ali Abdaal: 15 videos
[2026-02-17 23:49:06]   Pat Flynn: 0 videos
[2026-02-17 23:49:07]   Dan Koe: 0 videos
[2026-02-17 23:49:07]   Liam Ottley: 0 videos
[2026-02-17 23:49:07]   Brett from AI Automation Agency: 0 videos
[2026-02-17 23:49:07] Found 15 videos
[2026-02-17 23:49:07] Saved 0 new videos
[2026-02-17 23:49:07] Summary generated
[2026-02-17 23:49:07] Done
[2026-02-18 00:00:02] YouTube trends monitor starting...
[2026-02-18 00:00:02] Fetching YouTube feeds...
[2026-02-18 00:00:02]   Fireship: 15 videos
[2026-02-18 00:00:02]   Two Minute Papers: 15 videos
[2026-02-18 00:00:02]   Matt Wolfe: 15 videos
[2026-02-18 00:00:02]   AI Explained: 15 videos
[2026-02-18 00:00:02]   The AI Advantage: 0 videos
[2026-02-18 00:00:02]   Ali Abdaal: 15 videos
[2026-02-18 00:00:02]   Pat Flynn: 0 videos
[2026-02-18 00:00:02]   Dan Koe: 0 videos
[2026-02-18 00:00:02]   Liam Ottley: 0 videos
[2026-02-18 00:00:02]   Brett from AI Automation Agency: 0 videos
[2026-02-18 00:00:02] Found 15 videos
[2026-02-18 00:00:02] Saved 0 new videos
[2026-02-18 00:00:02] Summary generated
[2026-02-18 00:00:02] Done
[2026-02-18 06:00:02] YouTube trends monitor starting...
[2026-02-18 06:00:02] Fetching YouTube feeds...
[2026-02-18 06:00:02]   Fireship: 0 videos
[2026-02-18 06:00:02]   Two Minute Papers: 0 videos
[2026-02-18 06:00:02]   Matt Wolfe: 0 videos
[2026-02-18 06:00:03]   AI Explained: 0 videos
[2026-02-18 06:00:03]   The AI Advantage: 0 videos
[2026-02-18 06:00:03]   Ali Abdaal: 15 videos
[2026-02-18 06:00:03]   Pat Flynn: 0 videos
[2026-02-18 06:00:03]   Dan Koe: 0 videos
[2026-02-18 06:00:03]   Liam Ottley: 0 videos
[2026-02-18 06:00:03]   Brett from AI Automation Agency: 0 videos
[2026-02-18 06:00:03] Found 3 videos
[2026-02-18 06:00:03] Saved 0 new videos
[2026-02-18 06:00:03] Summary generated
[2026-02-18 06:00:03] Done
[2026-02-18 10:05:31] YouTube trends monitor starting...
[2026-02-18 10:05:31] Fetching YouTube feeds...
[2026-02-18 10:05:31]   Fireship: 15 videos
[2026-02-18 10:05:31]   Two Minute Papers: 15 videos
[2026-02-18 10:05:32]   Matt Wolfe: 15 videos
[2026-02-18 10:05:32]   AI Explained: 15 videos
[2026-02-18 10:05:32]   The AI Advantage: 0 videos
[2026-02-18 10:05:32]   Ali Abdaal: 15 videos
[2026-02-18 10:05:32]   Pat Flynn: 0 videos
[2026-02-18 10:05:33]   Dan Koe: 0 videos
[2026-02-18 10:05:33]   Liam Ottley: 0 videos
[2026-02-18 10:05:33]   Brett from AI Automation Agency: 0 videos
[2026-02-18 10:05:33] Found 15 videos
[2026-02-18 10:05:33] Saved 2 new videos
[2026-02-18 10:05:33] Summary generated
[2026-02-18 10:05:33] Done
[2026-02-18 11:20:39] YouTube trends monitor starting...
[2026-02-18 11:20:39] Fetching YouTube feeds...
[2026-02-18 11:20:39]   Fireship: 15 videos
[2026-02-18 11:20:39]   Two Minute Papers: 15 videos
[2026-02-18 11:20:39]   Matt Wolfe: 15 videos
[2026-02-18 11:20:40]   AI Explained: 15 videos
[2026-02-18 11:20:40]   The AI Advantage: 0 videos
[2026-02-18 11:20:40]   Ali Abdaal: 15 videos
[2026-02-18 11:20:40]   Pat Flynn: 0 videos
[2026-02-18 11:20:40]   Dan Koe: 0 videos
[2026-02-18 11:20:40]   Liam Ottley: 0 videos
[2026-02-18 11:20:41]   Brett from AI Automation Agency: 0 videos
[2026-02-18 11:20:41] Found 15 videos
[2026-02-18 11:20:41] Saved 0 new videos
[2026-02-18 11:20:41] Summary generated
[2026-02-18 11:20:41] Done
[2026-02-18 12:00:02] YouTube trends monitor starting...
[2026-02-18 12:00:02] Fetching YouTube feeds...
[2026-02-18 12:00:02]   Fireship: 15 videos
[2026-02-18 12:00:03]   Two Minute Papers: 15 videos
[2026-02-18 12:00:03]   Matt Wolfe: 15 videos
[2026-02-18 12:00:03]   AI Explained: 15 videos
[2026-02-18 12:00:03]   The AI Advantage: 0 videos
[2026-02-18 12:00:04]   Ali Abdaal: 15 videos
[2026-02-18 12:00:04]   Pat Flynn: 0 videos
[2026-02-18 12:00:04]   Dan Koe: 0 videos
[2026-02-18 12:00:04]   Liam Ottley: 0 videos
[2026-02-18 12:00:04]   Brett from AI Automation Agency: 0 videos
[2026-02-18 12:00:04] Found 15 videos
[2026-02-18 12:00:04] Saved 0 new videos
[2026-02-18 12:00:04] Summary generated
[2026-02-18 12:00:04] Done
[2026-02-18 13:02:11] YouTube trends monitor starting...
[2026-02-18 13:02:11] Fetching YouTube feeds...
[2026-02-18 13:02:11]   Fireship: 15 videos
[2026-02-18 13:02:12]   Two Minute Papers: 15 videos
[2026-02-18 13:02:12]   Matt Wolfe: 15 videos
[2026-02-18 13:02:12]   AI Explained: 15 videos
[2026-02-18 13:02:12]   The AI Advantage: 0 videos
[2026-02-18 13:02:12]   Ali Abdaal: 15 videos
[2026-02-18 13:02:12]   Pat Flynn: 0 videos
[2026-02-18 13:02:12]   Dan Koe: 0 videos
[2026-02-18 13:02:12]   Liam Ottley: 0 videos
[2026-02-18 13:02:12]   Brett from AI Automation Agency: 0 videos
[2026-02-18 13:02:12] Found 15 videos
[2026-02-18 13:02:12] Saved 1 new videos
[2026-02-18 13:02:12] Summary generated
[2026-02-18 13:02:12] Done
[2026-02-18 18:00:02] YouTube trends monitor starting...
[2026-02-18 18:00:02] Fetching YouTube feeds...
[2026-02-18 18:00:02]   Fireship: 15 videos
[2026-02-18 18:00:02]   Two Minute Papers: 15 videos
[2026-02-18 18:00:02]   Matt Wolfe: 15 videos
[2026-02-18 18:00:02]   AI Explained: 15 videos
[2026-02-18 18:00:02]   The AI Advantage: 0 videos
[2026-02-18 18:00:02]   Ali Abdaal: 15 videos
[2026-02-18 18:00:02]   Pat Flynn: 0 videos
[2026-02-18 18:00:03]   Dan Koe: 0 videos
[2026-02-18 18:00:03]   Liam Ottley: 0 videos
[2026-02-18 18:00:03]   Brett from AI Automation Agency: 0 videos
[2026-02-18 18:00:03] Found 15 videos
[2026-02-18 18:00:03] Saved 2 new videos
[2026-02-18 18:00:03] Summary generated
[2026-02-18 18:00:03] Done
[2026-02-19 00:00:01] YouTube trends monitor starting...
[2026-02-19 00:00:01] Fetching YouTube feeds...
[2026-02-19 00:00:01]   Fireship: 15 videos
[2026-02-19 00:00:02]   Two Minute Papers: 15 videos
[2026-02-19 00:00:02]   Matt Wolfe: 15 videos
[2026-02-19 00:00:02]   AI Explained: 15 videos
[2026-02-19 00:00:02]   The AI Advantage: 0 videos
[2026-02-19 00:00:02]   Ali Abdaal: 15 videos
[2026-02-19 00:00:02]   Pat Flynn: 0 videos
[2026-02-19 00:00:02]   Dan Koe: 0 videos
[2026-02-19 00:00:02]   Liam Ottley: 0 videos
[2026-02-19 00:00:02]   Brett from AI Automation Agency: 0 videos
[2026-02-19 00:00:02] Found 15 videos
[2026-02-19 00:00:02] Saved 1 new videos
[2026-02-19 00:00:02] Summary generated
[2026-02-19 00:00:02] Done
[2026-02-19 06:00:01] YouTube trends monitor starting...
[2026-02-19 06:00:01] Fetching YouTube feeds...
[2026-02-19 06:00:01]   Fireship: 15 videos
[2026-02-19 06:00:02]   Two Minute Papers: 0 videos
[2026-02-19 06:00:02]   Matt Wolfe: 0 videos
[2026-02-19 06:00:02]   AI Explained: 0 videos
[2026-02-19 06:00:02]   The AI Advantage: 0 videos
[2026-02-19 06:00:02]   Ali Abdaal: 0 videos
[2026-02-19 06:00:02]   Pat Flynn: 0 videos
[2026-02-19 06:00:02]   Dan Koe: 0 videos
[2026-02-19 06:00:02]   Liam Ottley: 0 videos
[2026-02-19 06:00:02]   Brett from AI Automation Agency: 0 videos
[2026-02-19 06:00:02] Found 3 videos
[2026-02-19 06:00:02] Saved 0 new videos
[2026-02-19 06:00:02] Summary generated
[2026-02-19 06:00:02] Done
[2026-02-19 12:00:02] YouTube trends monitor starting...
[2026-02-19 12:00:02] Fetching YouTube feeds...
[2026-02-19 12:00:02]   Fireship: 15 videos
[2026-02-19 12:00:02]   Two Minute Papers: 15 videos
[2026-02-19 12:00:02]   Matt Wolfe: 15 videos
[2026-02-19 12:00:02]   AI Explained: 15 videos
[2026-02-19 12:00:02]   The AI Advantage: 0 videos
[2026-02-19 12:00:03]   Ali Abdaal: 15 videos
[2026-02-19 12:00:03]   Pat Flynn: 0 videos
[2026-02-19 12:00:03]   Dan Koe: 0 videos
[2026-02-19 12:00:03]   Liam Ottley: 0 videos
[2026-02-19 12:00:03]   Brett from AI Automation Agency: 0 videos
[2026-02-19 12:00:03] Found 15 videos
[2026-02-19 12:00:03] Saved 4 new videos
[2026-02-19 12:00:03] Summary generated
[2026-02-19 12:00:03] Done
[2026-02-19 13:01:38] YouTube trends monitor starting...
[2026-02-19 13:01:38] Fetching YouTube feeds...
[2026-02-19 13:01:38]   Fireship: 15 videos
[2026-02-19 13:01:38]   Two Minute Papers: 15 videos
[2026-02-19 13:01:39]   Matt Wolfe: 15 videos
[2026-02-19 13:01:39]   AI Explained: 15 videos
[2026-02-19 13:01:39]   The AI Advantage: 0 videos
[2026-02-19 13:01:39]   Ali Abdaal: 15 videos
[2026-02-19 13:01:39]   Pat Flynn: 0 videos
[2026-02-19 13:01:39]   Dan Koe: 0 videos
[2026-02-19 13:01:39]   Liam Ottley: 0 videos
[2026-02-19 13:01:39]   Brett from AI Automation Agency: 0 videos
[2026-02-19 13:01:39] Found 15 videos
[2026-02-19 13:01:39] Saved 0 new videos
[2026-02-19 13:01:39] Summary generated
[2026-02-19 13:01:39] Done
[2026-02-19 15:35:53] YouTube trends monitor starting...
[2026-02-19 15:35:53] Fetching YouTube feeds...
[2026-02-19 15:35:53]   Fireship: 15 videos
[2026-02-19 15:35:53]   Two Minute Papers: 15 videos
[2026-02-19 15:35:53]   Matt Wolfe: 15 videos
[2026-02-19 15:35:53]   AI Explained: 15 videos
[2026-02-19 15:35:54]   The AI Advantage: 0 videos
[2026-02-19 15:35:54]   Ali Abdaal: 15 videos
[2026-02-19 15:35:54]   Pat Flynn: 0 videos
[2026-02-19 15:35:54]   Dan Koe: 0 videos
[2026-02-19 15:35:54]   Liam Ottley: 0 videos
[2026-02-19 15:35:54]   Brett from AI Automation Agency: 0 videos
[2026-02-19 15:35:54] Found 15 videos
[2026-02-19 15:35:54] Saved 2 new videos
[2026-02-19 15:35:54] Summary generated
[2026-02-19 15:35:54] Done
[2026-02-19 15:43:48] YouTube trends monitor starting...
[2026-02-19 15:43:48] Fetching YouTube feeds...
[2026-02-19 15:43:48]   Fireship: 15 videos
[2026-02-19 15:43:48]   Two Minute Papers: 15 videos
[2026-02-19 15:43:48]   Matt Wolfe: 15 videos
[2026-02-19 15:43:49]   AI Explained: 15 videos
[2026-02-19 15:43:49]   The AI Advantage: 0 videos
[2026-02-19 15:43:49]   Ali Abdaal: 15 videos
[2026-02-19 15:43:49]   Pat Flynn: 0 videos
[2026-02-19 15:43:49]   Dan Koe: 0 videos
[2026-02-19 15:43:49]   Liam Ottley: 0 videos
[2026-02-19 15:43:49]   Brett from AI Automation Agency: 0 videos
[2026-02-19 15:43:49] Found 15 videos
[2026-02-19 15:43:49] Saved 0 new videos
[2026-02-19 15:43:49] Summary generated
[2026-02-19 15:43:49] Done
[2026-02-19 15:46:59] YouTube trends monitor starting...
[2026-02-19 15:46:59] Fetching YouTube feeds...
[2026-02-19 15:46:59]   Fireship: 15 videos
[2026-02-19 15:46:59]   Two Minute Papers: 15 videos
[2026-02-19 15:46:59]   Matt Wolfe: 15 videos
[2026-02-19 15:46:59]   AI Explained: 15 videos
[2026-02-19 15:47:00]   The AI Advantage: 0 videos
[2026-02-19 15:47:00]   Ali Abdaal: 15 videos
[2026-02-19 15:47:00]   Pat Flynn: 0 videos
[2026-02-19 15:47:00]   Dan Koe: 0 videos
[2026-02-19 15:47:00]   Liam Ottley: 0 videos
[2026-02-19 15:47:00]   Brett from AI Automation Agency: 0 videos
[2026-02-19 15:47:00] Found 15 videos
[2026-02-19 15:47:00] Saved 0 new videos
[2026-02-19 15:47:00] Summary generated
[2026-02-19 15:47:00] Done
[2026-02-19 18:00:02] YouTube trends monitor starting...
[2026-02-19 18:00:02] Fetching YouTube feeds...
[2026-02-19 18:00:02]   Fireship: 15 videos
[2026-02-19 18:00:02]   Two Minute Papers: 15 videos
[2026-02-19 18:00:02]   Matt Wolfe: 15 videos
[2026-02-19 18:00:02]   AI Explained: 15 videos
[2026-02-19 18:00:02]   The AI Advantage: 0 videos
[2026-02-19 18:00:02]   Ali Abdaal: 15 videos
[2026-02-19 18:00:02]   Pat Flynn: 0 videos
[2026-02-19 18:00:03]   Dan Koe: 0 videos
[2026-02-19 18:00:03]   Liam Ottley: 0 videos
[2026-02-19 18:00:03]   Brett from AI Automation Agency: 0 videos
[2026-02-19 18:00:03] Found 15 videos
[2026-02-19 18:00:03] Saved 0 new videos
[2026-02-19 18:00:03] Summary generated
[2026-02-19 18:00:03] Done
[2026-02-20 00:00:02] YouTube trends monitor starting...
[2026-02-20 00:00:02] Fetching YouTube feeds...
[2026-02-20 00:00:02]   Fireship: 15 videos
[2026-02-20 00:00:02]   Two Minute Papers: 15 videos
[2026-02-20 00:00:02]   Matt Wolfe: 15 videos
[2026-02-20 00:00:02]   AI Explained: 15 videos
[2026-02-20 00:00:03]   The AI Advantage: 0 videos
[2026-02-20 00:00:03]   Ali Abdaal: 15 videos
[2026-02-20 00:00:03]   Pat Flynn: 0 videos
[2026-02-20 00:00:03]   Dan Koe: 0 videos
[2026-02-20 00:00:03]   Liam Ottley: 0 videos
[2026-02-20 00:00:03]   Brett from AI Automation Agency: 0 videos
[2026-02-20 00:00:03] Found 15 videos
[2026-02-20 00:00:03] Saved 0 new videos
[2026-02-20 00:00:03] Summary generated
[2026-02-20 00:00:03] Done
[2026-02-20 06:00:02] YouTube trends monitor starting...
[2026-02-20 06:00:02] Fetching YouTube feeds...
[2026-02-20 06:00:02]   Fireship: 15 videos
[2026-02-20 06:00:02]   Two Minute Papers: 15 videos
[2026-02-20 06:00:02]   Matt Wolfe: 15 videos
[2026-02-20 06:00:02]   AI Explained: 15 videos
[2026-02-20 06:00:02]   The AI Advantage: 0 videos
[2026-02-20 06:00:03]   Ali Abdaal: 15 videos
[2026-02-20 06:00:03]   Pat Flynn: 0 videos
[2026-02-20 06:00:03]   Dan Koe: 0 videos
[2026-02-20 06:00:03]   Liam Ottley: 0 videos
[2026-02-20 06:00:03]   Brett from AI Automation Agency: 0 videos
[2026-02-20 06:00:03] Found 15 videos
[2026-02-20 06:00:03] Saved 0 new videos
[2026-02-20 06:00:03] Summary generated
[2026-02-20 06:00:03] Done
[2026-02-20 12:00:01] YouTube trends monitor starting...
[2026-02-20 12:00:01] Fetching YouTube feeds...
[2026-02-20 12:00:02]   Fireship: 15 videos
[2026-02-20 12:00:02]   Two Minute Papers: 15 videos
[2026-02-20 12:00:02]   Matt Wolfe: 15 videos
[2026-02-20 12:00:02]   AI Explained: 15 videos
[2026-02-20 12:00:02]   The AI Advantage: 0 videos
[2026-02-20 12:00:02]   Ali Abdaal: 15 videos
[2026-02-20 12:00:02]   Pat Flynn: 0 videos
[2026-02-20 12:00:03]   Dan Koe: 0 videos
[2026-02-20 12:00:03]   Liam Ottley: 0 videos
[2026-02-20 12:00:03]   Brett from AI Automation Agency: 0 videos
[2026-02-20 12:00:03] Found 15 videos
[2026-02-20 12:00:03] Saved 1 new videos
[2026-02-20 12:00:03] Summary generated
[2026-02-20 12:00:03] Done
[2026-02-20 13:01:16] YouTube trends monitor starting...
[2026-02-20 13:01:16] Fetching YouTube feeds...
[2026-02-20 13:01:16]   Fireship: 15 videos
[2026-02-20 13:01:16]   Two Minute Papers: 15 videos
[2026-02-20 13:01:16]   Matt Wolfe: 15 videos
[2026-02-20 13:01:17]   AI Explained: 15 videos
[2026-02-20 13:01:17]   The AI Advantage: 0 videos
[2026-02-20 13:01:17]   Ali Abdaal: 15 videos
[2026-02-20 13:01:17]   Pat Flynn: 0 videos
[2026-02-20 13:01:17]   Dan Koe: 0 videos
[2026-02-20 13:01:17]   Liam Ottley: 0 videos
[2026-02-20 13:01:17]   Brett from AI Automation Agency: 0 videos
[2026-02-20 13:01:17] Found 15 videos
[2026-02-20 13:01:17] Saved 0 new videos
[2026-02-20 13:01:17] Summary generated
[2026-02-20 13:01:17] Done
[2026-02-20 18:00:01] YouTube trends monitor starting...
[2026-02-20 18:00:01] Fetching YouTube feeds...
[2026-02-20 18:00:02]   Fireship: 15 videos
[2026-02-20 18:00:02]   Two Minute Papers: 15 videos
[2026-02-20 18:00:02]   Matt Wolfe: 15 videos
[2026-02-20 18:00:02]   AI Explained: 15 videos
[2026-02-20 18:00:02]   The AI Advantage: 0 videos
[2026-02-20 18:00:02]   Ali Abdaal: 15 videos
[2026-02-20 18:00:02]   Pat Flynn: 0 videos
[2026-02-20 18:00:02]   Dan Koe: 0 videos
[2026-02-20 18:00:02]   Liam Ottley: 0 videos
[2026-02-20 18:00:03]   Brett from AI Automation Agency: 0 videos
[2026-02-20 18:00:03] Found 15 videos
[2026-02-20 18:00:03] Saved 1 new videos
[2026-02-20 18:00:03] Summary generated
[2026-02-20 18:00:03] Done
[2026-02-21 00:00:02] YouTube trends monitor starting...
[2026-02-21 00:00:02] Fetching YouTube feeds...
[2026-02-21 00:00:03]   Fireship: 15 videos
[2026-02-21 00:00:03]   Two Minute Papers: 15 videos
[2026-02-21 00:00:03]   Matt Wolfe: 15 videos
[2026-02-21 00:00:03]   AI Explained: 15 videos
[2026-02-21 00:00:03]   The AI Advantage: 0 videos
[2026-02-21 00:00:04]   Ali Abdaal: 15 videos
[2026-02-21 00:00:04]   Pat Flynn: 0 videos
[2026-02-21 00:00:04]   Dan Koe: 0 videos
[2026-02-21 00:00:04]   Liam Ottley: 0 videos
[2026-02-21 00:00:04]   Brett from AI Automation Agency: 0 videos
[2026-02-21 00:00:04] Found 15 videos
[2026-02-21 00:00:04] Saved 1 new videos
[2026-02-21 00:00:04] Summary generated
[2026-02-21 00:00:04] Done
[2026-02-21 06:00:01] YouTube trends monitor starting...
[2026-02-21 06:00:01] Fetching YouTube feeds...
[2026-02-21 06:00:02]   Fireship: 15 videos
[2026-02-21 06:00:02]   Two Minute Papers: 15 videos
[2026-02-21 06:00:02]   Matt Wolfe: 0 videos
[2026-02-21 06:00:02]   AI Explained: 0 videos
[2026-02-21 06:00:02]   The AI Advantage: 0 videos
[2026-02-21 06:00:02]   Ali Abdaal: 15 videos
[2026-02-21 06:00:02]   Pat Flynn: 0 videos
[2026-02-21 06:00:02]   Dan Koe: 0 videos
[2026-02-21 06:00:02]   Liam Ottley: 0 videos
[2026-02-21 06:00:03]   Brett from AI Automation Agency: 0 videos
[2026-02-21 06:00:03] Found 9 videos
[2026-02-21 06:00:03] Saved 0 new videos
[2026-02-21 06:00:03] Summary generated
[2026-02-21 06:00:03] Done
[2026-02-21 12:00:02] YouTube trends monitor starting...
[2026-02-21 12:00:02] Fetching YouTube feeds...
[2026-02-21 12:00:02]   Fireship: 15 videos
[2026-02-21 12:00:02]   Two Minute Papers: 15 videos
[2026-02-21 12:00:02]   Matt Wolfe: 15 videos
[2026-02-21 12:00:02]   AI Explained: 15 videos
[2026-02-21 12:00:02]   The AI Advantage: 0 videos
[2026-02-21 12:00:02]   Ali Abdaal: 15 videos
[2026-02-21 12:00:03]   Pat Flynn: 0 videos
[2026-02-21 12:00:03]   Dan Koe: 0 videos
[2026-02-21 12:00:03]   Liam Ottley: 0 videos
[2026-02-21 12:00:03]   Brett from AI Automation Agency: 0 videos
[2026-02-21 12:00:03] Found 15 videos
[2026-02-21 12:00:03] Saved 1 new videos
[2026-02-21 12:00:03] Summary generated
[2026-02-21 12:00:03] Done
[2026-02-21 13:01:05] YouTube trends monitor starting...
[2026-02-21 13:01:05] Fetching YouTube feeds...
[2026-02-21 13:01:05]   Fireship: 15 videos
[2026-02-21 13:01:05]   Two Minute Papers: 15 videos
[2026-02-21 13:01:05]   Matt Wolfe: 15 videos
[2026-02-21 13:01:05]   AI Explained: 15 videos
[2026-02-21 13:01:05]   The AI Advantage: 0 videos
[2026-02-21 13:01:05]   Ali Abdaal: 15 videos
[2026-02-21 13:01:06]   Pat Flynn: 0 videos
[2026-02-21 13:01:06]   Dan Koe: 0 videos
[2026-02-21 13:01:06]   Liam Ottley: 0 videos
[2026-02-21 13:01:06]   Brett from AI Automation Agency: 0 videos
[2026-02-21 13:01:06] Found 15 videos
[2026-02-21 13:01:06] Saved 0 new videos
[2026-02-21 13:01:06] Summary generated
[2026-02-21 13:01:06] Done
[2026-02-21 18:00:01] YouTube trends monitor starting...
[2026-02-21 18:00:01] Fetching YouTube feeds...
[2026-02-21 18:00:01]   Fireship: 15 videos
[2026-02-21 18:00:02]   Two Minute Papers: 15 videos
[2026-02-21 18:00:02]   Matt Wolfe: 15 videos
[2026-02-21 18:00:02]   AI Explained: 15 videos
[2026-02-21 18:00:02]   The AI Advantage: 0 videos
[2026-02-21 18:00:02]   Ali Abdaal: 15 videos
[2026-02-21 18:00:02]   Pat Flynn: 0 videos
[2026-02-21 18:00:03]   Dan Koe: 0 videos
[2026-02-21 18:00:03]   Liam Ottley: 0 videos
[2026-02-21 18:00:03]   Brett from AI Automation Agency: 0 videos
[2026-02-21 18:00:03] Found 15 videos
[2026-02-21 18:00:03] Saved 0 new videos
[2026-02-21 18:00:03] Summary generated
[2026-02-21 18:00:03] Done
[2026-02-22 00:00:02] YouTube trends monitor starting...
[2026-02-22 00:00:02] Fetching YouTube feeds...
[2026-02-22 00:00:02]   Fireship: 15 videos
[2026-02-22 00:00:02]   Two Minute Papers: 15 videos
[2026-02-22 00:00:02]   Matt Wolfe: 15 videos
[2026-02-22 00:00:02]   AI Explained: 15 videos
[2026-02-22 00:00:03]   The AI Advantage: 0 videos
[2026-02-22 00:00:03]   Ali Abdaal: 15 videos
[2026-02-22 00:00:03]   Pat Flynn: 0 videos
[2026-02-22 00:00:04]   Dan Koe: 0 videos
[2026-02-22 00:00:04]   Liam Ottley: 0 videos
[2026-02-22 00:00:05]   Brett from AI Automation Agency: 0 videos
[2026-02-22 00:00:05] Found 15 videos
[2026-02-22 00:00:05] Saved 0 new videos
[2026-02-22 00:00:05] Summary generated
[2026-02-22 00:00:05] Done
[2026-02-22 06:00:02] YouTube trends monitor starting...
[2026-02-22 06:00:02] Fetching YouTube feeds...
[2026-02-22 06:00:02]   Fireship: 15 videos
[2026-02-22 06:00:02]   Two Minute Papers: 15 videos
[2026-02-22 06:00:02]   Matt Wolfe: 0 videos
[2026-02-22 06:00:02]   AI Explained: 0 videos
[2026-02-22 06:00:02]   The AI Advantage: 0 videos
[2026-02-22 06:00:02]   Ali Abdaal: 15 videos
[2026-02-22 06:00:03]   Pat Flynn: 0 videos
[2026-02-22 06:00:03]   Dan Koe: 0 videos
[2026-02-22 06:00:03]   Liam Ottley: 0 videos
[2026-02-22 06:00:03]   Brett from AI Automation Agency: 0 videos
[2026-02-22 06:00:03] Found 9 videos
[2026-02-22 06:00:03] Saved 0 new videos
[2026-02-22 06:00:03] Summary generated
[2026-02-22 06:00:03] Done
[2026-02-22 12:00:02] YouTube trends monitor starting...
[2026-02-22 12:00:02] Fetching YouTube feeds...
[2026-02-22 12:00:02]   Fireship: 15 videos
[2026-02-22 12:00:02]   Two Minute Papers: 15 videos
[2026-02-22 12:00:02]   Matt Wolfe: 15 videos
[2026-02-22 12:00:02]   AI Explained: 15 videos
[2026-02-22 12:00:03]   The AI Advantage: 0 videos
[2026-02-22 12:00:03]   Ali Abdaal: 15 videos
[2026-02-22 12:00:03]   Pat Flynn: 0 videos
[2026-02-22 12:00:03]   Dan Koe: 0 videos
[2026-02-22 12:00:03]   Liam Ottley: 0 videos
[2026-02-22 12:00:03]   Brett from AI Automation Agency: 0 videos
[2026-02-22 12:00:03] Found 15 videos
[2026-02-22 12:00:03] Saved 2 new videos
[2026-02-22 12:00:03] Summary generated
[2026-02-22 12:00:03] Done
[2026-02-22 13:01:07] YouTube trends monitor starting...
[2026-02-22 13:01:07] Fetching YouTube feeds...
[2026-02-22 13:01:07]   Fireship: 15 videos
[2026-02-22 13:01:07]   Two Minute Papers: 15 videos
[2026-02-22 13:01:07]   Matt Wolfe: 15 videos
[2026-02-22 13:01:07]   AI Explained: 15 videos
[2026-02-22 13:01:07]   The AI Advantage: 0 videos
[2026-02-22 13:01:07]   Ali Abdaal: 15 videos
[2026-02-22 13:01:07]   Pat Flynn: 0 videos
[2026-02-22 13:01:07]   Dan Koe: 0 videos
[2026-02-22 13:01:07]   Liam Ottley: 0 videos
[2026-02-22 13:01:08]   Brett from AI Automation Agency: 0 videos
[2026-02-22 13:01:08] Found 15 videos
[2026-02-22 13:01:08] Saved 0 new videos
[2026-02-22 13:01:08] Summary generated
[2026-02-22 13:01:08] Done
[2026-02-22 18:00:01] YouTube trends monitor starting...
[2026-02-22 18:00:01] Fetching YouTube feeds...
[2026-02-22 18:00:01]   Fireship: 15 videos
[2026-02-22 18:00:01]   Two Minute Papers: 15 videos
[2026-02-22 18:00:02]   Matt Wolfe: 15 videos
[2026-02-22 18:00:02]   AI Explained: 15 videos
[2026-02-22 18:00:02]   The AI Advantage: 0 videos
[2026-02-22 18:00:02]   Ali Abdaal: 15 videos
[2026-02-22 18:00:02]   Pat Flynn: 0 videos
[2026-02-22 18:00:02]   Dan Koe: 0 videos
[2026-02-22 18:00:02]   Liam Ottley: 0 videos
[2026-02-22 18:00:03]   Brett from AI Automation Agency: 0 videos
[2026-02-22 18:00:03] Found 15 videos
[2026-02-22 18:00:03] Saved 0 new videos
[2026-02-22 18:00:03] Summary generated
[2026-02-22 18:00:03] Done
[2026-02-23 00:00:02] YouTube trends monitor starting...
[2026-02-23 00:00:02] Fetching YouTube feeds...
[2026-02-23 00:00:02]   Fireship: 15 videos
[2026-02-23 00:00:02]   Two Minute Papers: 15 videos
[2026-02-23 00:00:02]   Matt Wolfe: 15 videos
[2026-02-23 00:00:02]   AI Explained: 15 videos
[2026-02-23 00:00:02]   The AI Advantage: 0 videos
[2026-02-23 00:00:03]   Ali Abdaal: 15 videos
[2026-02-23 00:00:03]   Pat Flynn: 0 videos
[2026-02-23 00:00:03]   Dan Koe: 0 videos
[2026-02-23 00:00:03]   Liam Ottley: 0 videos
[2026-02-23 00:00:03]   Brett from AI Automation Agency: 0 videos
[2026-02-23 00:00:03] Found 15 videos
[2026-02-23 00:00:03] Saved 0 new videos
[2026-02-23 00:00:03] Summary generated
[2026-02-23 00:00:03] Done
[2026-02-23 06:00:01] YouTube trends monitor starting...
[2026-02-23 06:00:01] Fetching YouTube feeds...
[2026-02-23 06:00:01]   Fireship: 15 videos
[2026-02-23 06:00:01]   Two Minute Papers: 0 videos
[2026-02-23 06:00:01]   Matt Wolfe: 0 videos
[2026-02-23 06:00:01]   AI Explained: 0 videos
[2026-02-23 06:00:02]   The AI Advantage: 0 videos
[2026-02-23 06:00:02]   Ali Abdaal: 0 videos
[2026-02-23 06:00:02]   Pat Flynn: 0 videos
[2026-02-23 06:00:02]   Dan Koe: 0 videos
[2026-02-23 06:00:02]   Liam Ottley: 0 videos
[2026-02-23 06:00:02]   Brett from AI Automation Agency: 0 videos
[2026-02-23 06:00:02] Found 3 videos
[2026-02-23 06:00:02] Saved 0 new videos
[2026-02-23 06:00:02] Summary generated
[2026-02-23 06:00:02] Done
[2026-02-23 12:00:02] YouTube trends monitor starting...
[2026-02-23 12:00:02] Fetching YouTube feeds...
[2026-02-23 12:00:02]   Fireship: 15 videos
[2026-02-23 12:00:02]   Two Minute Papers: 15 videos
[2026-02-23 12:00:02]   Matt Wolfe: 15 videos
[2026-02-23 12:00:03]   AI Explained: 15 videos
[2026-02-23 12:00:03]   The AI Advantage: 0 videos
[2026-02-23 12:00:03]   Ali Abdaal: 15 videos
[2026-02-23 12:00:03]   Pat Flynn: 0 videos
[2026-02-23 12:00:03]   Dan Koe: 0 videos
[2026-02-23 12:00:03]   Liam Ottley: 0 videos
[2026-02-23 12:00:03]   Brett from AI Automation Agency: 0 videos
[2026-02-23 12:00:03] Found 15 videos
[2026-02-23 12:00:03] Saved 1 new videos
[2026-02-23 12:00:03] Summary generated
[2026-02-23 12:00:03] Done
[2026-02-23 13:01:01] YouTube trends monitor starting...
[2026-02-23 13:01:01] Fetching YouTube feeds...
[2026-02-23 13:01:01]   Fireship: 15 videos
[2026-02-23 13:01:01]   Two Minute Papers: 15 videos
[2026-02-23 13:01:01]   Matt Wolfe: 15 videos
[2026-02-23 13:01:01]   AI Explained: 15 videos
[2026-02-23 13:01:01]   The AI Advantage: 0 videos
[2026-02-23 13:01:01]   Ali Abdaal: 15 videos
[2026-02-23 13:01:02]   Pat Flynn: 0 videos
[2026-02-23 13:01:02]   Dan Koe: 0 videos
[2026-02-23 13:01:02]   Liam Ottley: 0 videos
[2026-02-23 13:01:02]   Brett from AI Automation Agency: 0 videos
[2026-02-23 13:01:02] Found 15 videos
[2026-02-23 13:01:02] Saved 0 new videos
[2026-02-23 13:01:02] Summary generated
[2026-02-23 13:01:02] Done
[2026-02-23 18:00:02] YouTube trends monitor starting...
[2026-02-23 18:00:02] Fetching YouTube feeds...
[2026-02-23 18:00:02]   Fireship: 15 videos
[2026-02-23 18:00:02]   Two Minute Papers: 15 videos
[2026-02-23 18:00:02]   Matt Wolfe: 15 videos
[2026-02-23 18:00:02]   AI Explained: 15 videos
[2026-02-23 18:00:02]   The AI Advantage: 0 videos
[2026-02-23 18:00:02]   Ali Abdaal: 15 videos
[2026-02-23 18:00:03]   Pat Flynn: 0 videos
[2026-02-23 18:00:03]   Dan Koe: 0 videos
[2026-02-23 18:00:03]   Liam Ottley: 0 videos
[2026-02-23 18:00:03]   Brett from AI Automation Agency: 0 videos
[2026-02-23 18:00:03] Found 15 videos
[2026-02-23 18:00:03] Saved 0 new videos
[2026-02-23 18:00:03] Summary generated
[2026-02-23 18:00:03] Done
[2026-02-24 00:00:02] YouTube trends monitor starting...
[2026-02-24 00:00:02] Fetching YouTube feeds...
[2026-02-24 00:00:02]   Fireship: 15 videos
[2026-02-24 00:00:02]   Two Minute Papers: 15 videos
[2026-02-24 00:00:02]   Matt Wolfe: 15 videos
[2026-02-24 00:00:02]   AI Explained: 15 videos
[2026-02-24 00:00:03]   The AI Advantage: 0 videos
[2026-02-24 00:00:03]   Ali Abdaal: 15 videos
[2026-02-24 00:00:03]   Pat Flynn: 0 videos
[2026-02-24 00:00:03]   Dan Koe: 0 videos
[2026-02-24 00:00:03]   Liam Ottley: 0 videos
[2026-02-24 00:00:03]   Brett from AI Automation Agency: 0 videos
[2026-02-24 00:00:03] Found 15 videos
[2026-02-24 00:00:03] Saved 0 new videos
[2026-02-24 00:00:03] Summary generated
[2026-02-24 00:00:03] Done
[2026-02-24 06:00:01] YouTube trends monitor starting...
[2026-02-24 06:00:01] Fetching YouTube feeds...
[2026-02-24 06:00:01]   Fireship: 15 videos
[2026-02-24 06:00:01]   Two Minute Papers: 15 videos
[2026-02-24 06:00:01]   Matt Wolfe: 15 videos
[2026-02-24 06:00:02]   AI Explained: 15 videos
[2026-02-24 06:00:02]   The AI Advantage: 0 videos
[2026-02-24 06:00:02]   Ali Abdaal: 15 videos
[2026-02-24 06:00:02]   Pat Flynn: 0 videos
[2026-02-24 06:00:02]   Dan Koe: 0 videos
[2026-02-24 06:00:02]   Liam Ottley: 0 videos
[2026-02-24 06:00:02]   Brett from AI Automation Agency: 0 videos
[2026-02-24 06:00:02] Found 15 videos
[2026-02-24 06:00:02] Saved 0 new videos
[2026-02-24 06:00:02] Summary generated
[2026-02-24 06:00:02] Done
[2026-02-24 12:00:01] YouTube trends monitor starting...
[2026-02-24 12:00:01] Fetching YouTube feeds...
[2026-02-24 12:00:01]   Fireship: 15 videos
[2026-02-24 12:00:01]   Two Minute Papers: 15 videos
[2026-02-24 12:00:02]   Matt Wolfe: 15 videos
[2026-02-24 12:00:02]   AI Explained: 15 videos
[2026-02-24 12:00:02]   The AI Advantage: 0 videos
[2026-02-24 12:00:02]   Ali Abdaal: 15 videos
[2026-02-24 12:00:02]   Pat Flynn: 0 videos
[2026-02-24 12:00:02]   Dan Koe: 0 videos
[2026-02-24 12:00:02]   Liam Ottley: 0 videos
[2026-02-24 12:00:03]   Brett from AI Automation Agency: 0 videos
[2026-02-24 12:00:03] Found 15 videos
[2026-02-24 12:00:03] Saved 0 new videos
[2026-02-24 12:00:03] Summary generated
[2026-02-24 12:00:03] Done
[2026-02-24 13:01:03] YouTube trends monitor starting...
[2026-02-24 13:01:03] Fetching YouTube feeds...
[2026-02-24 13:01:03]   Fireship: 15 videos
[2026-02-24 13:01:03]   Two Minute Papers: 15 videos
[2026-02-24 13:01:03]   Matt Wolfe: 15 videos
[2026-02-24 13:01:04]   AI Explained: 15 videos
[2026-02-24 13:01:04]   The AI Advantage: 0 videos
[2026-02-24 13:01:04]   Ali Abdaal: 15 videos
[2026-02-24 13:01:04]   Pat Flynn: 0 videos
[2026-02-24 13:01:04]   Dan Koe: 0 videos
[2026-02-24 13:01:04]   Liam Ottley: 0 videos
[2026-02-24 13:01:04]   Brett from AI Automation Agency: 0 videos
[2026-02-24 13:01:04] Found 15 videos
[2026-02-24 13:01:04] Saved 0 new videos
[2026-02-24 13:01:04] Summary generated
[2026-02-24 13:01:04] Done
[2026-02-24 18:00:01] YouTube trends monitor starting...
[2026-02-24 18:00:01] Fetching YouTube feeds...
[2026-02-24 18:00:02]   Fireship: 15 videos
[2026-02-24 18:00:02]   Two Minute Papers: 15 videos
[2026-02-24 18:00:02]   Matt Wolfe: 15 videos
[2026-02-24 18:00:02]   AI Explained: 15 videos
[2026-02-24 18:00:02]   The AI Advantage: 0 videos
[2026-02-24 18:00:02]   Ali Abdaal: 15 videos
[2026-02-24 18:00:02]   Pat Flynn: 0 videos
[2026-02-24 18:00:02]   Dan Koe: 0 videos
[2026-02-24 18:00:02]   Liam Ottley: 0 videos
[2026-02-24 18:00:03]   Brett from AI Automation Agency: 0 videos
[2026-02-24 18:00:03] Found 15 videos
[2026-02-24 18:00:03] Saved 0 new videos
[2026-02-24 18:00:03] Summary generated
[2026-02-24 18:00:03] Done
[2026-02-25 00:00:01] YouTube trends monitor starting...
[2026-02-25 00:00:01] Fetching YouTube feeds...
[2026-02-25 00:00:02]   Fireship: 15 videos
[2026-02-25 00:00:02]   Two Minute Papers: 15 videos
[2026-02-25 00:00:02]   Matt Wolfe: 15 videos
[2026-02-25 00:00:02]   AI Explained: 15 videos
[2026-02-25 00:00:02]   The AI Advantage: 0 videos
[2026-02-25 00:00:02]   Ali Abdaal: 15 videos
[2026-02-25 00:00:02]   Pat Flynn: 0 videos
[2026-02-25 00:00:03]   Dan Koe: 0 videos
[2026-02-25 00:00:03]   Liam Ottley: 0 videos
[2026-02-25 00:00:03]   Brett from AI Automation Agency: 0 videos
[2026-02-25 00:00:03] Found 15 videos
[2026-02-25 00:00:03] Saved 0 new videos
[2026-02-25 00:00:03] Summary generated
[2026-02-25 00:00:03] Done
[2026-02-25 06:10:02] YouTube trends monitor starting...
[2026-02-25 06:10:02] Fetching YouTube feeds...
[2026-02-25 06:10:02]   Fireship: 15 videos
[2026-02-25 06:10:02]   Two Minute Papers: 15 videos
[2026-02-25 06:10:02]   Matt Wolfe: 15 videos
[2026-02-25 06:10:02]   AI Explained: 15 videos
[2026-02-25 06:10:02]   The AI Advantage: 0 videos
[2026-02-25 06:10:02]   Ali Abdaal: 15 videos
[2026-02-25 06:10:02]   Pat Flynn: 0 videos
[2026-02-25 06:10:02]   Dan Koe: 0 videos
[2026-02-25 06:10:03]   Liam Ottley: 0 videos
[2026-02-25 06:10:03]   Brett from AI Automation Agency: 0 videos
[2026-02-25 06:10:03] Found 15 videos
[2026-02-25 06:10:03] Saved 0 new videos
[2026-02-25 06:10:03] Summary generated
[2026-02-25 06:10:03] Done
[2026-02-25 12:10:02] YouTube trends monitor starting...
[2026-02-25 12:10:02] Fetching YouTube feeds...
[2026-02-25 12:10:02]   Fireship: 15 videos
[2026-02-25 12:10:02]   Two Minute Papers: 15 videos
[2026-02-25 12:10:02]   Matt Wolfe: 15 videos
[2026-02-25 12:10:02]   AI Explained: 15 videos
[2026-02-25 12:10:02]   The AI Advantage: 0 videos
[2026-02-25 12:10:02]   Ali Abdaal: 15 videos
[2026-02-25 12:10:02]   Pat Flynn: 0 videos
[2026-02-25 12:10:02]   Dan Koe: 0 videos
[2026-02-25 12:10:02]   Liam Ottley: 0 videos
[2026-02-25 12:10:03]   Brett from AI Automation Agency: 0 videos
[2026-02-25 12:10:03] Found 15 videos
[2026-02-25 12:10:03] Saved 0 new videos
[2026-02-25 12:10:03] Summary generated
[2026-02-25 12:10:03] Done
[2026-02-25 13:01:14] YouTube trends monitor starting...
[2026-02-25 13:01:14] Fetching YouTube feeds...
[2026-02-25 13:01:14]   Fireship: 15 videos
[2026-02-25 13:01:14]   Two Minute Papers: 15 videos
[2026-02-25 13:01:14]   Matt Wolfe: 15 videos
[2026-02-25 13:01:14]   AI Explained: 15 videos
[2026-02-25 13:01:14]   The AI Advantage: 0 videos
[2026-02-25 13:01:14]   Ali Abdaal: 15 videos
[2026-02-25 13:01:14]   Pat Flynn: 0 videos
[2026-02-25 13:01:14]   Dan Koe: 0 videos
[2026-02-25 13:01:15]   Liam Ottley: 0 videos
[2026-02-25 13:01:15]   Brett from AI Automation Agency: 0 videos
[2026-02-25 13:01:15] Found 15 videos
[2026-02-25 13:01:15] Saved 0 new videos
[2026-02-25 13:01:15] Summary generated
[2026-02-25 13:01:15] Done
[2026-02-25 18:10:01] YouTube trends monitor starting...
[2026-02-25 18:10:01] Fetching YouTube feeds...
[2026-02-25 18:10:01]   Fireship: 15 videos
[2026-02-25 18:10:01]   Two Minute Papers: 15 videos
[2026-02-25 18:10:01]   Matt Wolfe: 15 videos
[2026-02-25 18:10:01]   AI Explained: 15 videos
[2026-02-25 18:10:02]   The AI Advantage: 0 videos
[2026-02-25 18:10:02]   Ali Abdaal: 15 videos
[2026-02-25 18:10:02]   Pat Flynn: 0 videos
[2026-02-25 18:10:02]   Dan Koe: 0 videos
[2026-02-25 18:10:02]   Liam Ottley: 0 videos
[2026-02-25 18:10:02]   Brett from AI Automation Agency: 0 videos
[2026-02-25 18:10:02] Found 15 videos
[2026-02-25 18:10:02] Saved 1 new videos
[2026-02-25 18:10:02] Summary generated
[2026-02-25 18:10:02] Done
[2026-02-26 00:10:01] YouTube trends monitor starting...
[2026-02-26 00:10:01] Fetching YouTube feeds...
[2026-02-26 00:10:02]   Fireship: 15 videos
[2026-02-26 00:10:02]   Two Minute Papers: 15 videos
[2026-02-26 00:10:02]   Matt Wolfe: 15 videos
[2026-02-26 00:10:02]   AI Explained: 15 videos
[2026-02-26 00:10:02]   The AI Advantage: 0 videos
[2026-02-26 00:10:02]   Ali Abdaal: 15 videos
[2026-02-26 00:10:02]   Pat Flynn: 0 videos
[2026-02-26 00:10:02]   Dan Koe: 0 videos
[2026-02-26 00:10:03]   Liam Ottley: 0 videos
[2026-02-26 00:10:03]   Brett from AI Automation Agency: 0 videos
[2026-02-26 00:10:03] Found 15 videos
[2026-02-26 00:10:03] Saved 0 new videos
[2026-02-26 00:10:03] Summary generated
[2026-02-26 00:10:03] Done
[2026-02-26 06:10:01] YouTube trends monitor starting...
[2026-02-26 06:10:01] Fetching YouTube feeds...
[2026-02-26 06:10:01]   Fireship: 15 videos
[2026-02-26 06:10:01]   Two Minute Papers: 15 videos
[2026-02-26 06:10:01]   Matt Wolfe: 0 videos
[2026-02-26 06:10:01]   AI Explained: 15 videos
[2026-02-26 06:10:02]   The AI Advantage: 0 videos
[2026-02-26 06:10:02]   Ali Abdaal: 15 videos
[2026-02-26 06:10:02]   Pat Flynn: 0 videos
[2026-02-26 06:10:03]   Dan Koe: 0 videos
[2026-02-26 06:10:03]   Liam Ottley: 0 videos
[2026-02-26 06:10:03]   Brett from AI Automation Agency: 0 videos
[2026-02-26 06:10:03] Found 12 videos
[2026-02-26 06:10:03] Saved 0 new videos
[2026-02-26 06:10:03] Summary generated
[2026-02-26 06:10:03] Done
[2026-02-26 12:10:01] YouTube trends monitor starting...
[2026-02-26 12:10:01] Fetching YouTube feeds...
[2026-02-26 12:10:01]   Fireship: 15 videos
[2026-02-26 12:10:01]   Two Minute Papers: 15 videos
[2026-02-26 12:10:02]   Matt Wolfe: 15 videos
[2026-02-26 12:10:02]   AI Explained: 15 videos
[2026-02-26 12:10:02]   The AI Advantage: 0 videos
[2026-02-26 12:10:03]   Ali Abdaal: 15 videos
[2026-02-26 12:10:03]   Pat Flynn: 0 videos
[2026-02-26 12:10:04]   Dan Koe: 0 videos
[2026-02-26 12:10:05]   Liam Ottley: 0 videos
[2026-02-26 12:10:05]   Brett from AI Automation Agency: 0 videos
[2026-02-26 12:10:05] Found 15 videos
[2026-02-26 12:10:05] Saved 2 new videos
[2026-02-26 12:10:05] Summary generated
[2026-02-26 12:10:05] Done
[2026-02-26 13:01:12] YouTube trends monitor starting...
[2026-02-26 13:01:12] Fetching YouTube feeds...
[2026-02-26 13:01:12]   Fireship: 15 videos
[2026-02-26 13:01:12]   Two Minute Papers: 15 videos
[2026-02-26 13:01:13]   Matt Wolfe: 15 videos
[2026-02-26 13:01:13]   AI Explained: 15 videos
[2026-02-26 13:01:13]   The AI Advantage: 0 videos
[2026-02-26 13:01:13]   Ali Abdaal: 15 videos
[2026-02-26 13:01:13]   Pat Flynn: 0 videos
[2026-02-26 13:01:14]   Dan Koe: 0 videos
[2026-02-26 13:01:14]   Liam Ottley: 0 videos
[2026-02-26 13:01:14]   Brett from AI Automation Agency: 0 videos
[2026-02-26 13:01:14] Found 15 videos
[2026-02-26 13:01:14] Saved 0 new videos
[2026-02-26 13:01:14] Summary generated
[2026-02-26 13:01:14] Done
[2026-02-26 18:10:01] YouTube trends monitor starting...
[2026-02-26 18:10:01] Fetching YouTube feeds...
[2026-02-26 18:10:01]   Fireship: 15 videos
[2026-02-26 18:10:01]   Two Minute Papers: 15 videos
[2026-02-26 18:10:02]   Matt Wolfe: 15 videos
[2026-02-26 18:10:02]   AI Explained: 15 videos
[2026-02-26 18:10:02]   The AI Advantage: 0 videos
[2026-02-26 18:10:02]   Ali Abdaal: 15 videos
[2026-02-26 18:10:02]   Pat Flynn: 0 videos
[2026-02-26 18:10:02]   Dan Koe: 0 videos
[2026-02-26 18:10:03]   Liam Ottley: 0 videos
[2026-02-26 18:10:03]   Brett from AI Automation Agency: 0 videos
[2026-02-26 18:10:03] Found 15 videos
[2026-02-26 18:10:03] Saved 2 new videos
[2026-02-26 18:10:03] Summary generated
[2026-02-26 18:10:03] Done
[2026-02-27 00:10:02] YouTube trends monitor starting...
[2026-02-27 00:10:02] Fetching YouTube feeds...
[2026-02-27 00:10:02]   Fireship: 15 videos
[2026-02-27 00:10:02]   Two Minute Papers: 15 videos
[2026-02-27 00:10:02]   Matt Wolfe: 15 videos
[2026-02-27 00:10:02]   AI Explained: 15 videos
[2026-02-27 00:10:02]   The AI Advantage: 0 videos
[2026-02-27 00:10:02]   Ali Abdaal: 15 videos
[2026-02-27 00:10:02]   Pat Flynn: 0 videos
[2026-02-27 00:10:03]   Dan Koe: 0 videos
[2026-02-27 00:10:03]   Liam Ottley: 0 videos
[2026-02-27 00:10:03]   Brett from AI Automation Agency: 0 videos
[2026-02-27 00:10:03] Found 15 videos
[2026-02-27 00:10:03] Saved 1 new videos
[2026-02-27 00:10:03] Summary generated
[2026-02-27 00:10:03] Done
[2026-02-27 06:10:01] YouTube trends monitor starting...
[2026-02-27 06:10:01] Fetching YouTube feeds...
[2026-02-27 06:10:02]   Fireship: 0 videos
[2026-02-27 06:10:02]   Two Minute Papers: 15 videos
[2026-02-27 06:10:03]   Matt Wolfe: 0 videos
[2026-02-27 06:10:03]   AI Explained: 15 videos
[2026-02-27 06:10:04]   The AI Advantage: 0 videos
[2026-02-27 06:10:04]   Ali Abdaal: 15 videos
[2026-02-27 06:10:05]   Pat Flynn: 0 videos
[2026-02-27 06:10:05]   Dan Koe: 0 videos
[2026-02-27 06:10:06]   Liam Ottley: 0 videos
[2026-02-27 06:10:07]   Brett from AI Automation Agency: 0 videos
[2026-02-27 06:10:07] Found 9 videos
[2026-02-27 06:10:07] Saved 0 new videos
[2026-02-27 06:10:07] Summary generated
[2026-02-27 06:10:07] Done
[2026-02-27 12:10:01] YouTube trends monitor starting...
[2026-02-27 12:10:01] Fetching YouTube feeds...
[2026-02-27 12:10:01]   Fireship: 15 videos
[2026-02-27 12:10:01]   Two Minute Papers: 15 videos
[2026-02-27 12:10:01]   Matt Wolfe: 15 videos
[2026-02-27 12:10:01]   AI Explained: 15 videos
[2026-02-27 12:10:01]   The AI Advantage: 0 videos
[2026-02-27 12:10:02]   Ali Abdaal: 15 videos
[2026-02-27 12:10:02]   Pat Flynn: 0 videos
[2026-02-27 12:10:02]   Dan Koe: 0 videos
[2026-02-27 12:10:02]   Liam Ottley: 0 videos
[2026-02-27 12:10:02]   Brett from AI Automation Agency: 0 videos
[2026-02-27 12:10:02] Found 15 videos
[2026-02-27 12:10:02] Saved 2 new videos
[2026-02-27 12:10:02] Summary generated
[2026-02-27 12:10:02] Done
[2026-02-27 13:01:21] YouTube trends monitor starting...
[2026-02-27 13:01:21] Fetching YouTube feeds...
[2026-02-27 13:01:21]   Fireship: 15 videos
[2026-02-27 13:01:21]   Two Minute Papers: 15 videos
[2026-02-27 13:01:21]   Matt Wolfe: 15 videos
[2026-02-27 13:01:21]   AI Explained: 15 videos
[2026-02-27 13:01:22]   The AI Advantage: 0 videos
[2026-02-27 13:01:22]   Ali Abdaal: 15 videos
[2026-02-27 13:01:22]   Pat Flynn: 0 videos
[2026-02-27 13:01:22]   Dan Koe: 0 videos
[2026-02-27 13:01:23]   Liam Ottley: 0 videos
[2026-02-27 13:01:24]   Brett from AI Automation Agency: 0 videos
[2026-02-27 13:01:24] Found 15 videos
[2026-02-27 13:01:24] Saved 0 new videos
[2026-02-27 13:01:24] Summary generated
[2026-02-27 13:01:24] Done
[2026-02-27 18:10:01] YouTube trends monitor starting...
[2026-02-27 18:10:01] Fetching YouTube feeds...
[2026-02-27 18:10:01]   Fireship: 15 videos
[2026-02-27 18:10:01]   Two Minute Papers: 15 videos
[2026-02-27 18:10:02]   Matt Wolfe: 15 videos
[2026-02-27 18:10:02]   AI Explained: 15 videos
[2026-02-27 18:10:03]   The AI Advantage: 0 videos
[2026-02-27 18:10:03]   Ali Abdaal: 15 videos
[2026-02-27 18:10:03]   Pat Flynn: 0 videos
[2026-02-27 18:10:03]   Dan Koe: 0 videos
[2026-02-27 18:10:03]   Liam Ottley: 0 videos
[2026-02-27 18:10:04]   Brett from AI Automation Agency: 0 videos
[2026-02-27 18:10:04] Found 15 videos
[2026-02-27 18:10:04] Saved 2 new videos
[2026-02-27 18:10:04] Summary generated
[2026-02-27 18:10:04] Done
[2026-02-28 00:10:01] YouTube trends monitor starting...
[2026-02-28 00:10:01] Fetching YouTube feeds...
[2026-02-28 00:10:01]   Fireship: 15 videos
[2026-02-28 00:10:01]   Two Minute Papers: 15 videos
[2026-02-28 00:10:02]   Matt Wolfe: 15 videos
[2026-02-28 00:10:02]   AI Explained: 15 videos
[2026-02-28 00:10:02]   The AI Advantage: 0 videos
[2026-02-28 00:10:02]   Ali Abdaal: 15 videos
[2026-02-28 00:10:02]   Pat Flynn: 0 videos
[2026-02-28 00:10:02]   Dan Koe: 0 videos
[2026-02-28 00:10:02]   Liam Ottley: 0 videos
[2026-02-28 00:10:03]   Brett from AI Automation Agency: 0 videos
[2026-02-28 00:10:03] Found 15 videos
[2026-02-28 00:10:03] Saved 0 new videos
[2026-02-28 00:10:03] Summary generated
[2026-02-28 00:10:03] Done
[2026-02-28 06:10:02] YouTube trends monitor starting...
[2026-02-28 06:10:02] Fetching YouTube feeds...
[2026-02-28 06:10:02]   Fireship: 0 videos
[2026-02-28 06:10:02]   Two Minute Papers: 0 videos
[2026-02-28 06:10:02]   Matt Wolfe: 0 videos
[2026-02-28 06:10:03]   AI Explained: 0 videos
[2026-02-28 06:10:03]   The AI Advantage: 0 videos
[2026-02-28 06:10:03]   Ali Abdaal: 0 videos
[2026-02-28 06:10:03]   Pat Flynn: 0 videos
[2026-02-28 06:10:04]   Dan Koe: 0 videos
[2026-02-28 06:10:04]   Liam Ottley: 0 videos
[2026-02-28 06:10:04]   Brett from AI Automation Agency: 0 videos
[2026-02-28 06:10:04] Found 0 videos
[2026-02-28 06:10:04] Saved 0 new videos
[2026-02-28 06:10:04] Summary generated
[2026-02-28 06:10:04] Done
[2026-02-28 12:10:02] YouTube trends monitor starting...
[2026-02-28 12:10:02] Fetching YouTube feeds...
[2026-02-28 12:10:02]   Fireship: 15 videos
[2026-02-28 12:10:02]   Two Minute Papers: 15 videos
[2026-02-28 12:10:02]   Matt Wolfe: 15 videos
[2026-02-28 12:10:02]   AI Explained: 15 videos
[2026-02-28 12:10:02]   The AI Advantage: 0 videos
[2026-02-28 12:10:02]   Ali Abdaal: 15 videos
[2026-02-28 12:10:03]   Pat Flynn: 0 videos
[2026-02-28 12:10:03]   Dan Koe: 0 videos
[2026-02-28 12:10:03]   Liam Ottley: 0 videos
[2026-02-28 12:10:03]   Brett from AI Automation Agency: 0 videos
[2026-02-28 12:10:03] Found 15 videos
[2026-02-28 12:10:03] Saved 1 new videos
[2026-02-28 12:10:03] Summary generated
[2026-02-28 12:10:03] Done
[2026-02-28 13:01:08] YouTube trends monitor starting...
[2026-02-28 13:01:08] Fetching YouTube feeds...
[2026-02-28 13:01:08]   Fireship: 15 videos
[2026-02-28 13:01:08]   Two Minute Papers: 15 videos
[2026-02-28 13:01:08]   Matt Wolfe: 15 videos
[2026-02-28 13:01:08]   AI Explained: 15 videos
[2026-02-28 13:01:08]   The AI Advantage: 0 videos
[2026-02-28 13:01:08]   Ali Abdaal: 15 videos
[2026-02-28 13:01:09]   Pat Flynn: 0 videos
[2026-02-28 13:01:09]   Dan Koe: 0 videos
[2026-02-28 13:01:10]   Liam Ottley: 0 videos
[2026-02-28 13:01:10]   Brett from AI Automation Agency: 0 videos
[2026-02-28 13:01:10] Found 15 videos
[2026-02-28 13:01:10] Saved 0 new videos
[2026-02-28 13:01:10] Summary generated
[2026-02-28 13:01:10] Done
[2026-02-28 18:10:01] YouTube trends monitor starting...
[2026-02-28 18:10:01] Fetching YouTube feeds...
[2026-02-28 18:10:01]   Fireship: 15 videos
[2026-02-28 18:10:01]   Two Minute Papers: 15 videos
[2026-02-28 18:10:01]   Matt Wolfe: 15 videos
[2026-02-28 18:10:01]   AI Explained: 15 videos
[2026-02-28 18:10:01]   The AI Advantage: 0 videos
[2026-02-28 18:10:02]   Ali Abdaal: 15 videos
[2026-02-28 18:10:02]   Pat Flynn: 0 videos
[2026-02-28 18:10:02]   Dan Koe: 0 videos
[2026-02-28 18:10:02]   Liam Ottley: 0 videos
[2026-02-28 18:10:02]   Brett from AI Automation Agency: 0 videos
[2026-02-28 18:10:02] Found 15 videos
[2026-02-28 18:10:02] Saved 0 new videos
[2026-02-28 18:10:02] Summary generated
[2026-02-28 18:10:02] Done
[2026-03-01 00:10:01] YouTube trends monitor starting...
[2026-03-01 00:10:01] Fetching YouTube feeds...
[2026-03-01 00:10:01]   Fireship: 15 videos
[2026-03-01 00:10:01]   Two Minute Papers: 15 videos
[2026-03-01 00:10:01]   Matt Wolfe: 15 videos
[2026-03-01 00:10:01]   AI Explained: 15 videos
[2026-03-01 00:10:01]   The AI Advantage: 0 videos
[2026-03-01 00:10:02]   Ali Abdaal: 15 videos
[2026-03-01 00:10:02]   Pat Flynn: 0 videos
[2026-03-01 00:10:02]   Dan Koe: 0 videos
[2026-03-01 00:10:02]   Liam Ottley: 0 videos
[2026-03-01 00:10:02]   Brett from AI Automation Agency: 0 videos
[2026-03-01 00:10:02] Found 15 videos
[2026-03-01 00:10:02] Saved 0 new videos
[2026-03-01 00:10:02] Summary generated
[2026-03-01 00:10:02] Done
[2026-03-01 06:10:01] YouTube trends monitor starting...
[2026-03-01 06:10:01] Fetching YouTube feeds...
[2026-03-01 06:10:02]   Fireship: 0 videos
[2026-03-01 06:10:02]   Two Minute Papers: 0 videos
[2026-03-01 06:10:02]   Matt Wolfe: 0 videos
[2026-03-01 06:10:02]   AI Explained: 0 videos
[2026-03-01 06:10:02]   The AI Advantage: 0 videos
[2026-03-01 06:10:03]   Ali Abdaal: 0 videos
[2026-03-01 06:10:03]   Pat Flynn: 0 videos
[2026-03-01 06:10:03]   Dan Koe: 0 videos
[2026-03-01 06:10:03]   Liam Ottley: 0 videos
[2026-03-01 06:10:03]   Brett from AI Automation Agency: 0 videos
[2026-03-01 06:10:03] Found 0 videos
[2026-03-01 06:10:03] Saved 0 new videos
[2026-03-01 06:10:03] Summary generated
[2026-03-01 06:10:03] Done
[2026-03-01 12:10:01] YouTube trends monitor starting...
[2026-03-01 12:10:01] Fetching YouTube feeds...
[2026-03-01 12:10:01]   Fireship: 15 videos
[2026-03-01 12:10:01]   Two Minute Papers: 15 videos
[2026-03-01 12:10:02]   Matt Wolfe: 15 videos
[2026-03-01 12:10:02]   AI Explained: 15 videos
[2026-03-01 12:10:02]   The AI Advantage: 0 videos
[2026-03-01 12:10:02]   Ali Abdaal: 15 videos
[2026-03-01 12:10:03]   Pat Flynn: 0 videos
[2026-03-01 12:10:04]   Dan Koe: 0 videos
[2026-03-01 12:10:04]   Liam Ottley: 0 videos
[2026-03-01 12:10:04]   Brett from AI Automation Agency: 0 videos
[2026-03-01 12:10:04] Found 15 videos
[2026-03-01 12:10:04] Saved 1 new videos
[2026-03-01 12:10:04] Summary generated
[2026-03-01 12:10:04] Done
[2026-03-01 13:01:02] YouTube trends monitor starting...
[2026-03-01 13:01:02] Fetching YouTube feeds...
[2026-03-01 13:01:02]   Fireship: 15 videos
[2026-03-01 13:01:02]   Two Minute Papers: 15 videos
[2026-03-01 13:01:02]   Matt Wolfe: 15 videos
[2026-03-01 13:01:02]   AI Explained: 15 videos
[2026-03-01 13:01:03]   The AI Advantage: 0 videos
[2026-03-01 13:01:03]   Ali Abdaal: 15 videos
[2026-03-01 13:01:04]   Pat Flynn: 0 videos
[2026-03-01 13:01:04]   Dan Koe: 0 videos
[2026-03-01 13:01:05]   Liam Ottley: 0 videos
[2026-03-01 13:01:05]   Brett from AI Automation Agency: 0 videos
[2026-03-01 13:01:05] Found 15 videos
[2026-03-01 13:01:05] Saved 0 new videos
[2026-03-01 13:01:05] Summary generated
[2026-03-01 13:01:05] Done
[2026-03-01 18:10:01] YouTube trends monitor starting...
[2026-03-01 18:10:01] Fetching YouTube feeds...
[2026-03-01 18:10:02]   Fireship: 15 videos
[2026-03-01 18:10:02]   Two Minute Papers: 15 videos
[2026-03-01 18:10:02]   Matt Wolfe: 15 videos
[2026-03-01 18:10:02]   AI Explained: 15 videos
[2026-03-01 18:10:02]   The AI Advantage: 0 videos
[2026-03-01 18:10:02]   Ali Abdaal: 15 videos
[2026-03-01 18:10:03]   Pat Flynn: 0 videos
[2026-03-01 18:10:03]   Dan Koe: 0 videos
[2026-03-01 18:10:04]   Liam Ottley: 0 videos
[2026-03-01 18:10:04]   Brett from AI Automation Agency: 0 videos
[2026-03-01 18:10:04] Found 15 videos
[2026-03-01 18:10:04] Saved 1 new videos
[2026-03-01 18:10:04] Summary generated
[2026-03-01 18:10:04] Done
[2026-03-02 00:10:01] YouTube trends monitor starting...
[2026-03-02 00:10:01] Fetching YouTube feeds...
[2026-03-02 00:10:01]   Fireship: 15 videos
[2026-03-02 00:10:01]   Two Minute Papers: 15 videos
[2026-03-02 00:10:01]   Matt Wolfe: 15 videos
[2026-03-02 00:10:01]   AI Explained: 15 videos
[2026-03-02 00:10:01]   The AI Advantage: 0 videos
[2026-03-02 00:10:02]   Ali Abdaal: 15 videos
[2026-03-02 00:10:02]   Pat Flynn: 0 videos
[2026-03-02 00:10:02]   Dan Koe: 0 videos
[2026-03-02 00:10:02]   Liam Ottley: 0 videos
[2026-03-02 00:10:02]   Brett from AI Automation Agency: 0 videos
[2026-03-02 00:10:02] Found 15 videos
[2026-03-02 00:10:02] Saved 1 new videos
[2026-03-02 00:10:02] Summary generated
[2026-03-02 00:10:02] Done
[2026-03-02 06:10:01] YouTube trends monitor starting...
[2026-03-02 06:10:01] Fetching YouTube feeds...
[2026-03-02 06:10:01]   Fireship: 15 videos
[2026-03-02 06:10:01]   Two Minute Papers: 15 videos
[2026-03-02 06:10:01]   Matt Wolfe: 15 videos
[2026-03-02 06:10:01]   AI Explained: 15 videos
[2026-03-02 06:10:01]   The AI Advantage: 0 videos
[2026-03-02 06:10:01]   Ali Abdaal: 15 videos
[2026-03-02 06:10:02]   Pat Flynn: 0 videos
[2026-03-02 06:10:02]   Dan Koe: 0 videos
[2026-03-02 06:10:03]   Liam Ottley: 0 videos
[2026-03-02 06:10:03]   Brett from AI Automation Agency: 0 videos
[2026-03-02 06:10:03] Found 15 videos
[2026-03-02 06:10:03] Saved 2 new videos
[2026-03-02 06:10:03] Summary generated
[2026-03-02 06:10:03] Done
[2026-03-02 12:10:01] YouTube trends monitor starting...
[2026-03-02 12:10:01] Fetching YouTube feeds...
[2026-03-02 12:10:02]   Fireship: 15 videos
[2026-03-02 12:10:02]   Two Minute Papers: 15 videos
[2026-03-02 12:10:02]   Matt Wolfe: 15 videos
[2026-03-02 12:10:02]   AI Explained: 15 videos
[2026-03-02 12:10:03]   The AI Advantage: 0 videos
[2026-03-02 12:10:03]   Ali Abdaal: 15 videos
[2026-03-02 12:10:03]   Pat Flynn: 0 videos
[2026-03-02 12:10:04]   Dan Koe: 0 videos
[2026-03-02 12:10:04]   Liam Ottley: 0 videos
[2026-03-02 12:10:05]   Brett from AI Automation Agency: 0 videos
[2026-03-02 12:10:05] Found 15 videos
[2026-03-02 12:10:05] Saved 1 new videos
[2026-03-02 12:10:05] Summary generated
[2026-03-02 12:10:05] Done
[2026-03-02 13:01:37] YouTube trends monitor starting...
[2026-03-02 13:01:37] Fetching YouTube feeds...
[2026-03-02 13:01:37]   Fireship: 15 videos
[2026-03-02 13:01:37]   Two Minute Papers: 15 videos
[2026-03-02 13:01:37]   Matt Wolfe: 15 videos
[2026-03-02 13:01:37]   AI Explained: 15 videos
[2026-03-02 13:01:37]   The AI Advantage: 0 videos
[2026-03-02 13:01:38]   Ali Abdaal: 15 videos
[2026-03-02 13:01:38]   Pat Flynn: 0 videos
[2026-03-02 13:01:38]   Dan Koe: 0 videos
[2026-03-02 13:01:38]   Liam Ottley: 0 videos
[2026-03-02 13:01:39]   Brett from AI Automation Agency: 0 videos
[2026-03-02 13:01:39] Found 15 videos
[2026-03-02 13:01:39] Saved 0 new videos
[2026-03-02 13:01:39] Summary generated
[2026-03-02 13:01:39] Done
[2026-03-02 18:10:01] YouTube trends monitor starting...
[2026-03-02 18:10:01] Fetching YouTube feeds...
[2026-03-02 18:10:02]   Fireship: 15 videos
[2026-03-02 18:10:02]   Two Minute Papers: 15 videos
[2026-03-02 18:10:02]   Matt Wolfe: 15 videos
[2026-03-02 18:10:02]   AI Explained: 15 videos
[2026-03-02 18:10:03]   The AI Advantage: 0 videos
[2026-03-02 18:10:03]   Ali Abdaal: 15 videos
[2026-03-02 18:10:03]   Pat Flynn: 0 videos
[2026-03-02 18:10:03]   Dan Koe: 0 videos
[2026-03-02 18:10:03]   Liam Ottley: 0 videos
[2026-03-02 18:10:03]   Brett from AI Automation Agency: 0 videos
[2026-03-02 18:10:03] Found 15 videos
[2026-03-02 18:10:03] Saved 2 new videos
[2026-03-02 18:10:04] Summary generated
[2026-03-02 18:10:04] Done
[2026-03-03 00:10:01] YouTube trends monitor starting...
[2026-03-03 00:10:01] Fetching YouTube feeds...
[2026-03-03 00:10:01]   Fireship: 15 videos
[2026-03-03 00:10:01]   Two Minute Papers: 15 videos
[2026-03-03 00:10:01]   Matt Wolfe: 15 videos
[2026-03-03 00:10:01]   AI Explained: 15 videos
[2026-03-03 00:10:02]   The AI Advantage: 0 videos
[2026-03-03 00:10:02]   Ali Abdaal: 15 videos
[2026-03-03 00:10:02]   Pat Flynn: 0 videos
[2026-03-03 00:10:02]   Dan Koe: 0 videos
[2026-03-03 00:10:02]   Liam Ottley: 0 videos
[2026-03-03 00:10:02]   Brett from AI Automation Agency: 0 videos
[2026-03-03 00:10:02] Found 15 videos
[2026-03-03 00:10:02] Saved 2 new videos
[2026-03-03 00:10:02] Summary generated
[2026-03-03 00:10:02] Done
[2026-03-03 06:10:01] YouTube trends monitor starting...
[2026-03-03 06:10:01] Fetching YouTube feeds...
[2026-03-03 06:10:01]   Fireship: 15 videos
[2026-03-03 06:10:01]   Two Minute Papers: 15 videos
[2026-03-03 06:10:02]   Matt Wolfe: 0 videos
[2026-03-03 06:10:02]   AI Explained: 15 videos
[2026-03-03 06:10:02]   The AI Advantage: 0 videos
[2026-03-03 06:10:02]   Ali Abdaal: 15 videos
[2026-03-03 06:10:03]   Pat Flynn: 0 videos
[2026-03-03 06:10:03]   Dan Koe: 0 videos
[2026-03-03 06:10:03]   Liam Ottley: 0 videos
[2026-03-03 06:10:04]   Brett from AI Automation Agency: 0 videos
[2026-03-03 06:10:04] Found 12 videos
[2026-03-03 06:10:04] Saved 0 new videos
[2026-03-03 06:10:04] Summary generated
[2026-03-03 06:10:04] Done
[2026-03-03 12:10:01] YouTube trends monitor starting...
[2026-03-03 12:10:01] Fetching YouTube feeds...
[2026-03-03 12:10:02]   Fireship: 15 videos
[2026-03-03 12:10:02]   Two Minute Papers: 15 videos
[2026-03-03 12:10:02]   Matt Wolfe: 15 videos
[2026-03-03 12:10:02]   AI Explained: 15 videos
[2026-03-03 12:10:02]   The AI Advantage: 0 videos
[2026-03-03 12:10:02]   Ali Abdaal: 15 videos
[2026-03-03 12:10:02]   Pat Flynn: 0 videos
[2026-03-03 12:10:03]   Dan Koe: 0 videos
[2026-03-03 12:10:03]   Liam Ottley: 0 videos
[2026-03-03 12:10:03]   Brett from AI Automation Agency: 0 videos
[2026-03-03 12:10:03] Found 15 videos
[2026-03-03 12:10:03] Saved 3 new videos
[2026-03-03 12:10:03] Summary generated
[2026-03-03 12:10:03] Done
[2026-03-03 13:01:16] YouTube trends monitor starting...
[2026-03-03 13:01:16] Fetching YouTube feeds...
[2026-03-03 13:01:16]   Fireship: 15 videos
[2026-03-03 13:01:16]   Two Minute Papers: 15 videos
[2026-03-03 13:01:16]   Matt Wolfe: 15 videos
[2026-03-03 13:01:17]   AI Explained: 15 videos
[2026-03-03 13:01:17]   The AI Advantage: 0 videos
[2026-03-03 13:01:17]   Ali Abdaal: 15 videos
[2026-03-03 13:01:18]   Pat Flynn: 0 videos
[2026-03-03 13:01:19]   Dan Koe: 0 videos
[2026-03-03 13:01:19]   Liam Ottley: 0 videos
[2026-03-03 13:01:19]   Brett from AI Automation Agency: 0 videos
[2026-03-03 13:01:19] Found 15 videos
[2026-03-03 13:01:19] Saved 0 new videos
[2026-03-03 13:01:19] Summary generated
[2026-03-03 13:01:19] Done
[2026-03-03 18:10:02] YouTube trends monitor starting...
[2026-03-03 18:10:02] Fetching YouTube feeds...
[2026-03-03 18:10:02]   Fireship: 15 videos
[2026-03-03 18:10:02]   Two Minute Papers: 15 videos
[2026-03-03 18:10:02]   Matt Wolfe: 15 videos
[2026-03-03 18:10:02]   AI Explained: 15 videos
[2026-03-03 18:10:02]   The AI Advantage: 0 videos
[2026-03-03 18:10:02]   Ali Abdaal: 15 videos
[2026-03-03 18:10:03]   Pat Flynn: 0 videos
[2026-03-03 18:10:03]   Dan Koe: 0 videos
[2026-03-03 18:10:03]   Liam Ottley: 0 videos
[2026-03-03 18:10:04]   Brett from AI Automation Agency: 0 videos
[2026-03-03 18:10:04] Found 15 videos
[2026-03-03 18:10:04] Saved 2 new videos
[2026-03-03 18:10:04] Summary generated
[2026-03-03 18:10:04] Done
[2026-03-04 00:10:01] YouTube trends monitor starting...
[2026-03-04 00:10:01] Fetching YouTube feeds...
[2026-03-04 00:10:01]   Fireship: 15 videos
[2026-03-04 00:10:02]   Two Minute Papers: 15 videos
[2026-03-04 00:10:02]   Matt Wolfe: 15 videos
[2026-03-04 00:10:02]   AI Explained: 15 videos
[2026-03-04 00:10:02]   The AI Advantage: 0 videos
[2026-03-04 00:10:02]   Ali Abdaal: 15 videos
[2026-03-04 00:10:02]   Pat Flynn: 0 videos
[2026-03-04 00:10:03]   Dan Koe: 0 videos
[2026-03-04 00:10:03]   Liam Ottley: 0 videos
[2026-03-04 00:10:03]   Brett from AI Automation Agency: 0 videos
[2026-03-04 00:10:03] Found 15 videos
[2026-03-04 00:10:03] Saved 1 new videos
[2026-03-04 00:10:03] Summary generated
[2026-03-04 00:10:03] Done
[2026-03-04 06:10:01] YouTube trends monitor starting...
[2026-03-04 06:10:01] Fetching YouTube feeds...
[2026-03-04 06:10:01]   Fireship: 15 videos
[2026-03-04 06:10:01]   Two Minute Papers: 15 videos
[2026-03-04 06:10:01]   Matt Wolfe: 15 videos
[2026-03-04 06:10:02]   AI Explained: 15 videos
[2026-03-04 06:10:02]   The AI Advantage: 0 videos
[2026-03-04 06:10:02]   Ali Abdaal: 15 videos
[2026-03-04 06:10:02]   Pat Flynn: 0 videos
[2026-03-04 06:10:03]   Dan Koe: 0 videos
[2026-03-04 06:10:03]   Liam Ottley: 0 videos
[2026-03-04 06:10:04]   Brett from AI Automation Agency: 0 videos
[2026-03-04 06:10:04] Found 15 videos
[2026-03-04 06:10:04] Saved 0 new videos
[2026-03-04 06:10:04] Summary generated
[2026-03-04 06:10:04] Done
[2026-03-04 12:10:01] YouTube trends monitor starting...
[2026-03-04 12:10:01] Fetching YouTube feeds...
[2026-03-04 12:10:01]   Fireship: 15 videos
[2026-03-04 12:10:01]   Two Minute Papers: 15 videos
[2026-03-04 12:10:02]   Matt Wolfe: 15 videos
[2026-03-04 12:10:02]   AI Explained: 15 videos
[2026-03-04 12:10:02]   The AI Advantage: 0 videos
[2026-03-04 12:10:02]   Ali Abdaal: 15 videos
[2026-03-04 12:10:02]   Pat Flynn: 0 videos
[2026-03-04 12:10:02]   Dan Koe: 0 videos
[2026-03-04 12:10:03]   Liam Ottley: 0 videos
[2026-03-04 12:10:03]   Brett from AI Automation Agency: 0 videos
[2026-03-04 12:10:03] Found 15 videos
[2026-03-04 12:10:03] Saved 1 new videos
[2026-03-04 12:10:03] Summary generated
[2026-03-04 12:10:03] Done
[2026-03-04 13:01:25] YouTube trends monitor starting...
[2026-03-04 13:01:26] Fetching YouTube feeds...
[2026-03-04 13:01:26]   Fireship: 15 videos
[2026-03-04 13:01:26]   Two Minute Papers: 15 videos
[2026-03-04 13:01:26]   Matt Wolfe: 15 videos
[2026-03-04 13:01:26]   AI Explained: 15 videos
[2026-03-04 13:01:26]   The AI Advantage: 0 videos
[2026-03-04 13:01:26]   Ali Abdaal: 15 videos
[2026-03-04 13:01:27]   Pat Flynn: 0 videos
[2026-03-04 13:01:27]   Dan Koe: 0 videos
[2026-03-04 13:01:27]   Liam Ottley: 0 videos
[2026-03-04 13:01:27]   Brett from AI Automation Agency: 0 videos
[2026-03-04 13:01:27] Found 15 videos
[2026-03-04 13:01:27] Saved 0 new videos
[2026-03-04 13:01:27] Summary generated
[2026-03-04 13:01:27] Done
[2026-03-04 18:10:01] YouTube trends monitor starting...
[2026-03-04 18:10:01] Fetching YouTube feeds...
[2026-03-04 18:10:01]   Fireship: 15 videos
[2026-03-04 18:10:01]   Two Minute Papers: 15 videos
[2026-03-04 18:10:02]   Matt Wolfe: 15 videos
[2026-03-04 18:10:02]   AI Explained: 15 videos
[2026-03-04 18:10:02]   The AI Advantage: 0 videos
[2026-03-04 18:10:02]   Ali Abdaal: 15 videos
[2026-03-04 18:10:02]   Pat Flynn: 0 videos
[2026-03-04 18:10:02]   Dan Koe: 0 videos
[2026-03-04 18:10:03]   Liam Ottley: 0 videos
[2026-03-04 18:10:03]   Brett from AI Automation Agency: 0 videos
[2026-03-04 18:10:03] Found 15 videos
[2026-03-04 18:10:03] Saved 2 new videos
[2026-03-04 18:10:03] Summary generated
[2026-03-04 18:10:03] Done
[2026-03-05 00:10:01] YouTube trends monitor starting...
[2026-03-05 00:10:01] Fetching YouTube feeds...
[2026-03-05 00:10:01]   Fireship: 15 videos
[2026-03-05 00:10:01]   Two Minute Papers: 15 videos
[2026-03-05 00:10:01]   Matt Wolfe: 15 videos
[2026-03-05 00:10:01]   AI Explained: 15 videos
[2026-03-05 00:10:02]   The AI Advantage: 0 videos
[2026-03-05 00:10:02]   Ali Abdaal: 15 videos
[2026-03-05 00:10:02]   Pat Flynn: 0 videos
[2026-03-05 00:10:02]   Dan Koe: 0 videos
[2026-03-05 00:10:02]   Liam Ottley: 0 videos
[2026-03-05 00:10:03]   Brett from AI Automation Agency: 0 videos
[2026-03-05 00:10:03] Found 15 videos
[2026-03-05 00:10:03] Saved 1 new videos
[2026-03-05 00:10:03] Summary generated
[2026-03-05 00:10:03] Done
[2026-03-05 06:10:01] YouTube trends monitor starting...
[2026-03-05 06:10:01] Fetching YouTube feeds...
[2026-03-05 06:10:02]   Fireship: 0 videos
[2026-03-05 06:10:02]   Two Minute Papers: 0 videos
[2026-03-05 06:10:03]   Matt Wolfe: 0 videos
[2026-03-05 06:10:03]   AI Explained: 15 videos
[2026-03-05 06:10:04]   The AI Advantage: 0 videos
[2026-03-05 06:10:04]   Ali Abdaal: 0 videos
[2026-03-05 06:10:04]   Pat Flynn: 0 videos
[2026-03-05 06:10:05]   Dan Koe: 0 videos
[2026-03-05 06:10:06]   Liam Ottley: 0 videos
[2026-03-05 06:10:07]   Brett from AI Automation Agency: 0 videos
[2026-03-05 06:10:07] Found 3 videos
[2026-03-05 06:10:07] Saved 0 new videos
[2026-03-05 06:10:07] Summary generated
[2026-03-05 06:10:07] Done
[2026-03-05 12:10:01] YouTube trends monitor starting...
[2026-03-05 12:10:01] Fetching YouTube feeds...
[2026-03-05 12:10:01]   Fireship: 15 videos
[2026-03-05 12:10:01]   Two Minute Papers: 15 videos
[2026-03-05 12:10:02]   Matt Wolfe: 15 videos
[2026-03-05 12:10:02]   AI Explained: 15 videos
[2026-03-05 12:10:03]   The AI Advantage: 0 videos
[2026-03-05 12:10:04]   Ali Abdaal: 15 videos
[2026-03-05 12:10:04]   Pat Flynn: 0 videos
[2026-03-05 12:10:04]   Dan Koe: 0 videos
[2026-03-05 12:10:05]   Liam Ottley: 0 videos
[2026-03-05 12:10:05]   Brett from AI Automation Agency: 0 videos
[2026-03-05 12:10:05] Found 15 videos
[2026-03-05 12:10:05] Saved 2 new videos
[2026-03-05 12:10:05] Summary generated
[2026-03-05 12:10:05] Done
